[main] INFO nl.utwente.fmt.rers.Main - hostname: ctit018.ewi.utwente.nl
[main] INFO nl.utwente.fmt.rers.Main - commandline is: -c -t3600 -m15.0 -u20 3 RivestSchapire -M -B -D
[main] INFO nl.utwente.fmt.rers.Main - multiplier is: 15.0
[main] INFO nl.utwente.fmt.rers.Main - minimum unfolds is : 20
[main] INFO nl.utwente.fmt.rers.RERSExperiment - Parsed formula #0: ((false R !(letter == "D")) || (!(letter == "D") U ((letter == "D") && (!(true U ((letter == "W") && X (true U (letter == "Z")))) || (!(letter == "W") U (letter == "G"))))))
[main] INFO nl.utwente.fmt.rers.RERSExperiment - Parsed formula #1: (!(true U (letter == "T")) || ((!(letter == "H") || (!(letter == "T") U ((((letter == "W") && !(letter == "T")) && !(letter == "Y")) && X ((!(letter == "T") && !(letter == "Y")) U (letter == "R"))))) U (letter == "T")))
[main] INFO nl.utwente.fmt.rers.RERSExperiment - Parsed formula #2: ((false R !(letter == "K")) || (!(letter == "K") U ((letter == "K") && (!(true U (letter == "W")) || (!(letter == "W") U (((letter == "T") && !(letter == "W")) && X (!(letter == "W") U (letter == "Y"))))))))
[main] INFO nl.utwente.fmt.rers.RERSExperiment - Parsed formula #3: (false R (!(letter == "U") || ((!(((letter == "Y") && !(letter == "R")) && X (!(letter == "R") U ((letter == "V") && !(letter == "R")))) U ((letter == "R") || (letter == "A"))) || (false R !((letter == "Y") && X (true U (letter == "V")))))))
[main] INFO nl.utwente.fmt.rers.RERSExperiment - Parsed formula #4: (false R (!((letter == "L") && (true U (letter == "U"))) || (!(letter == "P") U ((letter == "U") || (((letter == "Q") && !(letter == "P")) && X (!(letter == "P") U (letter == "Y")))))))
[main] INFO nl.utwente.fmt.rers.RERSExperiment - Parsed formula #5: (false R (!(((letter == "E") && !(letter == "P")) && (true U (letter == "P"))) || (!(letter == "R") U ((letter == "G") || (letter == "P")))))
[main] INFO nl.utwente.fmt.rers.RERSExperiment - Parsed formula #6: (false R (!(((letter == "C") && !(letter == "H")) && (true U (letter == "H"))) || ((!(letter == "D") || (!(letter == "H") U ((letter == "V") && !(letter == "H")))) U (letter == "H"))))
[main] INFO nl.utwente.fmt.rers.RERSExperiment - Parsed formula #7: (false R (!(letter == "X") || (false R (!(letter == "K") || (((letter == "P") && !(letter == "Y")) && X (!(letter == "Y") U (letter == "W")))))))
[main] INFO nl.utwente.fmt.rers.RERSExperiment - Parsed formula #8: (false R (!(letter == "H") || ((!(letter == "D") || (!(letter == "C") U (((letter == "Y") && !(letter == "C")) && X (!(letter == "C") U (letter == "S"))))) U ((letter == "C") || (false R (!(letter == "D") || ((letter == "Y") && X (true U (letter == "S")))))))))
[main] INFO nl.utwente.fmt.rers.RERSExperiment - Parsed formula #9: (!(true U (letter == "G")) || ((!(letter == "A") || (!(letter == "G") U (((letter == "R") && !(letter == "G")) && X (!(letter == "G") U (letter == "S"))))) U (letter == "G")))
[main] INFO nl.utwente.fmt.rers.RERSExperiment - Parsed formula #10: (!(true U (letter == "F")) || (!(letter == "W") U ((letter == "F") || (((letter == "L") && !(letter == "W")) && X (!(letter == "W") U (letter == "X"))))))
[main] INFO nl.utwente.fmt.rers.RERSExperiment - Parsed formula #11: (false R (!((letter == "L") && (true U (letter == "E"))) || ((!(letter == "B") || (!(letter == "E") U ((((letter == "W") && !(letter == "E")) && !(letter == "S")) && X ((!(letter == "E") && !(letter == "S")) U (letter == "Z"))))) U (letter == "E"))))
[main] INFO nl.utwente.fmt.rers.RERSExperiment - Parsed formula #12: (!(letter == "Q") W (letter == "L"))
[main] INFO nl.utwente.fmt.rers.RERSExperiment - Parsed formula #13: (false R (!(letter == "P") || (false R (!(letter == "F") || (true U (letter == "Q"))))))
[main] INFO nl.utwente.fmt.rers.RERSExperiment - Parsed formula #14: (false R (!(letter == "W") || (!(true U (letter == "X")) || (!(letter == "X") U ((letter == "R") || (((letter == "N") && !(letter == "X")) && X (!(letter == "X") U (letter == "A"))))))))
[main] INFO nl.utwente.fmt.rers.RERSExperiment - Parsed formula #15: (false R (!((letter == "Y") && (true U (letter == "U"))) || (!(letter == "Z") U ((letter == "U") || (((letter == "O") && !(letter == "Z")) && X (!(letter == "Z") U (letter == "R")))))))
[main] INFO nl.utwente.fmt.rers.RERSExperiment - Parsed formula #16: (!(true U (letter == "A")) || (((letter == "L") && (!X (!(letter == "A") U (letter == "J")) || X (!(letter == "A") U ((letter == "J") && (true U (letter == "X")))))) U (letter == "A")))
[main] INFO nl.utwente.fmt.rers.RERSExperiment - Parsed formula #17: (false R (!(letter == "R") || (false R (!(letter == "A") || ((letter == "Z") && X (true U (letter == "P")))))))
[main] INFO nl.utwente.fmt.rers.RERSExperiment - Parsed formula #18: (false R (!((letter == "I") && (true U (letter == "J"))) || (!(letter == "P") U ((letter == "J") || (((letter == "S") && !(letter == "P")) && X (!(letter == "P") U (letter == "M")))))))
[main] INFO nl.utwente.fmt.rers.RERSExperiment - Parsed formula #19: ((false R !(letter == "S")) || (!(letter == "S") U ((letter == "S") && (!(true U (letter == "W")) || (!(letter == "W") U (((letter == "Q") && !(letter == "W")) && X (!(letter == "W") U (letter == "A"))))))))
[main] INFO nl.utwente.fmt.rers.RERSExperiment - Parsed formula #20: (false R (!(letter == "W") || (false R (!(letter == "O") || ((letter == "Z") && X (true U (letter == "T")))))))
[main] INFO nl.utwente.fmt.rers.RERSExperiment - Parsed formula #21: (false R (!((letter == "I") && (true U (letter == "D"))) || (((letter == "E") && (!X (!(letter == "D") U (letter == "B")) || X (!(letter == "D") U ((letter == "B") && (true U (letter == "W")))))) U (letter == "D"))))
[main] INFO nl.utwente.fmt.rers.RERSExperiment - Parsed formula #22: (false R ((letter == "R") && (!!(letter == "O") || (!(letter == "Q") W ((letter == "N") || (letter == "O"))))))
[main] INFO nl.utwente.fmt.rers.RERSExperiment - Parsed formula #23: (!(true U (letter == "E")) || ((!(letter == "L") || (!(letter == "E") U ((letter == "S") && !(letter == "E")))) U (letter == "E")))
[main] INFO nl.utwente.fmt.rers.RERSExperiment - Parsed formula #24: (false R (!((letter == "P") && (true U (letter == "W"))) || (!(((letter == "T") && !(letter == "W")) && X (!(letter == "W") U ((letter == "Z") && !(letter == "W")))) U ((letter == "W") || (letter == "R")))))
[main] INFO nl.utwente.fmt.rers.RERSExperiment - Parsed formula #25: (false R (!(letter == "U") || (false R (!(letter == "N") || (((letter == "X") && !(letter == "S")) && X (!(letter == "S") U (letter == "V")))))))
[main] INFO nl.utwente.fmt.rers.RERSExperiment - Parsed formula #26: (false R ((letter == "N") && (!X (true U (letter == "L")) || X (true U ((letter == "L") && (true U (letter == "W")))))))
[main] INFO nl.utwente.fmt.rers.RERSExperiment - Parsed formula #27: (false R (!((letter == "I") && (true U (letter == "T"))) || ((!(letter == "K") || (!(letter == "T") U ((((letter == "X") && !(letter == "T")) && !(letter == "U")) && X ((!(letter == "T") && !(letter == "U")) U (letter == "Z"))))) U (letter == "T"))))
[main] INFO nl.utwente.fmt.rers.RERSExperiment - Parsed formula #28: (false R (!(letter == "K") || ((!(letter == "F") || (!(letter == "P") U ((((letter == "X") && !(letter == "P")) && !(letter == "Q")) && X ((!(letter == "P") && !(letter == "Q")) U (letter == "Z"))))) U ((letter == "P") || (false R (!(letter == "F") || (((letter == "X") && !(letter == "Q")) && X (!(letter == "Q") U (letter == "Z")))))))))
[main] INFO nl.utwente.fmt.rers.RERSExperiment - Parsed formula #29: (false R (!(((letter == "S") && !(letter == "K")) && (true U (letter == "K"))) || (!(letter == "Y") U ((letter == "F") || (letter == "K")))))
[main] INFO nl.utwente.fmt.rers.RERSExperiment - Parsed formula #30: (false R (!(letter == "C") || (false R ((letter == "O") && (!X (true U (letter == "N")) || X (!(letter == "N") U ((letter == "N") && (true U (letter == "V")))))))))
[main] INFO nl.utwente.fmt.rers.RERSExperiment - Parsed formula #31: ((false R !(letter == "Y")) || (!(letter == "Y") U ((letter == "Y") && (!(true U ((letter == "Q") && X (true U (letter == "V")))) || (!(letter == "Q") U (letter == "D"))))))
[main] INFO nl.utwente.fmt.rers.RERSExperiment - Parsed formula #32: ((false R !(letter == "J")) || (!(letter == "J") U ((letter == "J") && (!(true U (letter == "Q")) || (!(letter == "Q") U (((letter == "Z") && !(letter == "Q")) && X (!(letter == "Q") U (letter == "N"))))))))
[main] INFO nl.utwente.fmt.rers.RERSExperiment - Parsed formula #33: (false R ((letter == "F") && (!!(letter == "K") || (!(letter == "X") W ((letter == "L") || (letter == "K"))))))
[main] INFO nl.utwente.fmt.rers.RERSExperiment - Parsed formula #34: (false R (!(letter == "E") || (true U (letter == "Z"))))
[main] INFO nl.utwente.fmt.rers.RERSExperiment - Parsed formula #35: (false R (!(letter == "J") || (true U (letter == "V"))))
[main] INFO nl.utwente.fmt.rers.RERSExperiment - Parsed formula #36: (!(true U (letter == "U")) || ((!(letter == "C") || (!(letter == "U") U ((((letter == "R") && !(letter == "U")) && !(letter == "V")) && X ((!(letter == "U") && !(letter == "V")) U (letter == "W"))))) U (letter == "U")))
[main] INFO nl.utwente.fmt.rers.RERSExperiment - Parsed formula #37: (!(true U (letter == "I")) || ((!(letter == "O") || (!(letter == "I") U ((((letter == "T") && !(letter == "I")) && !(letter == "R")) && X ((!(letter == "I") && !(letter == "R")) U (letter == "Z"))))) U (letter == "I")))
[main] INFO nl.utwente.fmt.rers.RERSExperiment - Parsed formula #38: (!(true U (letter == "X")) || (!(((letter == "W") && !(letter == "X")) && X (!(letter == "X") U ((letter == "Q") && !(letter == "X")))) U ((letter == "X") || (letter == "T"))))
[main] INFO nl.utwente.fmt.rers.RERSExperiment - Parsed formula #39: (false R (!(letter == "U") || (false R (!(letter == "H") || (true U (letter == "P"))))))
[main] INFO nl.utwente.fmt.rers.RERSExperiment - Parsed formula #40: (false R (!(letter == "V") || (((letter == "J") && (!X (!(letter == "H") U (letter == "A")) || X (!(letter == "H") U ((letter == "A") && (true U (letter == "P")))))) U ((letter == "H") || (false R ((letter == "J") && (!X (!(letter == "H") U (letter == "A")) || X (!(letter == "H") U ((letter == "A") && (true U (letter == "P")))))))))))
[main] INFO nl.utwente.fmt.rers.RERSExperiment - Parsed formula #41: (false R (!(letter == "H") || (false R ((letter == "G") && (!X (true U (letter == "F")) || X (!(letter == "F") U ((letter == "F") && (true U (letter == "Z")))))))))
[main] INFO nl.utwente.fmt.rers.RERSExperiment - Parsed formula #42: (false R (!((letter == "Q") && (true U (letter == "D"))) || (!(letter == "W") U ((letter == "D") || (((letter == "I") && !(letter == "W")) && X (!(letter == "W") U (letter == "M")))))))
[main] INFO nl.utwente.fmt.rers.RERSExperiment - Parsed formula #43: (!(true U (letter == "T")) || (!(letter == "T") U (((letter == "G") && !(letter == "T")) && X (!(letter == "T") U (letter == "V")))))
[main] INFO nl.utwente.fmt.rers.RERSExperiment - Parsed formula #44: (!(true U (letter == "W")) || (!(letter == "W") U (((letter == "B") && !(letter == "W")) && X (!(letter == "W") U (letter == "E")))))
[main] INFO nl.utwente.fmt.rers.RERSExperiment - Parsed formula #45: (false R (!(letter == "V") || (!(true U (letter == "Y")) || (!(letter == "Y") U ((letter == "U") || (((letter == "I") && !(letter == "Y")) && X (!(letter == "Y") U (letter == "F"))))))))
[main] INFO nl.utwente.fmt.rers.RERSExperiment - Parsed formula #46: (false R (!((letter == "I") && (true U (letter == "K"))) || (!(letter == "S") U ((letter == "K") || (((letter == "W") && !(letter == "S")) && X (!(letter == "S") U (letter == "X")))))))
[main] INFO nl.utwente.fmt.rers.RERSExperiment - Parsed formula #47: (false R ((letter == "N") && (!X (true U (letter == "M")) || X (true U ((letter == "M") && (true U (letter == "T")))))))
[main] INFO nl.utwente.fmt.rers.RERSExperiment - Parsed formula #48: (false R (!(((letter == "H") && !(letter == "I")) && (true U (letter == "I"))) || (!(letter == "Y") U ((letter == "B") || (letter == "I")))))
[main] INFO nl.utwente.fmt.rers.RERSExperiment - Parsed formula #49: (!(true U (letter == "X")) || (!(letter == "X") U (((letter == "U") && !(letter == "X")) && X (!(letter == "X") U (letter == "F")))))
[main] INFO nl.utwente.fmt.rers.RERSExperiment - Parsed formula #50: (false R (!((letter == "L") && (true U (letter == "G"))) || (!(((letter == "W") && !(letter == "G")) && X (!(letter == "G") U ((letter == "Y") && !(letter == "G")))) U ((letter == "G") || (letter == "Q")))))
[main] INFO nl.utwente.fmt.rers.RERSExperiment - Parsed formula #51: (!(true U (letter == "C")) || ((!(letter == "D") || (!(letter == "C") U ((letter == "P") && !(letter == "C")))) U (letter == "C")))
[main] INFO nl.utwente.fmt.rers.RERSExperiment - Parsed formula #52: (!(true U (letter == "F")) || ((!(letter == "A") || (!(letter == "F") U (((letter == "T") && !(letter == "F")) && X (!(letter == "F") U (letter == "U"))))) U (letter == "F")))
[main] INFO nl.utwente.fmt.rers.RERSExperiment - Parsed formula #53: (false R (!((letter == "D") && (true U (letter == "J"))) || (((letter == "A") && (!X (!(letter == "J") U (letter == "I")) || X (!(letter == "J") U ((letter == "I") && (true U (letter == "W")))))) U (letter == "J"))))
[main] INFO nl.utwente.fmt.rers.RERSExperiment - Parsed formula #54: (!(true U (letter == "B")) || ((!(letter == "A") || (!(letter == "B") U ((((letter == "V") && !(letter == "B")) && !(letter == "X")) && X ((!(letter == "B") && !(letter == "X")) U (letter == "P"))))) U (letter == "B")))
[main] INFO nl.utwente.fmt.rers.RERSExperiment - Parsed formula #55: (false R (!(letter == "W") || (false R (!(letter == "G") || ((letter == "S") && X (true U (letter == "Q")))))))
[main] INFO nl.utwente.fmt.rers.RERSExperiment - Parsed formula #56: (false R (!(letter == "N") || (true U (letter == "Y"))))
[main] INFO nl.utwente.fmt.rers.RERSExperiment - Parsed formula #57: (false R (!(letter == "M") || (true U ((letter == "V") && X (true U (letter == "R"))))))
[main] INFO nl.utwente.fmt.rers.RERSExperiment - Parsed formula #58: (false R (!((letter == "O") && (true U (letter == "K"))) || (!(((letter == "V") && !(letter == "K")) && X (!(letter == "K") U ((letter == "Q") && !(letter == "K")))) U ((letter == "K") || (letter == "B")))))
[main] INFO nl.utwente.fmt.rers.RERSExperiment - Parsed formula #59: (!(true U ((letter == "X") && X (true U (letter == "P")))) || (!(letter == "X") U (letter == "V")))
[main] INFO nl.utwente.fmt.rers.RERSExperiment - Parsed formula #60: (false R (!(letter == "B") || (false R (!(letter == "O") || (true U (letter == "S"))))))
[main] INFO nl.utwente.fmt.rers.RERSExperiment - Parsed formula #61: (!(letter == "P") W (letter == "A"))
[main] INFO nl.utwente.fmt.rers.RERSExperiment - Parsed formula #62: (!(true U ((letter == "Q") && X (true U (letter == "S")))) || (!(letter == "Q") U (letter == "I")))
[main] INFO nl.utwente.fmt.rers.RERSExperiment - Parsed formula #63: (!(true U (letter == "C")) || (!(((letter == "S") && !(letter == "C")) && X (!(letter == "C") U ((letter == "R") && !(letter == "C")))) U ((letter == "C") || (letter == "F"))))
[main] INFO nl.utwente.fmt.rers.RERSExperiment - Parsed formula #64: (!(true U (letter == "A")) || (!(letter == "Z") U ((letter == "A") || (((letter == "L") && !(letter == "Z")) && X (!(letter == "Z") U (letter == "O"))))))
[main] INFO nl.utwente.fmt.rers.RERSExperiment - Parsed formula #65: (false R (!(letter == "V") || (false R (!(letter == "H") || ((letter == "P") && X (true U (letter == "R")))))))
[main] INFO nl.utwente.fmt.rers.RERSExperiment - Parsed formula #66: (false R (!((letter == "C") && (true U (letter == "N"))) || ((!(letter == "E") || (!(letter == "N") U (((letter == "S") && !(letter == "N")) && X (!(letter == "N") U (letter == "R"))))) U (letter == "N"))))
[main] INFO nl.utwente.fmt.rers.RERSExperiment - Parsed formula #67: (false R (!(letter == "H") || (true U ((letter == "R") && X (true U (letter == "W"))))))
[main] INFO nl.utwente.fmt.rers.RERSExperiment - Parsed formula #68: (false R (!(letter == "B") || (false R (!(letter == "F") || (((letter == "V") && !(letter == "Y")) && X (!(letter == "Y") U (letter == "P")))))))
[main] INFO nl.utwente.fmt.rers.RERSExperiment - Parsed formula #69: (false R ((letter == "Y") && (!!(letter == "M") || (!(letter == "Z") W ((letter == "C") || (letter == "M"))))))
[main] INFO nl.utwente.fmt.rers.RERSExperiment - Parsed formula #70: (false R (!(letter == "Q") || (!(true U (letter == "Z")) || (!(letter == "Z") U ((letter == "X") || (((letter == "H") && !(letter == "Z")) && X (!(letter == "Z") U (letter == "U"))))))))
[main] INFO nl.utwente.fmt.rers.RERSExperiment - Parsed formula #71: (false R ((letter == "T") && (!!(letter == "Y") || (!(letter == "Z") W ((letter == "A") || (letter == "Y"))))))
[main] INFO nl.utwente.fmt.rers.RERSExperiment - Parsed formula #72: ((false R !(letter == "U")) || (!(letter == "U") U ((letter == "U") && (!(true U (letter == "Y")) || (!(letter == "Y") U (((letter == "N") && !(letter == "Y")) && X (!(letter == "Y") U (letter == "J"))))))))
[main] INFO nl.utwente.fmt.rers.RERSExperiment - Parsed formula #73: (!(letter == "W") W (letter == "U"))
[main] INFO nl.utwente.fmt.rers.RERSExperiment - Parsed formula #74: (false R (!((letter == "N") && (true U (letter == "X"))) || (!(letter == "Y") U ((letter == "X") || (((letter == "F") && !(letter == "Y")) && X (!(letter == "Y") U (letter == "S")))))))
[main] INFO nl.utwente.fmt.rers.RERSExperiment - Parsed formula #75: (false R (!((letter == "M") && (true U (letter == "N"))) || ((!(letter == "A") || (!(letter == "N") U ((((letter == "R") && !(letter == "N")) && !(letter == "T")) && X ((!(letter == "N") && !(letter == "T")) U (letter == "X"))))) U (letter == "N"))))
[main] INFO nl.utwente.fmt.rers.RERSExperiment - Parsed formula #76: (false R ((letter == "A") && (!X (true U (letter == "E")) || X (true U ((letter == "E") && (true U (letter == "P")))))))
[main] INFO nl.utwente.fmt.rers.RERSExperiment - Parsed formula #77: (false R (!(letter == "Y") || (false R (!(letter == "F") || (true U (letter == "Q"))))))
[main] INFO nl.utwente.fmt.rers.RERSExperiment - Parsed formula #78: (!(true U (letter == "E")) || ((!(letter == "F") || (!(letter == "E") U (((letter == "Y") && !(letter == "E")) && X (!(letter == "E") U (letter == "Q"))))) U (letter == "E")))
[main] INFO nl.utwente.fmt.rers.RERSExperiment - Parsed formula #79: (!(true U (letter == "D")) || ((!(letter == "E") || (!(letter == "D") U ((letter == "W") && !(letter == "D")))) U (letter == "D")))
[main] INFO nl.utwente.fmt.rers.RERSExperiment - Parsed formula #80: ((false R !(letter == "H")) || (!(letter == "H") U ((letter == "H") && (!(true U ((letter == "Z") && X (true U (letter == "X")))) || (!(letter == "Z") U (letter == "N"))))))
[main] INFO nl.utwente.fmt.rers.RERSExperiment - Parsed formula #81: (false R (!(letter == "J") || (!(true U (letter == "Y")) || (!(letter == "Y") U ((letter == "D") || (((letter == "T") && !(letter == "Y")) && X (!(letter == "Y") U (letter == "W"))))))))
[main] INFO nl.utwente.fmt.rers.RERSExperiment - Parsed formula #82: (false R (!((letter == "L") && (true U (letter == "U"))) || (!(letter == "R") U ((letter == "U") || (((letter == "V") && !(letter == "R")) && X (!(letter == "R") U (letter == "F")))))))
[main] INFO nl.utwente.fmt.rers.RERSExperiment - Parsed formula #83: (false R (!(((letter == "Y") && !(letter == "W")) && (true U (letter == "W"))) || ((!(letter == "H") || (!(letter == "W") U ((letter == "S") && !(letter == "W")))) U (letter == "W"))))
[main] INFO nl.utwente.fmt.rers.RERSExperiment - Parsed formula #84: (false R (!(letter == "M") || (true U ((letter == "Z") && X (true U (letter == "R"))))))
[main] INFO nl.utwente.fmt.rers.RERSExperiment - Parsed formula #85: (!(true U ((letter == "S") && X (true U (letter == "X")))) || (!(letter == "S") U (letter == "Z")))
[main] INFO nl.utwente.fmt.rers.RERSExperiment - Parsed formula #86: (false R (!((letter == "L") && (true U (letter == "U"))) || (!(((letter == "S") && !(letter == "U")) && X (!(letter == "U") U ((letter == "W") && !(letter == "U")))) U ((letter == "U") || (letter == "K")))))
[main] INFO nl.utwente.fmt.rers.RERSExperiment - Parsed formula #87: (false R (!(letter == "O") || ((!(letter == "K") || (!(letter == "W") U (((letter == "V") && !(letter == "W")) && X (!(letter == "W") U (letter == "U"))))) U ((letter == "W") || (false R (!(letter == "K") || ((letter == "V") && X (true U (letter == "U")))))))))
[main] INFO nl.utwente.fmt.rers.RERSExperiment - Parsed formula #88: ((false R !(letter == "Q")) || (!(letter == "Q") U ((letter == "Q") && (!(true U ((letter == "R") && X (true U (letter == "S")))) || (!(letter == "R") U (letter == "X"))))))
[main] INFO nl.utwente.fmt.rers.RERSExperiment - Parsed formula #89: (false R (!(letter == "J") || ((!(letter == "A") || (!(letter == "B") U ((((letter == "R") && !(letter == "B")) && !(letter == "W")) && X ((!(letter == "B") && !(letter == "W")) U (letter == "V"))))) U ((letter == "B") || (false R (!(letter == "A") || (((letter == "R") && !(letter == "W")) && X (!(letter == "W") U (letter == "V")))))))))
[main] INFO nl.utwente.fmt.rers.RERSExperiment - Parsed formula #90: (false R (!(((letter == "X") && !(letter == "T")) && (true U (letter == "T"))) || ((!(letter == "E") || (!(letter == "T") U ((letter == "Y") && !(letter == "T")))) U (letter == "T"))))
[main] INFO nl.utwente.fmt.rers.RERSExperiment - Parsed formula #91: (!(true U (letter == "D")) || (((letter == "G") && (!X (!(letter == "D") U (letter == "C")) || X (!(letter == "D") U ((letter == "C") && (true U (letter == "T")))))) U (letter == "D")))
[main] INFO nl.utwente.fmt.rers.RERSExperiment - Parsed formula #92: (!(letter == "U") W (letter == "E"))
[main] INFO nl.utwente.fmt.rers.RERSExperiment - Parsed formula #93: (false R ((letter == "K") && (!!(letter == "Z") || (!(letter == "S") W ((letter == "V") || (letter == "Z"))))))
[main] INFO nl.utwente.fmt.rers.RERSExperiment - Parsed formula #94: (!(true U (letter == "L")) || (((letter == "I") && (!X (!(letter == "L") U (letter == "H")) || X (!(letter == "L") U ((letter == "H") && (true U (letter == "V")))))) U (letter == "L")))
[main] INFO nl.utwente.fmt.rers.RERSExperiment - Parsed formula #95: (false R (!(letter == "U") || (false R ((letter == "H") && (!X (true U (letter == "N")) || X (!(letter == "N") U ((letter == "N") && (true U (letter == "S")))))))))
[main] INFO nl.utwente.fmt.rers.RERSExperiment - Parsed formula #96: (false R (!((letter == "S") && (true U (letter == "J"))) || ((!(letter == "B") || (!(letter == "J") U (((letter == "R") && !(letter == "J")) && X (!(letter == "J") U (letter == "T"))))) U (letter == "J"))))
[main] INFO nl.utwente.fmt.rers.RERSExperiment - Parsed formula #97: (false R (!(letter == "B") || ((!(((letter == "V") && !(letter == "J")) && X (!(letter == "J") U ((letter == "W") && !(letter == "J")))) U ((letter == "J") || (letter == "Y"))) || (false R !((letter == "V") && X (true U (letter == "W")))))))
[main] INFO nl.utwente.fmt.rers.RERSExperiment - Parsed formula #98: (!(true U (letter == "A")) || (!(letter == "U") U ((letter == "S") || (letter == "A"))))
[main] INFO nl.utwente.fmt.rers.RERSExperiment - Parsed formula #99: (false R (!((letter == "Q") && (true U (letter == "Y"))) || (((letter == "A") && (!X (!(letter == "Y") U (letter == "O")) || X (!(letter == "Y") U ((letter == "O") && (true U (letter == "Z")))))) U (letter == "Y"))))
[main] INFO de.learnlib.util.Experiment - Starting round 1
[main] INFO de.learnlib.util.Experiment - Learning
[main] INFO de.learnlib.util.Experiment - Searching for counterexample
[main] INFO de.learnlib.api.logging.LoggingPropertyOracle - Property violated: '(false R ((letter == "R") && (!!(letter == "O") || (!(letter == "Q") W ((letter == "N") || (letter == "O"))))))'
[main] INFO de.learnlib.api.logging.LoggingPropertyOracle - Counter example for property: Query[ε|L / P]
[main] INFO de.learnlib.api.logging.LoggingPropertyOracle - Property violated: '(false R ((letter == "N") && (!X (true U (letter == "L")) || X (true U ((letter == "L") && (true U (letter == "W")))))))'
[main] INFO de.learnlib.api.logging.LoggingPropertyOracle - Counter example for property: Query[ε|L / P]
[main] INFO de.learnlib.api.logging.LoggingPropertyOracle - Property violated: '(false R ((letter == "F") && (!!(letter == "K") || (!(letter == "X") W ((letter == "L") || (letter == "K"))))))'
[main] INFO de.learnlib.api.logging.LoggingPropertyOracle - Counter example for property: Query[ε|L / P]
[main] INFO de.learnlib.api.logging.LoggingPropertyOracle - Property violated: '(false R ((letter == "N") && (!X (true U (letter == "M")) || X (true U ((letter == "M") && (true U (letter == "T")))))))'
[main] INFO de.learnlib.api.logging.LoggingPropertyOracle - Counter example for property: Query[ε|L / P]
[main] INFO de.learnlib.api.logging.LoggingPropertyOracle - Property violated: '(!(true U (letter == "X")) || (!(letter == "X") U (((letter == "U") && !(letter == "X")) && X (!(letter == "X") U (letter == "F")))))'
[main] INFO de.learnlib.api.logging.LoggingPropertyOracle - Counter example for property: Query[ε|D / X]
[main] INFO de.learnlib.api.logging.LoggingPropertyOracle - Property violated: '(!(letter == "P") W (letter == "A"))'
[main] INFO de.learnlib.api.logging.LoggingPropertyOracle - Counter example for property: Query[ε|L / P]
[main] INFO de.learnlib.api.logging.LoggingPropertyOracle - Property violated: '(false R ((letter == "Y") && (!!(letter == "M") || (!(letter == "Z") W ((letter == "C") || (letter == "M"))))))'
[main] INFO de.learnlib.api.logging.LoggingPropertyOracle - Counter example for property: Query[ε|L / P]
[main] INFO de.learnlib.api.logging.LoggingPropertyOracle - Property violated: '(false R ((letter == "T") && (!!(letter == "Y") || (!(letter == "Z") W ((letter == "A") || (letter == "Y"))))))'
[main] INFO de.learnlib.api.logging.LoggingPropertyOracle - Counter example for property: Query[ε|L / P]
[main] INFO de.learnlib.api.logging.LoggingPropertyOracle - Property violated: '(false R ((letter == "A") && (!X (true U (letter == "E")) || X (true U ((letter == "E") && (true U (letter == "P")))))))'
[main] INFO de.learnlib.api.logging.LoggingPropertyOracle - Counter example for property: Query[ε|L / P]
[main] INFO de.learnlib.api.logging.LoggingPropertyOracle - Property violated: '(false R ((letter == "K") && (!!(letter == "Z") || (!(letter == "S") W ((letter == "V") || (letter == "Z"))))))'
[main] INFO de.learnlib.api.logging.LoggingPropertyOracle - Counter example for property: Query[ε|L / P]
[main] INFO de.learnlib.api.logging.LoggingPropertyOracle - Spurious counterexample found for property: '(!(true U ((letter == "X") && X (true U (letter == "P")))) || (!(letter == "X") U (letter == "V")))'
[main] INFO de.learnlib.api.logging.LoggingPropertyOracle - Spurious counterexample: Query[ε|D L / X -]
[main] INFO de.learnlib.util.Experiment - Query[ε|D L / X -]
[main] INFO de.learnlib.util.Experiment - Starting round 2
[main] INFO de.learnlib.util.Experiment - Learning
[main] INFO de.learnlib.util.Experiment - Searching for counterexample
[main] INFO de.learnlib.api.logging.LoggingPropertyOracle - Property violated: '(!(true U (letter == "A")) || (((letter == "L") && (!X (!(letter == "A") U (letter == "J")) || X (!(letter == "A") U ((letter == "J") && (true U (letter == "X")))))) U (letter == "A")))'
[main] INFO de.learnlib.api.logging.LoggingPropertyOracle - Counter example for property: Query[ε|L I A / P V Z]
[main] INFO de.learnlib.api.logging.LoggingPropertyOracle - Property violated: '(!(true U (letter == "E")) || ((!(letter == "L") || (!(letter == "E") U ((letter == "S") && !(letter == "E")))) U (letter == "E")))'
[main] INFO de.learnlib.api.logging.LoggingPropertyOracle - Counter example for property: Query[ε|L E / P Z]
[main] INFO de.learnlib.api.logging.LoggingPropertyOracle - Property violated: '(false R (!(letter == "V") || (((letter == "J") && (!X (!(letter == "H") U (letter == "A")) || X (!(letter == "H") U ((letter == "A") && (true U (letter == "P")))))) U ((letter == "H") || (false R ((letter == "J") && (!X (!(letter == "H") U (letter == "A")) || X (!(letter == "H") U ((letter == "A") && (true U (letter == "P")))))))))))'
[main] INFO de.learnlib.api.logging.LoggingPropertyOracle - Counter example for property: Query[ε|L I / P V]
[main] INFO de.learnlib.api.logging.LoggingPropertyOracle - Property violated: '(!(true U (letter == "T")) || (!(letter == "T") U (((letter == "G") && !(letter == "T")) && X (!(letter == "T") U (letter == "V")))))'
[main] INFO de.learnlib.api.logging.LoggingPropertyOracle - Counter example for property: Query[ε|L I L / P V T]
[main] INFO de.learnlib.api.logging.LoggingPropertyOracle - Spurious counterexample found for property: '(false R (!(letter == "P") || (false R (!(letter == "F") || (true U (letter == "Q"))))))'
[main] INFO de.learnlib.api.logging.LoggingPropertyOracle - Spurious counterexample: Query[ε|L I F I F I F I F I F I F I F I F I F I F I F I F I F I F I F I F I F I F I F I F I F I F I F I F I F I F I F I F I F I F I F I F I F I F I F I F I F I F I F I F I F I F I F I F I F I F / P V V - X Y V - X Y V - X Y V - X Y V - X Y V - X Y V - X Y V - X Y V - X Y V - X Y V - X Y V - X Y V - X Y V - X Y V - X Y V - X Y V - X Y V - X Y V - X Y V - X Y V - X Y V - X Y V - X]
[main] INFO de.learnlib.util.Experiment - Query[ε|L I F I F I F I F I F I F I F I F I F I F I F I F I F I F I F I F I F I F I F I F I F I F I F I F I F I F I F I F I F I F I F I F I F I F I F I F I F I F I F I F I F I F I F I F I F I F / P V V - X Y V - X Y V - X Y V - X Y V - X Y V - X Y V - X Y V - X Y V - X Y V - X Y V - X Y V - X Y V - X Y V - X Y V - X Y V - X Y V - X Y V - X Y V - X Y V - X Y V - X Y V - X Y V - X]
[main] INFO de.learnlib.util.Experiment - Starting round 3
[main] INFO de.learnlib.util.Experiment - Learning
[main] INFO de.learnlib.util.Experiment - Searching for counterexample
[main] INFO de.learnlib.api.logging.LoggingPropertyOracle - Property violated: '(false R (!(letter == "R") || (false R (!(letter == "A") || ((letter == "Z") && X (true U (letter == "P")))))))'
[main] INFO de.learnlib.api.logging.LoggingPropertyOracle - Counter example for property: Query[ε|L E F A F A / P Z S S R S]
[main] INFO de.learnlib.api.logging.LoggingPropertyOracle - Property violated: '(false R (!(letter == "V") || (!(true U (letter == "Y")) || (!(letter == "Y") U ((letter == "U") || (((letter == "I") && !(letter == "Y")) && X (!(letter == "Y") U (letter == "F"))))))))'
[main] INFO de.learnlib.api.logging.LoggingPropertyOracle - Counter example for property: Query[ε|L I F F I / P V V X Y]
[main] INFO de.learnlib.api.logging.LoggingPropertyOracle - Property violated: '(!(true U (letter == "F")) || ((!(letter == "A") || (!(letter == "F") U (((letter == "T") && !(letter == "F")) && X (!(letter == "F") U (letter == "U"))))) U (letter == "F")))'
[main] INFO de.learnlib.api.logging.LoggingPropertyOracle - Counter example for property: Query[ε|L I A C I I F / P V Z Z P V V]
[main] INFO de.learnlib.api.logging.LoggingPropertyOracle - Property violated: '(false R (!((letter == "D") && (true U (letter == "J"))) || (((letter == "A") && (!X (!(letter == "J") U (letter == "I")) || X (!(letter == "J") U ((letter == "I") && (true U (letter == "W")))))) U (letter == "J"))))'
[main] INFO de.learnlib.api.logging.LoggingPropertyOracle - Counter example for property: Query[ε|D I J / X X V]
[main] INFO de.learnlib.api.logging.LoggingPropertyOracle - Property violated: '(!(true U (letter == "A")) || (!(letter == "Z") U ((letter == "A") || (((letter == "L") && !(letter == "Z")) && X (!(letter == "Z") U (letter == "O"))))))'
[main] INFO de.learnlib.api.logging.LoggingPropertyOracle - Counter example for property: Query[ε|L E F A / P Z S S]
[main] INFO de.learnlib.api.logging.LoggingPropertyOracle - Property violated: '(false R (!((letter == "M") && (true U (letter == "N"))) || ((!(letter == "A") || (!(letter == "N") U ((((letter == "R") && !(letter == "N")) && !(letter == "T")) && X ((!(letter == "N") && !(letter == "T")) U (letter == "X"))))) U (letter == "N"))))'
[main] INFO de.learnlib.api.logging.LoggingPropertyOracle - Counter example for property: Query[ε|L E F A M I A C I E N / P Z S S V V Z Z P Z V]
[main] INFO de.learnlib.api.logging.LoggingPropertyOracle - Property violated: '(!(true U (letter == "L")) || (((letter == "I") && (!X (!(letter == "L") U (letter == "H")) || X (!(letter == "L") U ((letter == "H") && (true U (letter == "V")))))) U (letter == "L")))'
[main] INFO de.learnlib.api.logging.LoggingPropertyOracle - Counter example for property: Query[ε|D I L / X X Z]
[main] INFO de.learnlib.api.logging.LoggingPropertyOracle - Spurious counterexample found for property: '(false R (!(((letter == "E") && !(letter == "P")) && (true U (letter == "P"))) || (!(letter == "R") U ((letter == "G") || (letter == "P")))))'
[main] INFO de.learnlib.api.logging.LoggingPropertyOracle - Spurious counterexample: Query[ε|L E F A F L C I / P Z S S R X - -]
[main] INFO de.learnlib.util.Experiment - Query[ε|L E F A F L C I / P Z S S R X - -]
[main] INFO de.learnlib.util.Experiment - Starting round 4
[main] INFO de.learnlib.util.Experiment - Learning
[main] INFO de.learnlib.util.Experiment - Searching for counterexample
[main] INFO de.learnlib.api.logging.LoggingPropertyOracle - Property violated: '(false R (!(((letter == "E") && !(letter == "P")) && (true U (letter == "P"))) || (!(letter == "R") U ((letter == "G") || (letter == "P")))))'
[main] INFO de.learnlib.api.logging.LoggingPropertyOracle - Counter example for property: Query[ε|L E F A F A M E N L / P Z S S R S V Z V P]
[main] INFO de.learnlib.api.logging.LoggingPropertyOracle - Property violated: '(false R (!(letter == "C") || (false R ((letter == "O") && (!X (true U (letter == "N")) || X (!(letter == "N") U ((letter == "N") && (true U (letter == "V")))))))))'
[main] INFO de.learnlib.api.logging.LoggingPropertyOracle - Counter example for property: Query[ε|L I A C / P V Z Z]
[main] INFO de.learnlib.api.logging.LoggingPropertyOracle - Property violated: '(false R (!((letter == "C") && (true U (letter == "N"))) || ((!(letter == "E") || (!(letter == "N") U (((letter == "S") && !(letter == "N")) && X (!(letter == "N") U (letter == "R"))))) U (letter == "N"))))'
[main] INFO de.learnlib.api.logging.LoggingPropertyOracle - Counter example for property: Query[ε|L I A C I E N / P V Z Z P Z V]
[main] INFO de.learnlib.api.logging.LoggingPropertyOracle - Spurious counterexample found for property: '(false R (!(letter == "X") || (false R (!(letter == "K") || (((letter == "P") && !(letter == "Y")) && X (!(letter == "Y") U (letter == "W")))))))'
[main] INFO de.learnlib.api.logging.LoggingPropertyOracle - Spurious counterexample: Query[ε|D I L K / X X Z -]
[main] INFO de.learnlib.util.Experiment - Query[ε|D I L K / X X Z -]
[main] INFO de.learnlib.util.Experiment - Starting round 5
[main] INFO de.learnlib.util.Experiment - Learning
[main] INFO de.learnlib.util.Experiment - Searching for counterexample
[main] INFO de.learnlib.api.logging.LoggingPropertyOracle - Property violated: '(false R (!(letter == "K") || ((!(letter == "F") || (!(letter == "P") U ((((letter == "X") && !(letter == "P")) && !(letter == "Q")) && X ((!(letter == "P") && !(letter == "Q")) U (letter == "Z"))))) U ((letter == "P") || (false R (!(letter == "F") || (((letter == "X") && !(letter == "Q")) && X (!(letter == "Q") U (letter == "Z")))))))))'
[main] INFO de.learnlib.api.logging.LoggingPropertyOracle - Counter example for property: Query[ε|L E F K K A F A M E N L / P Z S V R S R S V Z V P]
[main] INFO de.learnlib.api.logging.LoggingPropertyOracle - Spurious counterexample found for property: '(false R (!(letter == "X") || (false R (!(letter == "K") || (((letter == "P") && !(letter == "Y")) && X (!(letter == "Y") U (letter == "W")))))))'
[main] INFO de.learnlib.api.logging.LoggingPropertyOracle - Spurious counterexample: Query[ε|D I L G K / X X Z - -]
[main] INFO de.learnlib.util.Experiment - Query[ε|D I L G K / X X Z - -]
[main] INFO de.learnlib.util.Experiment - Starting round 6
[main] INFO de.learnlib.util.Experiment - Learning
[main] INFO de.learnlib.util.Experiment - Searching for counterexample
[main] INFO de.learnlib.api.logging.LoggingPropertyOracle - Property violated: '(false R (!(letter == "X") || (false R (!(letter == "K") || (((letter == "P") && !(letter == "Y")) && X (!(letter == "Y") U (letter == "W")))))))'
[main] INFO de.learnlib.api.logging.LoggingPropertyOracle - Counter example for property: Query[ε|D I L B K / X X Z T P]
[main] INFO de.learnlib.api.logging.LoggingPropertyOracle - Property violated: '(!(true U (letter == "G")) || ((!(letter == "A") || (!(letter == "G") U (((letter == "R") && !(letter == "G")) && X (!(letter == "G") U (letter == "S"))))) U (letter == "G")))'
[main] INFO de.learnlib.api.logging.LoggingPropertyOracle - Counter example for property: Query[ε|L E F A F L G / P Z S S R X V]
[main] INFO de.learnlib.api.logging.LoggingPropertyOracle - Property violated: '(false R (!((letter == "L") && (true U (letter == "E"))) || ((!(letter == "B") || (!(letter == "E") U ((((letter == "W") && !(letter == "E")) && !(letter == "S")) && X ((!(letter == "E") && !(letter == "S")) U (letter == "Z"))))) U (letter == "E"))))'
[main] INFO de.learnlib.api.logging.LoggingPropertyOracle - Counter example for property: Query[ε|D I L B E / X X Z T S]
[main] INFO de.learnlib.api.logging.LoggingPropertyOracle - Property violated: '(false R (!((letter == "I") && (true U (letter == "J"))) || (!(letter == "P") U ((letter == "J") || (((letter == "S") && !(letter == "P")) && X (!(letter == "P") U (letter == "M")))))))'
[main] INFO de.learnlib.api.logging.LoggingPropertyOracle - Counter example for property: Query[ε|D I L B K J / X X Z T P V]
[main] INFO de.learnlib.api.logging.LoggingPropertyOracle - Property violated: '(false R (!((letter == "I") && (true U (letter == "T"))) || ((!(letter == "K") || (!(letter == "T") U ((((letter == "X") && !(letter == "T")) && !(letter == "U")) && X ((!(letter == "T") && !(letter == "U")) U (letter == "Z"))))) U (letter == "T"))))'
[main] INFO de.learnlib.api.logging.LoggingPropertyOracle - Counter example for property: Query[ε|D I L A F K / X X Z P Z T]
[main] INFO de.learnlib.api.logging.LoggingPropertyOracle - Property violated: '(!(true U (letter == "C")) || ((!(letter == "D") || (!(letter == "C") U ((letter == "P") && !(letter == "C")))) U (letter == "C")))'
[main] INFO de.learnlib.api.logging.LoggingPropertyOracle - Counter example for property: Query[ε|L E F L D I A C / P Z S X R V Z Z]
[main] INFO de.learnlib.api.logging.LoggingPropertyOracle - Property violated: '(!(true U ((letter == "X") && X (true U (letter == "P")))) || (!(letter == "X") U (letter == "V")))'
[main] INFO de.learnlib.api.logging.LoggingPropertyOracle - Counter example for property: Query[ε|D I L A / X X Z P]
[main] INFO de.learnlib.api.logging.LoggingPropertyOracle - Property violated: '(false R (!(letter == "B") || (false R (!(letter == "F") || (((letter == "V") && !(letter == "Y")) && X (!(letter == "Y") U (letter == "P")))))))'
[main] INFO de.learnlib.api.logging.LoggingPropertyOracle - Counter example for property: Query[ε|D I L B K I F / X X Z T P Z S]
[main] INFO de.learnlib.api.logging.LoggingPropertyOracle - Spurious counterexample found for property: '(false R (!(letter == "P") || (false R (!(letter == "F") || (true U (letter == "Q"))))))'
[main] INFO de.learnlib.api.logging.LoggingPropertyOracle - Spurious counterexample: Query[ε|L I L K K B K I F A F L D I L K K B K L B K L B K L B K L B K L B K L B K L B K L B K L B K L B K L B K L B K L B K L B K L B K L B K L B K L B K L B K L B K L B K L B K L B K L B K L B K L B K L B K L B K L B K L B K L B K L B K L B K L B K L B K L B K L B K L B K L B K L B K L B K L B K L B K L B K L B K L B K L B K L B K L B K L B K L B K L B K L B K L B K L B K L B K L B K L B K L B K L B K L B K L B K L B K L B K L B K L B K L B K L B K L B K L B K L B K L B K L B K L B K L B K L B K L B K L B K L B K L B K L B K L B K L B K L B K L B K L B K L B K L B K L B K L B K L B K L B K L B K L B K L B K L B K L B K L B K L B K L B K L B K L B K L B K L B K L B K L B K L B K L B K L B K L B K L B K L B K L B K L B K L B K L B K L B K L B K L B K L B K L B K L B K L B K L B K L B K L B K L B K L B K L B K L B K L B K L B K L B K L B K L B K L B K L B K L B K L B K L B K L B K L B K L B K L B K L B K L B K L B K L B K L B K L B K L B K L B K L B K L B K L B K L B K L B K L B K L B K L B K L B K L B K L B K L B K L B K L B K L B K L B K L B K L B K L B K L B K L B K L B K L B K L B K L B K L B K L B K L B K L B K L B K L B K L B K L B K L B K L B K L B K L B K L B K L B K L B K L B K L B K L B K L B K L B K L B K L B K L B K L B K L B K L B K L B K L B K L B K L B K L B K L B K L B K L B K L B K L B K L B K L B K L B K L B K L B K L B K L B K L B K L B K L B K L B K L B K L B K L B K L B K L B K L B K L B K L B K L B K L B K L B K L B K L B K L B K L B K L B K L B K L B K L B K L B K L B K L B K L B K L B K L B K L B K L B K L B K L B K L B K L B K L B K L B K L B K L B K L B K L B K L B K L B K L B K L B K L B K L B K L B K L B K L B K L B K L B K L B K L B K L B K L B K L B K L B K L B K L B K L B K L B K L B K L B K L B K L B K L B K L B K L B K L B K L B K L B K L B K L B K L B K L B K L B K L B K L B K L B K L B K L B K L B K L B K L B K L B K L B K L B K L B K L B K L B K L B K L B K L B K L B K L B K L B K L B K L B K L B K L B K L B K L B K L B K L B K L B K L B K L B K L B K L / P V T S T - - - - - - - T - - - - - - - - - - - - - - - - - - - - - - - - - - - - - - - - - - - - - - - - - - - - - - - - - - - - - - - - - - - - - - - - - - - - - - - - - - - - - - - - - - - - - - - - - - - - - - - - - - - - - - - - - - - - - - - - - - - - - - - - - - - - - - - - - - - - - - - - - - - - - - - - - - - - - - - - - - - - - - - - - - - - - - - - - - - - - - - - - - - - - - - - - - - - - - - - - - - - - - - - - - - - - - - - - - - - - - - - - - - - - - - - - - - - - - - - - - - - - - - - - - - - - - - - - - - - - - - - - - - - - - - - - - - - - - - - - - - - - - - - - - - - - - - - - - - - - - - - - - - - - - - - - - - - - - - - - - - - - - - - - - - - - - - - - - - - - - - - - - - - - - - - - - - - - - - - - - - - - - - - - - - - - - - - - - - - - - - - - - - - - - - - - - - - - - - - - - - - - - - - - - - - - - - - - - - - - - - - - - - - - - - - - - - - - - - - - - - - - - - - - - - - - - - - - - - - - - - - - - - - - - - - - - - - - - - - - - - - - - - - - - - - - - - - - - - - - - - - - - - - - - - - - - - - - - - - - - - - - - - - - - - - - - - - - - - - - - - - - - - - - - - - - - - - - - - - - - - - - - - - - - - - - - - - - - - - - - - - - - - - - - - - - - - - - - - - - - - - - - - - - - - - - - - - - - - - - - - - - - - - - - - - - - - - - - - - - - - - - - - - - - - - - - - - - - - - - - - - - - - - - - - - - - - - - - - - - - - - - - - - - - - - - - - - - - - - - - - - - - - - - - - - - - - - - - - - - - - - - - - - - - - - - - - - - - - - - - - - - - - - - - - - - - - - - - - - - - - - - - - - - - - - - - - - - - - - - - - - - - - - - - - - - - - - - - - - - - - - - - - - - - - - - - - - - - - - - - - - - - - - - - - - - - - - - - - - - - - - - - - - - - - - - - - - - - - - - - - - - - - - - - - - - - - - - - - - - - - - - - - - - - - - - - - - - - - - - - - - - - - - - - - - - - - - - - - - - - - - - - - - - - - - - - - - - - - - - - - - - - - - - - - - - - - - - - - - - - - - - - - - - - - - - - - - - - - - - - - - - - - - - - - - - - - - - - - - - -]
[main] INFO de.learnlib.util.Experiment - Query[ε|L I L K K B K I F A F L D I L K K B K L B K L B K L B K L B K L B K L B K L B K L B K L B K L B K L B K L B K L B K L B K L B K L B K L B K L B K L B K L B K L B K L B K L B K L B K L B K L B K L B K L B K L B K L B K L B K L B K L B K L B K L B K L B K L B K L B K L B K L B K L B K L B K L B K L B K L B K L B K L B K L B K L B K L B K L B K L B K L B K L B K L B K L B K L B K L B K L B K L B K L B K L B K L B K L B K L B K L B K L B K L B K L B K L B K L B K L B K L B K L B K L B K L B K L B K L B K L B K L B K L B K L B K L B K L B K L B K L B K L B K L B K L B K L B K L B K L B K L B K L B K L B K L B K L B K L B K L B K L B K L B K L B K L B K L B K L B K L B K L B K L B K L B K L B K L B K L B K L B K L B K L B K L B K L B K L B K L B K L B K L B K L B K L B K L B K L B K L B K L B K L B K L B K L B K L B K L B K L B K L B K L B K L B K L B K L B K L B K L B K L B K L B K L B K L B K L B K L B K L B K L B K L B K L B K L B K L B K L B K L B K L B K L B K L B K L B K L B K L B K L B K L B K L B K L B K L B K L B K L B K L B K L B K L B K L B K L B K L B K L B K L B K L B K L B K L B K L B K L B K L B K L B K L B K L B K L B K L B K L B K L B K L B K L B K L B K L B K L B K L B K L B K L B K L B K L B K L B K L B K L B K L B K L B K L B K L B K L B K L B K L B K L B K L B K L B K L B K L B K L B K L B K L B K L B K L B K L B K L B K L B K L B K L B K L B K L B K L B K L B K L B K L B K L B K L B K L B K L B K L B K L B K L B K L B K L B K L B K L B K L B K L B K L B K L B K L B K L B K L B K L B K L B K L B K L B K L B K L B K L B K L B K L B K L B K L B K L B K L B K L B K L B K L B K L B K L B K L B K L B K L B K L B K L B K L B K L B K L B K L B K L B K L B K L B K L B K L B K L B K L B K L B K L B K L B K L B K L B K L B K L B K L B K L B K L B K L B K L B K L B K L B K L B K L B K L B K L B K L B K L B K L B K L B K L B K L B K L B K L B K L B K L B K L B K L B K L B K L B K L B K L B K L B K L B K L B K L B K L B K L B K L B K L B K L B K L B K L B K L B K L B K L B K L / P V T S T - - - - - - - T - - - - - - - - - - - - - - - - - - - - - - - - - - - - - - - - - - - - - - - - - - - - - - - - - - - - - - - - - - - - - - - - - - - - - - - - - - - - - - - - - - - - - - - - - - - - - - - - - - - - - - - - - - - - - - - - - - - - - - - - - - - - - - - - - - - - - - - - - - - - - - - - - - - - - - - - - - - - - - - - - - - - - - - - - - - - - - - - - - - - - - - - - - - - - - - - - - - - - - - - - - - - - - - - - - - - - - - - - - - - - - - - - - - - - - - - - - - - - - - - - - - - - - - - - - - - - - - - - - - - - - - - - - - - - - - - - - - - - - - - - - - - - - - - - - - - - - - - - - - - - - - - - - - - - - - - - - - - - - - - - - - - - - - - - - - - - - - - - - - - - - - - - - - - - - - - - - - - - - - - - - - - - - - - - - - - - - - - - - - - - - - - - - - - - - - - - - - - - - - - - - - - - - - - - - - - - - - - - - - - - - - - - - - - - - - - - - - - - - - - - - - - - - - - - - - - - - - - - - - - - - - - - - - - - - - - - - - - - - - - - - - - - - - - - - - - - - - - - - - - - - - - - - - - - - - - - - - - - - - - - - - - - - - - - - - - - - - - - - - - - - - - - - - - - - - - - - - - - - - - - - - - - - - - - - - - - - - - - - - - - - - - - - - - - - - - - - - - - - - - - - - - - - - - - - - - - - - - - - - - - - - - - - - - - - - - - - - - - - - - - - - - - - - - - - - - - - - - - - - - - - - - - - - - - - - - - - - - - - - - - - - - - - - - - - - - - - - - - - - - - - - - - - - - - - - - - - - - - - - - - - - - - - - - - - - - - - - - - - - - - - - - - - - - - - - - - - - - - - - - - - - - - - - - - - - - - - - - - - - - - - - - - - - - - - - - - - - - - - - - - - - - - - - - - - - - - - - - - - - - - - - - - - - - - - - - - - - - - - - - - - - - - - - - - - - - - - - - - - - - - - - - - - - - - - - - - - - - - - - - - - - - - - - - - - - - - - - - - - - - - - - - - - - - - - - - - - - - - - - - - - - - - - - - - - - - - - - - - - - - - - - - - - - - - - - - - - - - - - - - - - - - - - - - - - - - - - - - - - - - - - - - - - - - - - - - - -]
[main] INFO de.learnlib.util.Experiment - Starting round 7
[main] INFO de.learnlib.util.Experiment - Learning
[main] INFO de.learnlib.util.Experiment - Searching for counterexample
[main] INFO de.learnlib.api.logging.LoggingPropertyOracle - Property violated: '(!(true U (letter == "B")) || ((!(letter == "A") || (!(letter == "B") U ((((letter == "V") && !(letter == "B")) && !(letter == "X")) && X ((!(letter == "B") && !(letter == "X")) U (letter == "P"))))) U (letter == "B")))'
[main] INFO de.learnlib.api.logging.LoggingPropertyOracle - Counter example for property: Query[ε|L I A C I I L F G K L B / P V Z Z P V T T Y X Z T]
[main] INFO de.learnlib.api.logging.LoggingPropertyOracle - Property violated: '(false R (!(letter == "M") || (true U ((letter == "V") && X (true U (letter == "R"))))))'
[main] INFO de.learnlib.api.logging.LoggingPropertyOracle - Counter example for property: Query[ε|L I L F G K L B M M / P V T T Y X Z T P P]
[main] INFO de.learnlib.api.logging.LoggingPropertyOracle - Property violated: '(!(true U (letter == "D")) || ((!(letter == "E") || (!(letter == "D") U ((letter == "W") && !(letter == "D")))) U (letter == "D")))'
[main] INFO de.learnlib.api.logging.LoggingPropertyOracle - Counter example for property: Query[ε|L E F L D / P Z S X R]
[main] INFO de.learnlib.api.logging.LoggingPropertyOracle - Property violated: '(false R (!(letter == "M") || (true U ((letter == "Z") && X (true U (letter == "R"))))))'
[main] INFO de.learnlib.api.logging.LoggingPropertyOracle - Counter example for property: Query[ε|L I L F G K L B M M / P V T T Y X Z T P P]
[main] INFO de.learnlib.api.logging.LoggingPropertyOracle - Property violated: '(false R (!(((letter == "X") && !(letter == "T")) && (true U (letter == "T"))) || ((!(letter == "E") || (!(letter == "T") U ((letter == "Y") && !(letter == "T")))) U (letter == "T"))))'
[main] INFO de.learnlib.api.logging.LoggingPropertyOracle - Counter example for property: Query[ε|D I J E / X X V T]
[main] INFO de.learnlib.api.logging.LoggingPropertyOracle - Property violated: '(!(true U (letter == "D")) || (((letter == "G") && (!X (!(letter == "D") U (letter == "C")) || X (!(letter == "D") U ((letter == "C") && (true U (letter == "T")))))) U (letter == "D")))'
[main] INFO de.learnlib.api.logging.LoggingPropertyOracle - Counter example for property: Query[ε|L E F L D / P Z S X R]
[main] INFO de.learnlib.api.logging.LoggingPropertyOracle - Property violated: '(false R (!((letter == "S") && (true U (letter == "J"))) || ((!(letter == "B") || (!(letter == "J") U (((letter == "R") && !(letter == "J")) && X (!(letter == "J") U (letter == "T"))))) U (letter == "J"))))'
[main] INFO de.learnlib.api.logging.LoggingPropertyOracle - Counter example for property: Query[ε|D I L B E K L B K J / X X Z T S P Z T P V]
[main] INFO de.learnlib.api.logging.LoggingPropertyOracle - Spurious counterexample found for property: '(false R (!(letter == "P") || (false R (!(letter == "F") || (true U (letter == "Q"))))))'
[main] INFO de.learnlib.api.logging.LoggingPropertyOracle - Spurious counterexample: Query[ε|L I L F G K L A F K E C C C C C C C C C C C C C C C C C C C C C C C C C C C C C C C C C C C C C C C C C C C C C C C C C C C C C C C C C C C C C C C C C C C C C C C C C C C C C C C C C C C C C C C C C C C C C C C C C C C C C C C C C C C C C C C C C C C C C C C C C C C C C C C C C C C C C C C C C C C C C C C C C C C C C C C C C C C C C C C C C C C C C C C C C C C C C C C C C C C C C C C C C C C C C C C C C C C C C C C C C C C C C C C C C C C C C C C C C C C C C C C C C C C C C C C C C C C C C C C C C C C C C C C C C C C C C C C C C C C C C C C C C C C C C C C C C C C C C C C C C C C C C C C C C C C C C C C C C C C C C C C C C C C C C C C C C C C C C C C C C C C C C C C C C C C C C C C C C C C C C C C C C C C C C C C C C C C C C C C C C C C C C C C C C C C C C C C C C C C C C C C C C C C C C C / P V T T Y X Z P Z T S T T T T T T T T T T T T T T T T T T T T T T T T T T T T T T T T T T T T T T T T T T T T T T T T T T T T T T T T T T T T T T T T T T T T T T T T T T T T T T T T T T T T T T T T T T T T T T T T T T T T T T T T T T T T T T T T T T T T T T T T T T T T T T T T T T T T T T T T T T T T T T T T T T T T T T T T T T T T T T T T T T T T T T T T T T T T T T T T T T T T T T T T T T T T T T T T T T T T T T T T T T T T T T T T T T T T T T T T T T T T T T T T T T T T T T T T T T T T T T T T T T T T T T T T T T T T T T T T T T T T T T T T T T T T T T T T T T T T T T T T T T T T T T T T T T T T T T T T T T T T T T T T T T T T T T T T T T T T T T T T T T T T T T T T T T T T T T T T T T T T T T T T T T T T T T T T T T T T T T T T T T T T T T T T T T T T T T T T T T T T T T T T T T T T T T]
[main] INFO de.learnlib.util.Experiment - Query[ε|L I L F G K L A F K E C C C C C C C C C C C C C C C C C C C C C C C C C C C C C C C C C C C C C C C C C C C C C C C C C C C C C C C C C C C C C C C C C C C C C C C C C C C C C C C C C C C C C C C C C C C C C C C C C C C C C C C C C C C C C C C C C C C C C C C C C C C C C C C C C C C C C C C C C C C C C C C C C C C C C C C C C C C C C C C C C C C C C C C C C C C C C C C C C C C C C C C C C C C C C C C C C C C C C C C C C C C C C C C C C C C C C C C C C C C C C C C C C C C C C C C C C C C C C C C C C C C C C C C C C C C C C C C C C C C C C C C C C C C C C C C C C C C C C C C C C C C C C C C C C C C C C C C C C C C C C C C C C C C C C C C C C C C C C C C C C C C C C C C C C C C C C C C C C C C C C C C C C C C C C C C C C C C C C C C C C C C C C C C C C C C C C C C C C C C C C C C C C C C C C C / P V T T Y X Z P Z T S T T T T T T T T T T T T T T T T T T T T T T T T T T T T T T T T T T T T T T T T T T T T T T T T T T T T T T T T T T T T T T T T T T T T T T T T T T T T T T T T T T T T T T T T T T T T T T T T T T T T T T T T T T T T T T T T T T T T T T T T T T T T T T T T T T T T T T T T T T T T T T T T T T T T T T T T T T T T T T T T T T T T T T T T T T T T T T T T T T T T T T T T T T T T T T T T T T T T T T T T T T T T T T T T T T T T T T T T T T T T T T T T T T T T T T T T T T T T T T T T T T T T T T T T T T T T T T T T T T T T T T T T T T T T T T T T T T T T T T T T T T T T T T T T T T T T T T T T T T T T T T T T T T T T T T T T T T T T T T T T T T T T T T T T T T T T T T T T T T T T T T T T T T T T T T T T T T T T T T T T T T T T T T T T T T T T T T T T T T T T T T T T T T T T T T]
[main] INFO de.learnlib.util.Experiment - Starting round 8
[main] INFO de.learnlib.util.Experiment - Learning
[main] INFO de.learnlib.util.Experiment - Searching for counterexample
[main] INFO de.learnlib.api.logging.LoggingPropertyOracle - Property violated: '(false R (!((letter == "I") && (true U (letter == "D"))) || (((letter == "E") && (!X (!(letter == "D") U (letter == "B")) || X (!(letter == "D") U ((letter == "B") && (true U (letter == "W")))))) U (letter == "D"))))'
[main] INFO de.learnlib.api.logging.LoggingPropertyOracle - Counter example for property: Query[ε|L I L K K D D / P V T S T T T]
[main] INFO de.learnlib.api.logging.LoggingPropertyOracle - Property violated: '(false R (!(letter == "E") || (true U (letter == "Z"))))'
[main] INFO de.learnlib.api.logging.LoggingPropertyOracle - Counter example for property: Query[ε|L I L K K M E E / P V T S T S S S]
[main] INFO de.learnlib.api.logging.LoggingPropertyOracle - Property violated: '(false R (!(letter == "J") || (true U (letter == "V"))))'
[main] INFO de.learnlib.api.logging.LoggingPropertyOracle - Counter example for property: Query[ε|L I L F G K I E J E J E J E J E J E J E J E J E J / P V T T Y X Z Z R Z R Z R Z R Z R Z R Z R Z R Z R]
[main] INFO de.learnlib.api.logging.LoggingPropertyOracle - Property violated: '(false R (!((letter == "I") && (true U (letter == "K"))) || (!(letter == "S") U ((letter == "K") || (((letter == "W") && !(letter == "S")) && X (!(letter == "S") U (letter == "X")))))))'
[main] INFO de.learnlib.api.logging.LoggingPropertyOracle - Counter example for property: Query[ε|D I L B E K / X X Z T S P]
[main] INFO de.learnlib.api.logging.LoggingPropertyOracle - Property violated: '(false R (!(letter == "N") || (true U (letter == "Y"))))'
[main] INFO de.learnlib.api.logging.LoggingPropertyOracle - Counter example for property: Query[ε|L E N L N N / P Z V P X X]
[main] INFO de.learnlib.api.logging.LoggingPropertyOracle - Property violated: '(!(true U (letter == "C")) || (!(((letter == "S") && !(letter == "C")) && X (!(letter == "C") U ((letter == "R") && !(letter == "C")))) U ((letter == "C") || (letter == "F"))))'
[main] INFO de.learnlib.api.logging.LoggingPropertyOracle - Counter example for property: Query[ε|D I L B E K I E B L A C C / X X Z T S P Z Z R Z P T T]
[main] INFO de.learnlib.api.logging.LoggingPropertyOracle - Property violated: '(!(true U (letter == "E")) || ((!(letter == "F") || (!(letter == "E") U (((letter == "Y") && !(letter == "E")) && X (!(letter == "E") U (letter == "Q"))))) U (letter == "E")))'
[main] INFO de.learnlib.api.logging.LoggingPropertyOracle - Counter example for property: Query[ε|D I I F L E / X X Z S T Z]
[main] INFO de.learnlib.api.logging.LoggingPropertyOracle - Property violated: '(!(true U ((letter == "S") && X (true U (letter == "X")))) || (!(letter == "S") U (letter == "Z")))'
[main] INFO de.learnlib.api.logging.LoggingPropertyOracle - Counter example for property: Query[ε|D D I O L / X X S S X]
[main] INFO de.learnlib.api.logging.LoggingPropertyOracle - Property violated: '(false R (!(letter == "J") || ((!(letter == "A") || (!(letter == "B") U ((((letter == "R") && !(letter == "B")) && !(letter == "W")) && X ((!(letter == "B") && !(letter == "W")) U (letter == "V"))))) U ((letter == "B") || (false R (!(letter == "A") || (((letter == "R") && !(letter == "W")) && X (!(letter == "W") U (letter == "V")))))))))'
[main] INFO de.learnlib.api.logging.LoggingPropertyOracle - Counter example for property: Query[ε|L I L F G K I E J E O L A C / P V T T Y X Z Z R Z X Z P T]
[main] INFO de.learnlib.api.logging.LoggingPropertyOracle - Spurious counterexample found for property: '(false R (!(letter == "P") || (false R (!(letter == "F") || (true U (letter == "Q"))))))'
[main] INFO de.learnlib.api.logging.LoggingPropertyOracle - Spurious counterexample: Query[ε|L I L F G K L A F K D D D D D D D D D D D D D D D D D D D D D D D D D D D D D D D D D D D D D D D D D D D D D D D D D D D D D D D D D D D D D D D D D D D D D D D D D D D D D D D D D D D D D D D D D D D D D D D D D D D D D D D D D D D D D D D D D D D D D D D D D D D D D D D D D D D D D D D D D D D D D D D D D D D D D D D D D D D D D D D D D D D D D D D D D D D D D D D D D D D D D D D D D D D D D D D D D D D D D D D D D D D D D D D D D D D D D D D D D D D D D D D D D D D D D D D D D D D D D D D D D D D D D D D D D D D D D D D D D D D D D D D D D D D D D D D D D D D D D D D D D D D D D D D D D D D D D D D D D D D D D D D D D D D D D D D D D D D D D D D D D D D D D D D D D D D D D D D D D D D D D D D D D D D D D D D D D D D D D D D D D D D D D D D D D D D D D D D D D D D D D D D D D D D D D D D D D D D D D D D D D D D D D D D D D D D D D D D D D D D D D D D D D D D D D D D D D D D D D D D D D D D D D D D D D D D D D D D D D D D D D D D D D D D D D D D D D D D D D D D D D D D D D D D D D D D D D D D D D D D D D D D D D D D D D D / P V T T Y X Z P Z T - - - - - - - - - - - - - - - - - - - - - - - - - - - - - - - - - - - - - - - - - - - - - - - - - - - - - - - - - - - - - - - - - - - - - - - - - - - - - - - - - - - - - - - - - - - - - - - - - - - - - - - - - - - - - - - - - - - - - - - - - - - - - - - - - - - - - - - - - - - - - - - - - - - - - - - - - - - - - - - - - - - - - - - - - - - - - - - - - - - - - - - - - - - - - - - - - - - - - - - - - - - - - - - - - - - - - - - - - - - - - - - - - - - - - - - - - - - - - - - - - - - - - - - - - - - - - - - - - - - - - - - - - - - - - - - - - - - - - - - - - - - - - - - - - - - - - - - - - - - - - - - - - - - - - - - - - - - - - - - - - - - - - - - - - - - - - - - - - - - - - - - - - - - - - - - - - - - - - - - - - - - - - - - - - - - - - - - - - - - - - - - - - - - - - - - - - - - - - - - - - - - - - - - - - - - - - - - - - - - - - - - - - - - - - - - - - - - - - - - - - - - - - - - - - - - - - - - - - - - - - - - - - - - - - - - - - - - - - - - - - - - - - - - - - - - - - - - - - - - - - - - - - - - - - -]
[main] INFO de.learnlib.util.Experiment - Query[ε|L I L F G K L A F K D D D D D D D D D D D D D D D D D D D D D D D D D D D D D D D D D D D D D D D D D D D D D D D D D D D D D D D D D D D D D D D D D D D D D D D D D D D D D D D D D D D D D D D D D D D D D D D D D D D D D D D D D D D D D D D D D D D D D D D D D D D D D D D D D D D D D D D D D D D D D D D D D D D D D D D D D D D D D D D D D D D D D D D D D D D D D D D D D D D D D D D D D D D D D D D D D D D D D D D D D D D D D D D D D D D D D D D D D D D D D D D D D D D D D D D D D D D D D D D D D D D D D D D D D D D D D D D D D D D D D D D D D D D D D D D D D D D D D D D D D D D D D D D D D D D D D D D D D D D D D D D D D D D D D D D D D D D D D D D D D D D D D D D D D D D D D D D D D D D D D D D D D D D D D D D D D D D D D D D D D D D D D D D D D D D D D D D D D D D D D D D D D D D D D D D D D D D D D D D D D D D D D D D D D D D D D D D D D D D D D D D D D D D D D D D D D D D D D D D D D D D D D D D D D D D D D D D D D D D D D D D D D D D D D D D D D D D D D D D D D D D D D D D D D D D D D D D D D D D D D D D D D D D D D D / P V T T Y X Z P Z T - - - - - - - - - - - - - - - - - - - - - - - - - - - - - - - - - - - - - - - - - - - - - - - - - - - - - - - - - - - - - - - - - - - - - - - - - - - - - - - - - - - - - - - - - - - - - - - - - - - - - - - - - - - - - - - - - - - - - - - - - - - - - - - - - - - - - - - - - - - - - - - - - - - - - - - - - - - - - - - - - - - - - - - - - - - - - - - - - - - - - - - - - - - - - - - - - - - - - - - - - - - - - - - - - - - - - - - - - - - - - - - - - - - - - - - - - - - - - - - - - - - - - - - - - - - - - - - - - - - - - - - - - - - - - - - - - - - - - - - - - - - - - - - - - - - - - - - - - - - - - - - - - - - - - - - - - - - - - - - - - - - - - - - - - - - - - - - - - - - - - - - - - - - - - - - - - - - - - - - - - - - - - - - - - - - - - - - - - - - - - - - - - - - - - - - - - - - - - - - - - - - - - - - - - - - - - - - - - - - - - - - - - - - - - - - - - - - - - - - - - - - - - - - - - - - - - - - - - - - - - - - - - - - - - - - - - - - - - - - - - - - - - - - - - - - - - - - - - - - - - - - - - - - - - -]
[main] INFO de.learnlib.util.Experiment - Starting round 9
[main] INFO de.learnlib.util.Experiment - Learning
[main] INFO de.learnlib.util.Experiment - Searching for counterexample
[main] INFO de.learnlib.api.logging.LoggingPropertyOracle - Property violated: '(false R (!(letter == "P") || (false R (!(letter == "F") || (true U (letter == "Q"))))))'
[main] INFO de.learnlib.api.logging.LoggingPropertyOracle - Counter example for property: Query[ε|L I L F O N E O L A F O / P V T T X R Z X Z P Z Z]
[main] INFO de.learnlib.api.logging.LoggingPropertyOracle - Property violated: '(false R (!(letter == "B") || (false R (!(letter == "O") || (true U (letter == "S"))))))'
[main] INFO de.learnlib.api.logging.LoggingPropertyOracle - Counter example for property: Query[ε|L I L F O N E O L B K L A F O O / P V T T X R Z X Z T P Z P Z Z Z]
[main] INFO de.learnlib.api.logging.LoggingPropertyOracle - Property violated: '(false R (!(letter == "Y") || (false R (!(letter == "F") || (true U (letter == "Q"))))))'
[main] INFO de.learnlib.api.logging.LoggingPropertyOracle - Counter example for property: Query[ε|L I L F G K L A F O / P V T T Y X Z P Z Z]
[main] INFO de.learnlib.api.logging.LoggingPropertyOracle - Property violated: '(false R (!(letter == "O") || ((!(letter == "K") || (!(letter == "W") U (((letter == "V") && !(letter == "W")) && X (!(letter == "W") U (letter == "U"))))) U ((letter == "W") || (false R (!(letter == "K") || ((letter == "V") && X (true U (letter == "U")))))))))'
[main] INFO de.learnlib.api.logging.LoggingPropertyOracle - Counter example for property: Query[ε|L I L F O N E O L B K L B K L B K L B K L B K L B K L B K L B K L B K L B K L B K L B K L B K L B K L B K L B K L B K L B K L B K L B K L B K L B K L B K L B K L B K L B K L B K L B K L B K L B K L B K L B K L B K L B K L B K L B K L B K L B K L B K L B K L B K L B K L B K L B K L B K L B K L B K L B K L B K L B K L B K L B K L B K L B K L B K L B K L B K L B K L B K L B K L B K L B K L B K L B K L B K L B K L B K L B K L B K L B K L B K L B K L B K L B K L B K L B K L B K L B K L B K L B K L B K L B K L B K L B K L B K L B K L B K L B K L B K L B K L B K L B K L B K L B K L B K L B K L B K L B K L B K L B K L B K L B K L B K L B K L B K L B K L B K L B K L B K L B K L B K L B K L B K L B K L B K L B K L B K L B K L B K L B K L B K L B K L B K L B K L B K L B K L B K L B K L B K L B K L B K L B K L B K L B K L B K L B K L B K L B K L B K L B K L B K L B K L B K L B K L B K L B K L B K L B K L B K L B K L B K L B K L B K L B K L B K L B K L B K L B K L B K L B K L B K L B K L B K L B K L B K L B K L B K L B K L B K L B K L B K L B K L B K L B K L B K L B K L B K L B K L B K L B K L B K L B K L B K L B K L B K L B K L B K L B K L B K L B K L B K L B K L B K L B K L B K L B K L B K L B K L B K L B K L B K L B K L B K L B K L B K L B K L B K L B K L B K L B K L B K L B K L B K L B K L B K L B K L B K L B K L B K L B K L B K L B K L B K L B K L B K L B K L B K L B K L B K L B K L B K L B K L B K L B K L B K L B K L B K L B K L B K L B K L B K L B K L B K L B K L B K L B K L B K L B K L B K L B K L B K L B K L B K L B K L B K L B K L B K L B K L B K L B K L B K L B K L B K L B K L B K L B K L B K L B K L B K L B K L B K L B K L B K L B K L B K L B K L B K L B K L B K L B K L B K L B K / P V T T X R Z X Z T P Z T P Z T P Z T P Z T P Z T P Z T P Z T P Z T P Z T P Z T P Z T P Z T P Z T P Z T P Z T P Z T P Z T P Z T P Z T P Z T P Z T P Z T P Z T P Z T P Z T P Z T P Z T P Z T P Z T P Z T P Z T P Z T P Z T P Z T P Z T P Z T P Z T P Z T P Z T P Z T P Z T P Z T P Z T P Z T P Z T P Z T P Z T P Z T P Z T P Z T P Z T P Z T P Z T P Z T P Z T P Z T P Z T P Z T P Z T P Z T P Z T P Z T P Z T P Z T P Z T P Z T P Z T P Z T P Z T P Z T P Z T P Z T P Z T P Z T P Z T P Z T P Z T P Z T P Z T P Z T P Z T P Z T P Z T P Z T P Z T P Z T P Z T P Z T P Z T P Z T P Z T P Z T P Z T P Z T P Z T P Z T P Z T P Z T P Z T P Z T P Z T P Z T P Z T P Z T P Z T P Z T P Z T P Z T P Z T P Z T P Z T P Z T P Z T P Z T P Z T P Z T P Z T P Z T P Z T P Z T P Z T P Z T P Z T P Z T P Z T P Z T P Z T P Z T P Z T P Z T P Z T P Z T P Z T P Z T P Z T P Z T P Z T P Z T P Z T P Z T P Z T P Z T P Z T P Z T P Z T P Z T P Z T P Z T P Z T P Z T P Z T P Z T P Z T P Z T P Z T P Z T P Z T P Z T P Z T P Z T P Z T P Z T P Z T P Z T P Z T P Z T P Z T P Z T P Z T P Z T P Z T P Z T P Z T P Z T P Z T P Z T P Z T P Z T P Z T P Z T P Z T P Z T P Z T P Z T P Z T P Z T P Z T P Z T P Z T P Z T P Z T P Z T P Z T P Z T P Z T P Z T P Z T P Z T P Z T P Z T P Z T P Z T P Z T P Z T P Z T P Z T P Z T P Z T P Z T P Z T P Z T P Z T P Z T P Z T P Z T P Z T P Z T P Z T P Z T P Z T P Z T P Z T P Z T P Z T P Z T P Z T P Z T P Z T P Z T P Z T P Z T P Z T P Z T P Z T P Z T P Z T P Z T P Z T P Z T P Z T P Z T P Z T P Z T P Z T P Z T P Z T P Z T P Z T P Z T P Z T P Z T P Z T P Z T P Z T P Z T P Z T P Z T P Z T P Z T P Z T P Z T P Z T P Z T P Z T P Z T P Z T P Z T P Z T P Z T P Z T P Z T P Z T P Z T P Z T P Z T P Z T P Z T P Z T P Z T P Z T P Z T P]
[main] INFO de.learnlib.api.logging.LoggingPropertyOracle - Spurious counterexample found for property: '(false R (!(((letter == "S") && !(letter == "K")) && (true U (letter == "K"))) || (!(letter == "Y") U ((letter == "F") || (letter == "K")))))'
[main] INFO de.learnlib.api.logging.LoggingPropertyOracle - Spurious counterexample: Query[ε|D D I E L F K / X X S R Y S -]
[main] INFO de.learnlib.util.Experiment - Query[ε|D D I E L F K / X X S R Y S -]
[main] INFO de.learnlib.util.Experiment - Starting round 10
[main] INFO de.learnlib.util.Experiment - Learning
[main] INFO de.learnlib.util.Experiment - Searching for counterexample
[main] INFO de.learnlib.api.logging.LoggingPropertyOracle - Property violated: '(false R (!(((letter == "S") && !(letter == "K")) && (true U (letter == "K"))) || (!(letter == "Y") U ((letter == "F") || (letter == "K")))))'
[main] INFO de.learnlib.api.logging.LoggingPropertyOracle - Counter example for property: Query[ε|D D I E L F O L C L B K / X X S R Y S S X X Z T P]
[main] INFO de.learnlib.util.Experiment - Query[ε|D I J A M / X X V S -]
[main] INFO de.learnlib.util.Experiment - Starting round 11
[main] INFO de.learnlib.util.Experiment - Learning
[main] INFO de.learnlib.util.Experiment - Searching for counterexample
[main] INFO nl.utwente.fmt.rers.TimeOutEQOracle - Useless equivalence queries: 8499267
[main] INFO nl.utwente.fmt.rers.TimeOutEQOracle - Useless equivalence symbols: 145171535
[main] INFO nl.utwente.fmt.rers.TimeOutEQOracle - Real useless queries: 8499267
[main] INFO nl.utwente.fmt.rers.TimeOutEQOracle - Real useless symbols: 145171535
[main] INFO nl.utwente.fmt.rers.Main - final states: 39
[main] INFO nl.utwente.fmt.rers.Main - Final learning queries: 6507
[main] INFO nl.utwente.fmt.rers.Main - Properties disproved: 54
