[main] INFO nl.utwente.fmt.rers.Main - hostname: ctit027.ewi.utwente.nl
[main] INFO nl.utwente.fmt.rers.Main - commandline is: -c -t3600 -m45.0 -u20 9 DHC -M
[main] INFO nl.utwente.fmt.rers.Main - multiplier is: 45.0
[main] INFO nl.utwente.fmt.rers.Main - minimum unfolds is : 20
[main] INFO nl.utwente.fmt.rers.RERSExperiment - Parsed formula #0: (false R (!((letter == "L") && (true U (letter == "M"))) || (!(((letter == "W") && !(letter == "M")) && X (!(letter == "M") U ((letter == "X") && !(letter == "M")))) U ((letter == "M") || (letter == "Y")))))
[main] INFO nl.utwente.fmt.rers.RERSExperiment - Parsed formula #1: (false R (!(((letter == "E") && !(letter == "C")) && (true U (letter == "C"))) || (!(letter == "Z") U ((letter == "P") || (letter == "C")))))
[main] INFO nl.utwente.fmt.rers.RERSExperiment - Parsed formula #2: (false R (!(letter == "O") || (false R (!(letter == "E") || (true U (letter == "Z"))))))
[main] INFO nl.utwente.fmt.rers.RERSExperiment - Parsed formula #3: (false R (!(letter == "O") || (true U (((letter == "W") && !(letter == "Z")) && X (!(letter == "Z") U (letter == "X"))))))
[main] INFO nl.utwente.fmt.rers.RERSExperiment - Parsed formula #4: (false R ((letter == "T") && (!!(letter == "X") || ((!(letter == "D") || (!(letter == "X") U ((letter == "U") && !(letter == "X")))) W (letter == "X")))))
[main] INFO nl.utwente.fmt.rers.RERSExperiment - Parsed formula #5: (!(true U (letter == "D")) || (!(((letter == "Y") && !(letter == "D")) && X (!(letter == "D") U ((letter == "V") && !(letter == "D")))) U ((letter == "D") || (letter == "X"))))
[main] INFO nl.utwente.fmt.rers.RERSExperiment - Parsed formula #6: (false R (!(letter == "N") || ((!(((letter == "X") && !(letter == "Z")) && X (!(letter == "Z") U ((letter == "U") && !(letter == "Z")))) U ((letter == "Z") || (letter == "B"))) || (false R !((letter == "X") && X (true U (letter == "U")))))))
[main] INFO nl.utwente.fmt.rers.RERSExperiment - Parsed formula #7: (!(true U (letter == "X")) || (!(letter == "X") U (((letter == "G") && !(letter == "X")) && X (!(letter == "X") U (letter == "R")))))
[main] INFO nl.utwente.fmt.rers.RERSExperiment - Parsed formula #8: (!(true U (letter == "R")) || ((!(letter == "H") || (!(letter == "R") U ((((letter == "U") && !(letter == "R")) && !(letter == "V")) && X ((!(letter == "R") && !(letter == "V")) U (letter == "Y"))))) U (letter == "R")))
[main] INFO nl.utwente.fmt.rers.RERSExperiment - Parsed formula #9: (false R (!(letter == "J") || ((!(letter == "Q") || (!(letter == "I") U ((((letter == "X") && !(letter == "I")) && !(letter == "Z")) && X ((!(letter == "I") && !(letter == "Z")) U (letter == "V"))))) U ((letter == "I") || (false R (!(letter == "Q") || (((letter == "X") && !(letter == "Z")) && X (!(letter == "Z") U (letter == "V")))))))))
[main] INFO nl.utwente.fmt.rers.RERSExperiment - Parsed formula #10: (!(true U (letter == "P")) || (!(letter == "X") U ((letter == "P") || (((letter == "M") && !(letter == "X")) && X (!(letter == "X") U (letter == "D"))))))
[main] INFO nl.utwente.fmt.rers.RERSExperiment - Parsed formula #11: (!(true U (letter == "Z")) || ((!(letter == "L") || (!(letter == "Z") U (((letter == "W") && !(letter == "Z")) && X (!(letter == "Z") U (letter == "Y"))))) U (letter == "Z")))
[main] INFO nl.utwente.fmt.rers.RERSExperiment - Parsed formula #12: (false R (!(letter == "S") || (false R (!(letter == "C") || (true U (letter == "Z"))))))
[main] INFO nl.utwente.fmt.rers.RERSExperiment - Parsed formula #13: (false R (!((letter == "S") && (true U (letter == "R"))) || (!(((letter == "U") && !(letter == "R")) && X (!(letter == "R") U ((letter == "X") && !(letter == "R")))) U ((letter == "R") || (letter == "D")))))
[main] INFO nl.utwente.fmt.rers.RERSExperiment - Parsed formula #14: (false R (!((letter == "T") && (true U (letter == "B"))) || (!(((letter == "W") && !(letter == "B")) && X (!(letter == "B") U ((letter == "V") && !(letter == "B")))) U ((letter == "B") || (letter == "K")))))
[main] INFO nl.utwente.fmt.rers.RERSExperiment - Parsed formula #15: (false R (!(letter == "D") || (true U (letter == "V"))))
[main] INFO nl.utwente.fmt.rers.RERSExperiment - Parsed formula #16: (false R ((letter == "N") && (!!(letter == "O") || ((!(letter == "T") || (!(letter == "O") U ((letter == "U") && !(letter == "O")))) W (letter == "O")))))
[main] INFO nl.utwente.fmt.rers.RERSExperiment - Parsed formula #17: (false R ((letter == "R") && (!!(letter == "U") || ((!(letter == "D") || (!(letter == "U") U ((letter == "X") && !(letter == "U")))) W (letter == "U")))))
[main] INFO nl.utwente.fmt.rers.RERSExperiment - Parsed formula #18: (false R (!((letter == "W") && (true U (letter == "S"))) || (!(((letter == "U") && !(letter == "S")) && X (!(letter == "S") U ((letter == "Y") && !(letter == "S")))) U ((letter == "S") || (letter == "Q")))))
[main] INFO nl.utwente.fmt.rers.RERSExperiment - Parsed formula #19: (false R (!(letter == "J") || (false R (!(letter == "M") || (((letter == "X") && !(letter == "V")) && X (!(letter == "V") U (letter == "W")))))))
[main] INFO nl.utwente.fmt.rers.RERSExperiment - Parsed formula #20: (!(true U (letter == "Y")) || (!(letter == "U") U ((letter == "Y") || (((letter == "W") && !(letter == "U")) && X (!(letter == "U") U (letter == "X"))))))
[main] INFO nl.utwente.fmt.rers.RERSExperiment - Parsed formula #21: (false R (!(letter == "F") || ((!(letter == "H") || (!(letter == "G") U (((letter == "V") && !(letter == "G")) && X (!(letter == "G") U (letter == "Y"))))) U ((letter == "G") || (false R (!(letter == "H") || ((letter == "V") && X (true U (letter == "Y")))))))))
[main] INFO nl.utwente.fmt.rers.RERSExperiment - Parsed formula #22: (false R ((letter == "O") && (!X (true U (letter == "E")) || X (true U ((letter == "E") && (true U (letter == "W")))))))
[main] INFO nl.utwente.fmt.rers.RERSExperiment - Parsed formula #23: ((false R !(letter == "N")) || (true U ((letter == "N") && (!(letter == "V") W (letter == "P")))))
[main] INFO nl.utwente.fmt.rers.RERSExperiment - Parsed formula #24: (false R (!((letter == "C") && (true U (letter == "H"))) || ((!(letter == "I") || (!(letter == "H") U (((letter == "W") && !(letter == "H")) && X (!(letter == "H") U (letter == "Y"))))) U (letter == "H"))))
[main] INFO nl.utwente.fmt.rers.RERSExperiment - Parsed formula #25: (false R (!((letter == "H") && (true U (letter == "Y"))) || ((!(letter == "M") || (!(letter == "Y") U (((letter == "Z") && !(letter == "Y")) && X (!(letter == "Y") U (letter == "X"))))) U (letter == "Y"))))
[main] INFO nl.utwente.fmt.rers.RERSExperiment - Parsed formula #26: ((false R !(letter == "L")) || (!(letter == "L") U ((letter == "L") && (!(true U ((letter == "V") && X (true U (letter == "W")))) || (!(letter == "V") U (letter == "B"))))))
[main] INFO nl.utwente.fmt.rers.RERSExperiment - Parsed formula #27: (false R (!((letter == "X") && (true U (letter == "F"))) || (((letter == "L") && (!X (!(letter == "F") U (letter == "P")) || X (!(letter == "F") U ((letter == "P") && (true U (letter == "Y")))))) U (letter == "F"))))
[main] INFO nl.utwente.fmt.rers.RERSExperiment - Parsed formula #28: (false R (!(((letter == "D") && !(letter == "F")) && (true U (letter == "F"))) || ((!(letter == "K") || (!(letter == "F") U ((letter == "V") && !(letter == "F")))) U (letter == "F"))))
[main] INFO nl.utwente.fmt.rers.RERSExperiment - Parsed formula #29: (false R (!(((letter == "C") && !(letter == "U")) && (true U (letter == "U"))) || ((!(letter == "R") || (!(letter == "U") U ((letter == "W") && !(letter == "U")))) U (letter == "U"))))
[main] INFO nl.utwente.fmt.rers.RERSExperiment - Parsed formula #30: (!(true U ((letter == "Y") && X (true U (letter == "W")))) || (!(letter == "Y") U (letter == "X")))
[main] INFO nl.utwente.fmt.rers.RERSExperiment - Parsed formula #31: (false R (!(letter == "M") || (true U ((letter == "Y") && X (true U (letter == "W"))))))
[main] INFO nl.utwente.fmt.rers.RERSExperiment - Parsed formula #32: (!(true U (letter == "K")) || ((!(letter == "I") || (!(letter == "K") U (((letter == "X") && !(letter == "K")) && X (!(letter == "K") U (letter == "V"))))) U (letter == "K")))
[main] INFO nl.utwente.fmt.rers.RERSExperiment - Parsed formula #33: (false R (!(letter == "R") || (true U (((letter == "X") && !(letter == "W")) && X (!(letter == "W") U (letter == "V"))))))
[main] INFO nl.utwente.fmt.rers.RERSExperiment - Parsed formula #34: (!(true U (letter == "W")) || (!(letter == "X") U ((letter == "G") || (letter == "W"))))
[main] INFO nl.utwente.fmt.rers.RERSExperiment - Parsed formula #35: ((false R !(letter == "H")) || (!(letter == "H") U ((letter == "H") && (!(true U (letter == "W")) || (!(letter == "W") U (((letter == "F") && !(letter == "W")) && X (!(letter == "W") U (letter == "Z"))))))))
[main] INFO nl.utwente.fmt.rers.RERSExperiment - Parsed formula #36: (false R (!(letter == "S") || (true U (letter == "U"))))
[main] INFO nl.utwente.fmt.rers.RERSExperiment - Parsed formula #37: ((false R !(letter == "V")) || (!(letter == "V") U ((letter == "V") && (!(true U ((letter == "Z") && X (true U (letter == "U")))) || (!(letter == "Z") U (letter == "W"))))))
[main] INFO nl.utwente.fmt.rers.RERSExperiment - Parsed formula #38: (!(true U (letter == "U")) || (((letter == "A") && (!X (!(letter == "U") U (letter == "D")) || X (!(letter == "U") U ((letter == "D") && (true U (letter == "W")))))) U (letter == "U")))
[main] INFO nl.utwente.fmt.rers.RERSExperiment - Parsed formula #39: (false R (!(letter == "C") || ((!(((letter == "W") && !(letter == "I")) && X (!(letter == "I") U ((letter == "V") && !(letter == "I")))) U ((letter == "I") || (letter == "S"))) || (false R !((letter == "W") && X (true U (letter == "V")))))))
[main] INFO nl.utwente.fmt.rers.RERSExperiment - Parsed formula #40: (false R (!(letter == "H") || (false R (!(letter == "P") || (((letter == "U") && !(letter == "V")) && X (!(letter == "V") U (letter == "Z")))))))
[main] INFO nl.utwente.fmt.rers.RERSExperiment - Parsed formula #41: ((false R !(letter == "Z")) || (true U ((letter == "Z") && (!(letter == "Y") W (letter == "G")))))
[main] INFO nl.utwente.fmt.rers.RERSExperiment - Parsed formula #42: (false R (!(letter == "P") || ((!(((letter == "W") && !(letter == "E")) && X (!(letter == "E") U ((letter == "U") && !(letter == "E")))) U ((letter == "E") || (letter == "X"))) || (false R !((letter == "W") && X (true U (letter == "U")))))))
[main] INFO nl.utwente.fmt.rers.RERSExperiment - Parsed formula #43: (!(true U (letter == "U")) || (((letter == "I") && (!X (!(letter == "U") U (letter == "E")) || X (!(letter == "U") U ((letter == "E") && (true U (letter == "V")))))) U (letter == "U")))
[main] INFO nl.utwente.fmt.rers.RERSExperiment - Parsed formula #44: (false R (!((letter == "R") && (true U (letter == "U"))) || ((!(letter == "L") || (!(letter == "U") U ((((letter == "W") && !(letter == "U")) && !(letter == "Z")) && X ((!(letter == "U") && !(letter == "Z")) U (letter == "X"))))) U (letter == "U"))))
[main] INFO nl.utwente.fmt.rers.RERSExperiment - Parsed formula #45: (false R (!(((letter == "W") && !(letter == "N")) && (true U (letter == "N"))) || ((!(letter == "S") || (!(letter == "N") U ((letter == "V") && !(letter == "N")))) U (letter == "N"))))
[main] INFO nl.utwente.fmt.rers.RERSExperiment - Parsed formula #46: ((false R !(letter == "F")) || (!(letter == "F") U ((letter == "F") && (!(true U (letter == "Y")) || (!(letter == "Y") U (((letter == "K") && !(letter == "Y")) && X (!(letter == "Y") U (letter == "N"))))))))
[main] INFO nl.utwente.fmt.rers.RERSExperiment - Parsed formula #47: (!(true U (letter == "S")) || (!(((letter == "Y") && !(letter == "S")) && X (!(letter == "S") U ((letter == "V") && !(letter == "S")))) U ((letter == "S") || (letter == "Q"))))
[main] INFO nl.utwente.fmt.rers.RERSExperiment - Parsed formula #48: (false R (!(letter == "S") || (!(true U (letter == "W")) || (!(letter == "W") U ((letter == "O") || (((letter == "J") && !(letter == "W")) && X (!(letter == "W") U (letter == "X"))))))))
[main] INFO nl.utwente.fmt.rers.RERSExperiment - Parsed formula #49: (false R (!((letter == "H") && (true U (letter == "W"))) || (((letter == "J") && (!X (!(letter == "W") U (letter == "S")) || X (!(letter == "W") U ((letter == "S") && (true U (letter == "Z")))))) U (letter == "W"))))
[main] INFO nl.utwente.fmt.rers.RERSExperiment - Parsed formula #50: (!(letter == "U") W (letter == "K"))
[main] INFO nl.utwente.fmt.rers.RERSExperiment - Parsed formula #51: (false R (!(((letter == "E") && !(letter == "K")) && (true U (letter == "K"))) || (!(letter == "U") U ((letter == "M") || (letter == "K")))))
[main] INFO nl.utwente.fmt.rers.RERSExperiment - Parsed formula #52: (false R (!(letter == "H") || (false R (!(letter == "M") || ((letter == "Y") && X (true U (letter == "Z")))))))
[main] INFO nl.utwente.fmt.rers.RERSExperiment - Parsed formula #53: (false R (!(letter == "M") || ((!(letter == "I") || (!(letter == "A") U ((((letter == "W") && !(letter == "A")) && !(letter == "V")) && X ((!(letter == "A") && !(letter == "V")) U (letter == "U"))))) U ((letter == "A") || (false R (!(letter == "I") || (((letter == "W") && !(letter == "V")) && X (!(letter == "V") U (letter == "U")))))))))
[main] INFO nl.utwente.fmt.rers.RERSExperiment - Parsed formula #54: (false R (!(((letter == "S") && !(letter == "M")) && (true U (letter == "M"))) || (!(letter == "Z") U ((letter == "U") || (letter == "M")))))
[main] INFO nl.utwente.fmt.rers.RERSExperiment - Parsed formula #55: (false R (!(letter == "M") || (!(true U (letter == "Y")) || (!(letter == "Y") U ((letter == "R") || (((letter == "V") && !(letter == "Y")) && X (!(letter == "Y") U (letter == "I"))))))))
[main] INFO nl.utwente.fmt.rers.RERSExperiment - Parsed formula #56: ((false R !(letter == "K")) || (!(letter == "K") U ((letter == "K") && (!(true U (letter == "U")) || (!(letter == "U") U (((letter == "X") && !(letter == "U")) && X (!(letter == "U") U (letter == "Z"))))))))
[main] INFO nl.utwente.fmt.rers.RERSExperiment - Parsed formula #57: (!(true U (letter == "W")) || ((!(letter == "F") || (!(letter == "W") U (((letter == "V") && !(letter == "W")) && X (!(letter == "W") U (letter == "Y"))))) U (letter == "W")))
[main] INFO nl.utwente.fmt.rers.RERSExperiment - Parsed formula #58: (!(true U (letter == "W")) || (!(letter == "Y") U ((letter == "W") || (((letter == "C") && !(letter == "Y")) && X (!(letter == "Y") U (letter == "D"))))))
[main] INFO nl.utwente.fmt.rers.RERSExperiment - Parsed formula #59: (!(true U (letter == "H")) || ((!(letter == "G") || (!(letter == "H") U ((letter == "U") && !(letter == "H")))) U (letter == "H")))
[main] INFO nl.utwente.fmt.rers.RERSExperiment - Parsed formula #60: ((false R !(letter == "T")) || (true U ((letter == "T") && (!(letter == "Z") W (letter == "S")))))
[main] INFO nl.utwente.fmt.rers.RERSExperiment - Parsed formula #61: (false R ((letter == "T") && (!!(letter == "K") || (!(letter == "Z") W ((letter == "N") || (letter == "K"))))))
[main] INFO nl.utwente.fmt.rers.RERSExperiment - Parsed formula #62: (false R (!(letter == "T") || ((!(((letter == "V") && !(letter == "J")) && X (!(letter == "J") U ((letter == "X") && !(letter == "J")))) U ((letter == "J") || (letter == "G"))) || (false R !((letter == "V") && X (true U (letter == "X")))))))
[main] INFO nl.utwente.fmt.rers.RERSExperiment - Parsed formula #63: (!(true U ((letter == "Z") && X (true U (letter == "U")))) || (!(letter == "Z") U (letter == "Q")))
[main] INFO nl.utwente.fmt.rers.RERSExperiment - Parsed formula #64: (!(true U (letter == "H")) || ((!(letter == "P") || (!(letter == "H") U (((letter == "W") && !(letter == "H")) && X (!(letter == "H") U (letter == "Y"))))) U (letter == "H")))
[main] INFO nl.utwente.fmt.rers.RERSExperiment - Parsed formula #65: (false R (!((letter == "F") && (true U (letter == "B"))) || ((!(letter == "M") || (!(letter == "B") U (((letter == "X") && !(letter == "B")) && X (!(letter == "B") U (letter == "U"))))) U (letter == "B"))))
[main] INFO nl.utwente.fmt.rers.RERSExperiment - Parsed formula #66: (false R (!(letter == "N") || (false R (!(letter == "A") || (((letter == "Z") && !(letter == "U")) && X (!(letter == "U") U (letter == "V")))))))
[main] INFO nl.utwente.fmt.rers.RERSExperiment - Parsed formula #67: (false R (!(letter == "T") || ((!(letter == "N") || (!(letter == "M") U ((((letter == "Z") && !(letter == "M")) && !(letter == "U")) && X ((!(letter == "M") && !(letter == "U")) U (letter == "X"))))) U ((letter == "M") || (false R (!(letter == "N") || (((letter == "Z") && !(letter == "U")) && X (!(letter == "U") U (letter == "X")))))))))
[main] INFO nl.utwente.fmt.rers.RERSExperiment - Parsed formula #68: (false R ((letter == "T") && (!!(letter == "V") || ((!(letter == "I") || (!(letter == "V") U ((letter == "X") && !(letter == "V")))) W (letter == "V")))))
[main] INFO nl.utwente.fmt.rers.RERSExperiment - Parsed formula #69: (!(true U (letter == "S")) || (!(((letter == "V") && !(letter == "S")) && X (!(letter == "S") U ((letter == "Z") && !(letter == "S")))) U ((letter == "S") || (letter == "F"))))
[main] INFO nl.utwente.fmt.rers.RERSExperiment - Parsed formula #70: (!(letter == "V") W (letter == "C"))
[main] INFO nl.utwente.fmt.rers.RERSExperiment - Parsed formula #71: (false R (!(((letter == "D") && !(letter == "G")) && (true U (letter == "G"))) || ((!(letter == "E") || (!(letter == "G") U ((letter == "W") && !(letter == "G")))) U (letter == "G"))))
[main] INFO nl.utwente.fmt.rers.RERSExperiment - Parsed formula #72: (false R (!(letter == "F") || ((!(letter == "O") || (!(letter == "R") U (((letter == "Z") && !(letter == "R")) && X (!(letter == "R") U (letter == "Y"))))) U ((letter == "R") || (false R (!(letter == "O") || ((letter == "Z") && X (true U (letter == "Y")))))))))
[main] INFO nl.utwente.fmt.rers.RERSExperiment - Parsed formula #73: (false R (!((letter == "V") && (true U (letter == "P"))) || ((!(letter == "O") || (!(letter == "P") U ((((letter == "Y") && !(letter == "P")) && !(letter == "W")) && X ((!(letter == "P") && !(letter == "W")) U (letter == "U"))))) U (letter == "P"))))
[main] INFO nl.utwente.fmt.rers.RERSExperiment - Parsed formula #74: (false R (!(letter == "B") || (false R ((letter == "M") && (!X (true U (letter == "D")) || X (!(letter == "D") U ((letter == "D") && (true U (letter == "Z")))))))))
[main] INFO nl.utwente.fmt.rers.RERSExperiment - Parsed formula #75: (!(true U (letter == "U")) || ((!(letter == "T") || (!(letter == "U") U (((letter == "V") && !(letter == "U")) && X (!(letter == "U") U (letter == "X"))))) U (letter == "U")))
[main] INFO nl.utwente.fmt.rers.RERSExperiment - Parsed formula #76: (false R (!(letter == "N") || ((!(((letter == "Z") && !(letter == "J")) && X (!(letter == "J") U ((letter == "U") && !(letter == "J")))) U ((letter == "J") || (letter == "D"))) || (false R !((letter == "Z") && X (true U (letter == "U")))))))
[main] INFO nl.utwente.fmt.rers.RERSExperiment - Parsed formula #77: (!(true U (letter == "T")) || (!(letter == "U") U ((letter == "A") || (letter == "T"))))
[main] INFO nl.utwente.fmt.rers.RERSExperiment - Parsed formula #78: (false R (!(letter == "J") || (false R (!(letter == "H") || (true U (letter == "W"))))))
[main] INFO nl.utwente.fmt.rers.RERSExperiment - Parsed formula #79: (!(true U (letter == "R")) || ((!(letter == "H") || (!(letter == "R") U (((letter == "X") && !(letter == "R")) && X (!(letter == "R") U (letter == "W"))))) U (letter == "R")))
[main] INFO nl.utwente.fmt.rers.RERSExperiment - Parsed formula #80: (false R (!(letter == "L") || ((!(((letter == "Z") && !(letter == "H")) && X (!(letter == "H") U ((letter == "U") && !(letter == "H")))) U ((letter == "H") || (letter == "M"))) || (false R !((letter == "Z") && X (true U (letter == "U")))))))
[main] INFO nl.utwente.fmt.rers.RERSExperiment - Parsed formula #81: (false R (!((letter == "W") && (true U (letter == "B"))) || (!(((letter == "V") && !(letter == "B")) && X (!(letter == "B") U ((letter == "Y") && !(letter == "B")))) U ((letter == "B") || (letter == "R")))))
[main] INFO nl.utwente.fmt.rers.RERSExperiment - Parsed formula #82: (false R (!((letter == "U") && (true U (letter == "F"))) || (((letter == "H") && (!X (!(letter == "F") U (letter == "A")) || X (!(letter == "F") U ((letter == "A") && (true U (letter == "V")))))) U (letter == "F"))))
[main] INFO nl.utwente.fmt.rers.RERSExperiment - Parsed formula #83: (false R (!(letter == "H") || (true U (letter == "V"))))
[main] INFO nl.utwente.fmt.rers.RERSExperiment - Parsed formula #84: (false R (!(letter == "S") || (false R (!(letter == "L") || ((letter == "Y") && X (true U (letter == "V")))))))
[main] INFO nl.utwente.fmt.rers.RERSExperiment - Parsed formula #85: (!(true U (letter == "J")) || ((!(letter == "G") || (!(letter == "J") U ((letter == "Y") && !(letter == "J")))) U (letter == "J")))
[main] INFO nl.utwente.fmt.rers.RERSExperiment - Parsed formula #86: (false R (!((letter == "G") && (true U (letter == "L"))) || (((letter == "A") && (!X (!(letter == "L") U (letter == "J")) || X (!(letter == "L") U ((letter == "J") && (true U (letter == "U")))))) U (letter == "L"))))
[main] INFO nl.utwente.fmt.rers.RERSExperiment - Parsed formula #87: (false R (!((letter == "T") && (true U (letter == "U"))) || (!(((letter == "V") && !(letter == "U")) && X (!(letter == "U") U ((letter == "W") && !(letter == "U")))) U ((letter == "U") || (letter == "B")))))
[main] INFO nl.utwente.fmt.rers.RERSExperiment - Parsed formula #88: (false R ((letter == "O") && (!!(letter == "H") || (!(letter == "W") W ((letter == "C") || (letter == "H"))))))
[main] INFO nl.utwente.fmt.rers.RERSExperiment - Parsed formula #89: (false R (!(letter == "U") || (false R (!(letter == "H") || ((letter == "Z") && X (true U (letter == "X")))))))
[main] INFO nl.utwente.fmt.rers.RERSExperiment - Parsed formula #90: (false R (!((letter == "D") && (true U (letter == "H"))) || ((!(letter == "C") || (!(letter == "H") U ((((letter == "U") && !(letter == "H")) && !(letter == "Y")) && X ((!(letter == "H") && !(letter == "Y")) U (letter == "Z"))))) U (letter == "H"))))
[main] INFO nl.utwente.fmt.rers.RERSExperiment - Parsed formula #91: (false R (!(((letter == "G") && !(letter == "H")) && (true U (letter == "H"))) || ((!(letter == "N") || (!(letter == "H") U ((letter == "V") && !(letter == "H")))) U (letter == "H"))))
[main] INFO nl.utwente.fmt.rers.RERSExperiment - Parsed formula #92: (false R (!(letter == "P") || ((!(letter == "B") || (!(letter == "Q") U (((letter == "Y") && !(letter == "Q")) && X (!(letter == "Q") U (letter == "W"))))) U ((letter == "Q") || (false R (!(letter == "B") || ((letter == "Y") && X (true U (letter == "W")))))))))
[main] INFO nl.utwente.fmt.rers.RERSExperiment - Parsed formula #93: (false R (!((letter == "C") && (true U (letter == "U"))) || ((!(letter == "A") || (!(letter == "U") U (((letter == "Z") && !(letter == "U")) && X (!(letter == "U") U (letter == "Y"))))) U (letter == "U"))))
[main] INFO nl.utwente.fmt.rers.RERSExperiment - Parsed formula #94: (false R (!((letter == "O") && (true U (letter == "M"))) || ((!(letter == "K") || (!(letter == "M") U ((((letter == "W") && !(letter == "M")) && !(letter == "Y")) && X ((!(letter == "M") && !(letter == "Y")) U (letter == "X"))))) U (letter == "M"))))
[main] INFO nl.utwente.fmt.rers.RERSExperiment - Parsed formula #95: (false R (!((letter == "Q") && (true U (letter == "W"))) || (!(letter == "V") U ((letter == "W") || (((letter == "O") && !(letter == "V")) && X (!(letter == "V") U (letter == "F")))))))
[main] INFO nl.utwente.fmt.rers.RERSExperiment - Parsed formula #96: ((false R !(letter == "L")) || (!(letter == "L") U ((letter == "L") && (!(true U ((letter == "Z") && X (true U (letter == "Y")))) || (!(letter == "Z") U (letter == "B"))))))
[main] INFO nl.utwente.fmt.rers.RERSExperiment - Parsed formula #97: (false R (!(letter == "Z") || (false R (!(letter == "E") || ((letter == "V") && X (true U (letter == "U")))))))
[main] INFO nl.utwente.fmt.rers.RERSExperiment - Parsed formula #98: (!(true U (letter == "U")) || (!(letter == "U") U (((letter == "V") && !(letter == "U")) && X (!(letter == "U") U (letter == "M")))))
[main] INFO nl.utwente.fmt.rers.RERSExperiment - Parsed formula #99: (!(letter == "W") W (letter == "I"))
[main] INFO de.learnlib.util.Experiment - Starting round 1
[main] INFO de.learnlib.util.Experiment - Learning
[main] INFO de.learnlib.util.Experiment - Searching for counterexample
[main] INFO de.learnlib.util.Experiment - Query[ε|A L A L Q I I L / X V X Z X Z Y -]
[main] INFO de.learnlib.util.Experiment - Starting round 2
[main] INFO de.learnlib.util.Experiment - Learning
[main] INFO de.learnlib.util.Experiment - Searching for counterexample
[main] INFO de.learnlib.util.Experiment - Query[ε|A L A T T C B I I / X V X X V V Z Y -]
[main] INFO de.learnlib.util.Experiment - Starting round 3
[main] INFO de.learnlib.util.Experiment - Learning
[main] INFO de.learnlib.util.Experiment - Searching for counterexample
[main] INFO de.learnlib.util.Experiment - Query[ε|P L B B R N I F / Z Y Y Z V Y V -]
[main] INFO de.learnlib.util.Experiment - Starting round 4
[main] INFO de.learnlib.util.Experiment - Learning
[main] INFO de.learnlib.util.Experiment - Searching for counterexample
[main] INFO de.learnlib.util.Experiment - Query[ε|P L I F J J K L / Z Y Z V X Y X Z]
[main] INFO de.learnlib.util.Experiment - Starting round 5
[main] INFO de.learnlib.util.Experiment - Learning
[main] INFO de.learnlib.util.Experiment - Searching for counterexample
[main] INFO de.learnlib.util.Experiment - Query[ε|A L A P G I C R / X V X X Z V X Y]
[main] INFO de.learnlib.util.Experiment - Starting round 6
[main] INFO de.learnlib.util.Experiment - Learning
[main] INFO de.learnlib.util.Experiment - Searching for counterexample
[main] INFO de.learnlib.util.Experiment - Query[ε|A L A I E K C K / X V X X V Y V V]
[main] INFO de.learnlib.util.Experiment - Starting round 7
[main] INFO de.learnlib.util.Experiment - Learning
[main] INFO de.learnlib.util.Experiment - Searching for counterexample
[main] INFO de.learnlib.util.Experiment - Query[ε|A L L G P L C I / X V X Z Y V Z X]
[main] INFO de.learnlib.util.Experiment - Starting round 8
[main] INFO de.learnlib.util.Experiment - Learning
[main] INFO de.learnlib.util.Experiment - Searching for counterexample
[main] INFO de.learnlib.util.Experiment - Query[ε|A L Q K G O R C O / X V V X Z Y X V V]
[main] INFO de.learnlib.util.Experiment - Starting round 9
[main] INFO de.learnlib.util.Experiment - Learning
[main] INFO de.learnlib.util.Experiment - Searching for counterexample
[main] INFO de.learnlib.util.Experiment - Query[ε|A R N L C T / X Z V V V X]
[main] INFO de.learnlib.util.Experiment - Starting round 10
[main] INFO de.learnlib.util.Experiment - Learning
[main] INFO de.learnlib.util.Experiment - Searching for counterexample
[main] INFO de.learnlib.util.Experiment - Query[ε|Q T A C P / Y Y X V -]
[main] INFO de.learnlib.util.Experiment - Starting round 11
[main] INFO de.learnlib.util.Experiment - Learning
[main] INFO de.learnlib.util.Experiment - Searching for counterexample
[main] INFO de.learnlib.util.Experiment - Query[ε|P L N E N F C C / Z Y X Z Y Z X Z]
[main] INFO de.learnlib.util.Experiment - Starting round 12
[main] INFO de.learnlib.util.Experiment - Learning
[main] INFO de.learnlib.util.Experiment - Searching for counterexample
[main] INFO de.learnlib.util.Experiment - Query[ε|A L A T T Q C L / X V X X V X X -]
[main] INFO de.learnlib.util.Experiment - Starting round 13
[main] INFO de.learnlib.util.Experiment - Learning
[main] INFO de.learnlib.util.Experiment - Searching for counterexample
[main] INFO de.learnlib.util.Experiment - Query[ε|A R P F R I L L / X Z V V X Y V V]
[main] INFO de.learnlib.util.Experiment - Starting round 14
[main] INFO de.learnlib.util.Experiment - Learning
[main] INFO de.learnlib.util.Experiment - Searching for counterexample
[main] INFO de.learnlib.util.Experiment - Query[ε|A R N F N A L A / X Z V Y X V V Z]
[main] INFO de.learnlib.util.Experiment - Starting round 15
[main] INFO de.learnlib.util.Experiment - Learning
[main] INFO de.learnlib.util.Experiment - Searching for counterexample
[main] INFO de.learnlib.util.Experiment - Query[ε|A L D J P E R L I / X V Z X V X Y V -]
[main] INFO de.learnlib.util.Experiment - Starting round 16
[main] INFO de.learnlib.util.Experiment - Learning
[main] INFO de.learnlib.util.Experiment - Searching for counterexample
[main] INFO de.learnlib.util.Experiment - Query[ε|A R K E E L K / X Z X X Y Y V]
[main] INFO de.learnlib.util.Experiment - Starting round 17
[main] INFO de.learnlib.util.Experiment - Learning
[main] INFO de.learnlib.util.Experiment - Searching for counterexample
[main] INFO de.learnlib.util.Experiment - Query[ε|A P R J N K D N / X X X Z V V Y -]
[main] INFO de.learnlib.util.Experiment - Starting round 18
[main] INFO de.learnlib.util.Experiment - Learning
[main] INFO de.learnlib.util.Experiment - Searching for counterexample
[main] INFO de.learnlib.util.Experiment - Query[ε|A L Q K G N O A D L / X V V X Z Z V Y Y V]
[main] INFO de.learnlib.util.Experiment - Starting round 19
[main] INFO de.learnlib.util.Experiment - Learning
[main] INFO de.learnlib.util.Experiment - Searching for counterexample
[main] INFO de.learnlib.util.Experiment - Query[ε|A L Q K L G T D E / X V V X X V Z Y -]
[main] INFO de.learnlib.util.Experiment - Starting round 20
[main] INFO de.learnlib.util.Experiment - Learning
[main] INFO de.learnlib.util.Experiment - Searching for counterexample
[main] INFO de.learnlib.util.Experiment - Query[ε|A L D J P I A I / X V Z X V Z Y -]
[main] INFO de.learnlib.util.Experiment - Starting round 21
[main] INFO de.learnlib.util.Experiment - Learning
[main] INFO de.learnlib.util.Experiment - Searching for counterexample
[main] INFO nl.utwente.fmt.rers.TimeOutEQOracle - Timeout reached.
[main] INFO nl.utwente.fmt.rers.TimeOutEQOracle - Not using counter example!
[main] INFO nl.utwente.fmt.rers.TimeOutEQOracle - Useless equivalence queries: 2960969
[main] INFO nl.utwente.fmt.rers.TimeOutEQOracle - Useless equivalence symbols: 26700535
[main] INFO nl.utwente.fmt.rers.TimeOutEQOracle - Real useless queries: 2960969
[main] INFO nl.utwente.fmt.rers.TimeOutEQOracle - Real useless symbols: 26700535
[main] INFO nl.utwente.fmt.rers.Main - final states: 564
[main] INFO de.learnlib.api.logging.LoggingPropertyOracle - Property violated: '(false R (!(((letter == "E") && !(letter == "C")) && (true U (letter == "C"))) || (!(letter == "Z") U ((letter == "P") || (letter == "C")))))'
[main] INFO de.learnlib.api.logging.LoggingPropertyOracle - Counter example for property: Query[ε|P L N E C / Z Y X Z Y]
[main] INFO de.learnlib.api.logging.LoggingPropertyOracle - Property violated: '(false R ((letter == "T") && (!!(letter == "X") || ((!(letter == "D") || (!(letter == "X") U ((letter == "U") && !(letter == "X")))) W (letter == "X")))))'
[main] INFO de.learnlib.api.logging.LoggingPropertyOracle - Counter example for property: Query[ε|A / X]
[main] INFO de.learnlib.api.logging.LoggingPropertyOracle - Property violated: '(!(true U (letter == "D")) || (!(((letter == "Y") && !(letter == "D")) && X (!(letter == "D") U ((letter == "V") && !(letter == "D")))) U ((letter == "D") || (letter == "X"))))'
[main] INFO de.learnlib.api.logging.LoggingPropertyOracle - Counter example for property: Query[ε|Q T J D / Y Y V X]
[main] INFO de.learnlib.api.logging.LoggingPropertyOracle - Property violated: '(!(true U (letter == "X")) || (!(letter == "X") U (((letter == "G") && !(letter == "X")) && X (!(letter == "X") U (letter == "R")))))'
[main] INFO de.learnlib.api.logging.LoggingPropertyOracle - Counter example for property: Query[ε|A / X]
[main] INFO de.learnlib.api.logging.LoggingPropertyOracle - Property violated: '(false R (!(letter == "J") || ((!(letter == "Q") || (!(letter == "I") U ((((letter == "X") && !(letter == "I")) && !(letter == "Z")) && X ((!(letter == "I") && !(letter == "Z")) U (letter == "V"))))) U ((letter == "I") || (false R (!(letter == "Q") || (((letter == "X") && !(letter == "Z")) && X (!(letter == "Z") U (letter == "V")))))))))'
[main] INFO de.learnlib.api.logging.LoggingPropertyOracle - Counter example for property: Query[ε|A P R J Q I / X X X Z V V]
[main] INFO de.learnlib.api.logging.LoggingPropertyOracle - Property violated: '(!(true U (letter == "P")) || (!(letter == "X") U ((letter == "P") || (((letter == "M") && !(letter == "X")) && X (!(letter == "X") U (letter == "D"))))))'
[main] INFO de.learnlib.api.logging.LoggingPropertyOracle - Counter example for property: Query[ε|A P / X X]
[main] INFO de.learnlib.api.logging.LoggingPropertyOracle - Property violated: '(!(true U (letter == "Z")) || ((!(letter == "L") || (!(letter == "Z") U (((letter == "W") && !(letter == "Z")) && X (!(letter == "Z") U (letter == "Y"))))) U (letter == "Z")))'
[main] INFO de.learnlib.api.logging.LoggingPropertyOracle - Counter example for property: Query[ε|A L D / X V Z]
[main] INFO de.learnlib.api.logging.LoggingPropertyOracle - Property violated: '(false R ((letter == "N") && (!!(letter == "O") || ((!(letter == "T") || (!(letter == "O") U ((letter == "U") && !(letter == "O")))) W (letter == "O")))))'
[main] INFO de.learnlib.api.logging.LoggingPropertyOracle - Counter example for property: Query[ε|A / X]
[main] INFO de.learnlib.api.logging.LoggingPropertyOracle - Property violated: '(false R ((letter == "R") && (!!(letter == "U") || ((!(letter == "D") || (!(letter == "U") U ((letter == "X") && !(letter == "U")))) W (letter == "U")))))'
[main] INFO de.learnlib.api.logging.LoggingPropertyOracle - Counter example for property: Query[ε|A / X]
[main] INFO de.learnlib.api.logging.LoggingPropertyOracle - Property violated: '(false R (!(letter == "J") || (false R (!(letter == "M") || (((letter == "X") && !(letter == "V")) && X (!(letter == "V") U (letter == "W")))))))'
[main] INFO de.learnlib.api.logging.LoggingPropertyOracle - Counter example for property: Query[ε|A M F J M / X Y V V V]
[main] INFO de.learnlib.api.logging.LoggingPropertyOracle - Property violated: '(false R ((letter == "O") && (!X (true U (letter == "E")) || X (true U ((letter == "E") && (true U (letter == "W")))))))'
[main] INFO de.learnlib.api.logging.LoggingPropertyOracle - Counter example for property: Query[ε|A / X]
[main] INFO de.learnlib.api.logging.LoggingPropertyOracle - Property violated: '(false R (!((letter == "X") && (true U (letter == "F"))) || (((letter == "L") && (!X (!(letter == "F") U (letter == "P")) || X (!(letter == "F") U ((letter == "P") && (true U (letter == "Y")))))) U (letter == "F"))))'
[main] INFO de.learnlib.api.logging.LoggingPropertyOracle - Counter example for property: Query[ε|A M F / X Y V]
[main] INFO de.learnlib.api.logging.LoggingPropertyOracle - Property violated: '(false R (!(((letter == "D") && !(letter == "F")) && (true U (letter == "F"))) || ((!(letter == "K") || (!(letter == "F") U ((letter == "V") && !(letter == "F")))) U (letter == "F"))))'
[main] INFO de.learnlib.api.logging.LoggingPropertyOracle - Counter example for property: Query[ε|A P R D I K M F / X X X Z X Z Z Z]
[main] INFO de.learnlib.api.logging.LoggingPropertyOracle - Property violated: '(!(true U (letter == "K")) || ((!(letter == "I") || (!(letter == "K") U (((letter == "X") && !(letter == "K")) && X (!(letter == "K") U (letter == "V"))))) U (letter == "K")))'
[main] INFO de.learnlib.api.logging.LoggingPropertyOracle - Counter example for property: Query[ε|P L I K / Z Y Z Y]
[main] INFO de.learnlib.api.logging.LoggingPropertyOracle - Property violated: '((false R !(letter == "F")) || (!(letter == "F") U ((letter == "F") && (!(true U (letter == "Y")) || (!(letter == "Y") U (((letter == "K") && !(letter == "Y")) && X (!(letter == "Y") U (letter == "N"))))))))'
[main] INFO de.learnlib.api.logging.LoggingPropertyOracle - Counter example for property: Query[ε|A R N F / X Z V Y]
[main] INFO de.learnlib.api.logging.LoggingPropertyOracle - Property violated: '(!(true U (letter == "S")) || (!(((letter == "Y") && !(letter == "S")) && X (!(letter == "S") U ((letter == "V") && !(letter == "S")))) U ((letter == "S") || (letter == "Q"))))'
[main] INFO de.learnlib.api.logging.LoggingPropertyOracle - Counter example for property: Query[ε|A M F C S / X Y V Z Z]
[main] INFO de.learnlib.api.logging.LoggingPropertyOracle - Property violated: '(false R (!(letter == "M") || ((!(letter == "I") || (!(letter == "A") U ((((letter == "W") && !(letter == "A")) && !(letter == "V")) && X ((!(letter == "A") && !(letter == "V")) U (letter == "U"))))) U ((letter == "A") || (false R (!(letter == "I") || (((letter == "W") && !(letter == "V")) && X (!(letter == "V") U (letter == "U")))))))))'
[main] INFO de.learnlib.api.logging.LoggingPropertyOracle - Counter example for property: Query[ε|A M F J N I A / X Y V V X Z X]
[main] INFO de.learnlib.api.logging.LoggingPropertyOracle - Property violated: '(false R (!(((letter == "S") && !(letter == "M")) && (true U (letter == "M"))) || (!(letter == "Z") U ((letter == "U") || (letter == "M")))))'
[main] INFO de.learnlib.api.logging.LoggingPropertyOracle - Counter example for property: Query[ε|A L A P S R M / X V X X Y Z Z]
[main] INFO de.learnlib.api.logging.LoggingPropertyOracle - Property violated: '(false R (!(letter == "M") || (!(true U (letter == "Y")) || (!(letter == "Y") U ((letter == "R") || (((letter == "V") && !(letter == "Y")) && X (!(letter == "Y") U (letter == "I"))))))))'
[main] INFO de.learnlib.api.logging.LoggingPropertyOracle - Counter example for property: Query[ε|A M / X Y]
[main] INFO de.learnlib.api.logging.LoggingPropertyOracle - Property violated: '(false R ((letter == "T") && (!!(letter == "K") || (!(letter == "Z") W ((letter == "N") || (letter == "K"))))))'
[main] INFO de.learnlib.api.logging.LoggingPropertyOracle - Counter example for property: Query[ε|A / X]
[main] INFO de.learnlib.api.logging.LoggingPropertyOracle - Property violated: '(false R (!(letter == "T") || ((!(((letter == "V") && !(letter == "J")) && X (!(letter == "J") U ((letter == "X") && !(letter == "J")))) U ((letter == "J") || (letter == "G"))) || (false R !((letter == "V") && X (true U (letter == "X")))))))'
[main] INFO de.learnlib.api.logging.LoggingPropertyOracle - Counter example for property: Query[ε|Q T A C B / Y Y X V X]
[main] INFO de.learnlib.api.logging.LoggingPropertyOracle - Property violated: '(false R (!((letter == "F") && (true U (letter == "B"))) || ((!(letter == "M") || (!(letter == "B") U (((letter == "X") && !(letter == "B")) && X (!(letter == "B") U (letter == "U"))))) U (letter == "B"))))'
[main] INFO de.learnlib.api.logging.LoggingPropertyOracle - Counter example for property: Query[ε|A M F O E M B / X Y V Z X Y Z]
[main] INFO de.learnlib.api.logging.LoggingPropertyOracle - Property violated: '(false R (!(letter == "N") || (false R (!(letter == "A") || (((letter == "Z") && !(letter == "U")) && X (!(letter == "U") U (letter == "V")))))))'
[main] INFO de.learnlib.api.logging.LoggingPropertyOracle - Counter example for property: Query[ε|A R N B A / X Z V V X]
[main] INFO de.learnlib.api.logging.LoggingPropertyOracle - Property violated: '(false R (!(letter == "T") || ((!(letter == "N") || (!(letter == "M") U ((((letter == "Z") && !(letter == "M")) && !(letter == "U")) && X ((!(letter == "M") && !(letter == "U")) U (letter == "X"))))) U ((letter == "M") || (false R (!(letter == "N") || (((letter == "Z") && !(letter == "U")) && X (!(letter == "U") U (letter == "X")))))))))'
[main] INFO de.learnlib.api.logging.LoggingPropertyOracle - Counter example for property: Query[ε|A P R I T I N M / X X X V Z Y Y Y]
[main] INFO de.learnlib.api.logging.LoggingPropertyOracle - Property violated: '(false R ((letter == "T") && (!!(letter == "V") || ((!(letter == "I") || (!(letter == "V") U ((letter == "X") && !(letter == "V")))) W (letter == "V")))))'
[main] INFO de.learnlib.api.logging.LoggingPropertyOracle - Counter example for property: Query[ε|A / X]
[main] INFO de.learnlib.api.logging.LoggingPropertyOracle - Property violated: '(!(true U (letter == "S")) || (!(((letter == "V") && !(letter == "S")) && X (!(letter == "S") U ((letter == "Z") && !(letter == "S")))) U ((letter == "S") || (letter == "F"))))'
[main] INFO de.learnlib.api.logging.LoggingPropertyOracle - Counter example for property: Query[ε|A L Q J S / X V V Z X]
[main] INFO de.learnlib.api.logging.LoggingPropertyOracle - Property violated: '(!(letter == "V") W (letter == "C"))'
[main] INFO de.learnlib.api.logging.LoggingPropertyOracle - Counter example for property: Query[ε|A L / X V]
[main] INFO de.learnlib.api.logging.LoggingPropertyOracle - Property violated: '(false R (!(((letter == "D") && !(letter == "G")) && (true U (letter == "G"))) || ((!(letter == "E") || (!(letter == "G") U ((letter == "W") && !(letter == "G")))) U (letter == "G"))))'
[main] INFO de.learnlib.api.logging.LoggingPropertyOracle - Counter example for property: Query[ε|A L D R F T E G / X V Z Y Z X Z V]
[main] INFO de.learnlib.api.logging.LoggingPropertyOracle - Property violated: '(false R (!(letter == "F") || ((!(letter == "O") || (!(letter == "R") U (((letter == "Z") && !(letter == "R")) && X (!(letter == "R") U (letter == "Y"))))) U ((letter == "R") || (false R (!(letter == "O") || ((letter == "Z") && X (true U (letter == "Y")))))))))'
[main] INFO de.learnlib.api.logging.LoggingPropertyOracle - Counter example for property: Query[ε|A M F O C R / X Y V Z X Z]
[main] INFO de.learnlib.api.logging.LoggingPropertyOracle - Property violated: '(false R (!((letter == "V") && (true U (letter == "P"))) || ((!(letter == "O") || (!(letter == "P") U ((((letter == "Y") && !(letter == "P")) && !(letter == "W")) && X ((!(letter == "P") && !(letter == "W")) U (letter == "U"))))) U (letter == "P"))))'
[main] INFO de.learnlib.api.logging.LoggingPropertyOracle - Counter example for property: Query[ε|A L Q F O P / X V V Y Z Z]
[main] INFO de.learnlib.api.logging.LoggingPropertyOracle - Property violated: '(false R (!(letter == "B") || (false R ((letter == "M") && (!X (true U (letter == "D")) || X (!(letter == "D") U ((letter == "D") && (true U (letter == "Z")))))))))'
[main] INFO de.learnlib.api.logging.LoggingPropertyOracle - Counter example for property: Query[ε|P L B / Z Y Y]
[main] INFO de.learnlib.api.logging.LoggingPropertyOracle - Property violated: '(false R (!(letter == "S") || (false R (!(letter == "L") || ((letter == "Y") && X (true U (letter == "V")))))))'
[main] INFO de.learnlib.api.logging.LoggingPropertyOracle - Counter example for property: Query[ε|A R K S F K L / X Z X V Y Z Y]
[main] INFO de.learnlib.api.logging.LoggingPropertyOracle - Property violated: '(!(true U (letter == "J")) || ((!(letter == "G") || (!(letter == "J") U ((letter == "Y") && !(letter == "J")))) U (letter == "J")))'
[main] INFO de.learnlib.api.logging.LoggingPropertyOracle - Counter example for property: Query[ε|Q T A C G J / Y Y X V V V]
[main] INFO de.learnlib.api.logging.LoggingPropertyOracle - Property violated: '(false R (!((letter == "G") && (true U (letter == "L"))) || (((letter == "A") && (!X (!(letter == "L") U (letter == "J")) || X (!(letter == "L") U ((letter == "J") && (true U (letter == "U")))))) U (letter == "L"))))'
[main] INFO de.learnlib.api.logging.LoggingPropertyOracle - Counter example for property: Query[ε|P L G F L / Z Y Y Z Z]
[main] INFO de.learnlib.api.logging.LoggingPropertyOracle - Property violated: '(false R ((letter == "O") && (!!(letter == "H") || (!(letter == "W") W ((letter == "C") || (letter == "H"))))))'
[main] INFO de.learnlib.api.logging.LoggingPropertyOracle - Counter example for property: Query[ε|A / X]
[main] INFO de.learnlib.api.logging.LoggingPropertyOracle - Property violated: '(false R (!(letter == "P") || ((!(letter == "B") || (!(letter == "Q") U (((letter == "Y") && !(letter == "Q")) && X (!(letter == "Q") U (letter == "W"))))) U ((letter == "Q") || (false R (!(letter == "B") || ((letter == "Y") && X (true U (letter == "W")))))))))'
[main] INFO de.learnlib.api.logging.LoggingPropertyOracle - Counter example for property: Query[ε|A R P F B Q / X Z V V X X]
[main] INFO de.learnlib.api.logging.LoggingPropertyOracle - Property violated: '(false R (!((letter == "O") && (true U (letter == "M"))) || ((!(letter == "K") || (!(letter == "M") U ((((letter == "W") && !(letter == "M")) && !(letter == "Y")) && X ((!(letter == "M") && !(letter == "Y")) U (letter == "X"))))) U (letter == "M"))))'
[main] INFO de.learnlib.api.logging.LoggingPropertyOracle - Counter example for property: Query[ε|A M F O O K M / X Y V Z Y V X]
[main] INFO de.learnlib.api.logging.LoggingPropertyOracle - Property violated: '((false R !(letter == "L")) || (!(letter == "L") U ((letter == "L") && (!(true U ((letter == "Z") && X (true U (letter == "Y")))) || (!(letter == "Z") U (letter == "B"))))))'
[main] INFO de.learnlib.api.logging.LoggingPropertyOracle - Counter example for property: Query[ε|P L I K / Z Y Z Y]
[main] INFO de.learnlib.api.logging.LoggingPropertyOracle - Property violated: '(false R (!(letter == "Z") || (false R (!(letter == "E") || ((letter == "V") && X (true U (letter == "U")))))))'
[main] INFO de.learnlib.api.logging.LoggingPropertyOracle - Counter example for property: Query[ε|A R K E / X Z X X]
[main] INFO nl.utwente.fmt.rers.Main - Final learning queries: 6818731
[main] INFO nl.utwente.fmt.rers.Main - Properties disproved: 39
