[main] INFO nl.utwente.fmt.rers.Main - hostname: ctit009.ewi.utwente.nl
[main] INFO nl.utwente.fmt.rers.Main - commandline is: -c -t3600 -m45.0 -u20 9 ADT -B
[main] INFO nl.utwente.fmt.rers.Main - multiplier is: 45.0
[main] INFO nl.utwente.fmt.rers.Main - minimum unfolds is : 20
[main] INFO nl.utwente.fmt.rers.RERSExperiment - Parsed formula #0: (false R (!((letter == "L") && (true U (letter == "M"))) || (!(((letter == "W") && !(letter == "M")) && X (!(letter == "M") U ((letter == "X") && !(letter == "M")))) U ((letter == "M") || (letter == "Y")))))
[main] INFO nl.utwente.fmt.rers.RERSExperiment - Parsed formula #1: (false R (!(((letter == "E") && !(letter == "C")) && (true U (letter == "C"))) || (!(letter == "Z") U ((letter == "P") || (letter == "C")))))
[main] INFO nl.utwente.fmt.rers.RERSExperiment - Parsed formula #2: (false R (!(letter == "O") || (false R (!(letter == "E") || (true U (letter == "Z"))))))
[main] INFO nl.utwente.fmt.rers.RERSExperiment - Parsed formula #3: (false R (!(letter == "O") || (true U (((letter == "W") && !(letter == "Z")) && X (!(letter == "Z") U (letter == "X"))))))
[main] INFO nl.utwente.fmt.rers.RERSExperiment - Parsed formula #4: (false R ((letter == "T") && (!!(letter == "X") || ((!(letter == "D") || (!(letter == "X") U ((letter == "U") && !(letter == "X")))) W (letter == "X")))))
[main] INFO nl.utwente.fmt.rers.RERSExperiment - Parsed formula #5: (!(true U (letter == "D")) || (!(((letter == "Y") && !(letter == "D")) && X (!(letter == "D") U ((letter == "V") && !(letter == "D")))) U ((letter == "D") || (letter == "X"))))
[main] INFO nl.utwente.fmt.rers.RERSExperiment - Parsed formula #6: (false R (!(letter == "N") || ((!(((letter == "X") && !(letter == "Z")) && X (!(letter == "Z") U ((letter == "U") && !(letter == "Z")))) U ((letter == "Z") || (letter == "B"))) || (false R !((letter == "X") && X (true U (letter == "U")))))))
[main] INFO nl.utwente.fmt.rers.RERSExperiment - Parsed formula #7: (!(true U (letter == "X")) || (!(letter == "X") U (((letter == "G") && !(letter == "X")) && X (!(letter == "X") U (letter == "R")))))
[main] INFO nl.utwente.fmt.rers.RERSExperiment - Parsed formula #8: (!(true U (letter == "R")) || ((!(letter == "H") || (!(letter == "R") U ((((letter == "U") && !(letter == "R")) && !(letter == "V")) && X ((!(letter == "R") && !(letter == "V")) U (letter == "Y"))))) U (letter == "R")))
[main] INFO nl.utwente.fmt.rers.RERSExperiment - Parsed formula #9: (false R (!(letter == "J") || ((!(letter == "Q") || (!(letter == "I") U ((((letter == "X") && !(letter == "I")) && !(letter == "Z")) && X ((!(letter == "I") && !(letter == "Z")) U (letter == "V"))))) U ((letter == "I") || (false R (!(letter == "Q") || (((letter == "X") && !(letter == "Z")) && X (!(letter == "Z") U (letter == "V")))))))))
[main] INFO nl.utwente.fmt.rers.RERSExperiment - Parsed formula #10: (!(true U (letter == "P")) || (!(letter == "X") U ((letter == "P") || (((letter == "M") && !(letter == "X")) && X (!(letter == "X") U (letter == "D"))))))
[main] INFO nl.utwente.fmt.rers.RERSExperiment - Parsed formula #11: (!(true U (letter == "Z")) || ((!(letter == "L") || (!(letter == "Z") U (((letter == "W") && !(letter == "Z")) && X (!(letter == "Z") U (letter == "Y"))))) U (letter == "Z")))
[main] INFO nl.utwente.fmt.rers.RERSExperiment - Parsed formula #12: (false R (!(letter == "S") || (false R (!(letter == "C") || (true U (letter == "Z"))))))
[main] INFO nl.utwente.fmt.rers.RERSExperiment - Parsed formula #13: (false R (!((letter == "S") && (true U (letter == "R"))) || (!(((letter == "U") && !(letter == "R")) && X (!(letter == "R") U ((letter == "X") && !(letter == "R")))) U ((letter == "R") || (letter == "D")))))
[main] INFO nl.utwente.fmt.rers.RERSExperiment - Parsed formula #14: (false R (!((letter == "T") && (true U (letter == "B"))) || (!(((letter == "W") && !(letter == "B")) && X (!(letter == "B") U ((letter == "V") && !(letter == "B")))) U ((letter == "B") || (letter == "K")))))
[main] INFO nl.utwente.fmt.rers.RERSExperiment - Parsed formula #15: (false R (!(letter == "D") || (true U (letter == "V"))))
[main] INFO nl.utwente.fmt.rers.RERSExperiment - Parsed formula #16: (false R ((letter == "N") && (!!(letter == "O") || ((!(letter == "T") || (!(letter == "O") U ((letter == "U") && !(letter == "O")))) W (letter == "O")))))
[main] INFO nl.utwente.fmt.rers.RERSExperiment - Parsed formula #17: (false R ((letter == "R") && (!!(letter == "U") || ((!(letter == "D") || (!(letter == "U") U ((letter == "X") && !(letter == "U")))) W (letter == "U")))))
[main] INFO nl.utwente.fmt.rers.RERSExperiment - Parsed formula #18: (false R (!((letter == "W") && (true U (letter == "S"))) || (!(((letter == "U") && !(letter == "S")) && X (!(letter == "S") U ((letter == "Y") && !(letter == "S")))) U ((letter == "S") || (letter == "Q")))))
[main] INFO nl.utwente.fmt.rers.RERSExperiment - Parsed formula #19: (false R (!(letter == "J") || (false R (!(letter == "M") || (((letter == "X") && !(letter == "V")) && X (!(letter == "V") U (letter == "W")))))))
[main] INFO nl.utwente.fmt.rers.RERSExperiment - Parsed formula #20: (!(true U (letter == "Y")) || (!(letter == "U") U ((letter == "Y") || (((letter == "W") && !(letter == "U")) && X (!(letter == "U") U (letter == "X"))))))
[main] INFO nl.utwente.fmt.rers.RERSExperiment - Parsed formula #21: (false R (!(letter == "F") || ((!(letter == "H") || (!(letter == "G") U (((letter == "V") && !(letter == "G")) && X (!(letter == "G") U (letter == "Y"))))) U ((letter == "G") || (false R (!(letter == "H") || ((letter == "V") && X (true U (letter == "Y")))))))))
[main] INFO nl.utwente.fmt.rers.RERSExperiment - Parsed formula #22: (false R ((letter == "O") && (!X (true U (letter == "E")) || X (true U ((letter == "E") && (true U (letter == "W")))))))
[main] INFO nl.utwente.fmt.rers.RERSExperiment - Parsed formula #23: ((false R !(letter == "N")) || (true U ((letter == "N") && (!(letter == "V") W (letter == "P")))))
[main] INFO nl.utwente.fmt.rers.RERSExperiment - Parsed formula #24: (false R (!((letter == "C") && (true U (letter == "H"))) || ((!(letter == "I") || (!(letter == "H") U (((letter == "W") && !(letter == "H")) && X (!(letter == "H") U (letter == "Y"))))) U (letter == "H"))))
[main] INFO nl.utwente.fmt.rers.RERSExperiment - Parsed formula #25: (false R (!((letter == "H") && (true U (letter == "Y"))) || ((!(letter == "M") || (!(letter == "Y") U (((letter == "Z") && !(letter == "Y")) && X (!(letter == "Y") U (letter == "X"))))) U (letter == "Y"))))
[main] INFO nl.utwente.fmt.rers.RERSExperiment - Parsed formula #26: ((false R !(letter == "L")) || (!(letter == "L") U ((letter == "L") && (!(true U ((letter == "V") && X (true U (letter == "W")))) || (!(letter == "V") U (letter == "B"))))))
[main] INFO nl.utwente.fmt.rers.RERSExperiment - Parsed formula #27: (false R (!((letter == "X") && (true U (letter == "F"))) || (((letter == "L") && (!X (!(letter == "F") U (letter == "P")) || X (!(letter == "F") U ((letter == "P") && (true U (letter == "Y")))))) U (letter == "F"))))
[main] INFO nl.utwente.fmt.rers.RERSExperiment - Parsed formula #28: (false R (!(((letter == "D") && !(letter == "F")) && (true U (letter == "F"))) || ((!(letter == "K") || (!(letter == "F") U ((letter == "V") && !(letter == "F")))) U (letter == "F"))))
[main] INFO nl.utwente.fmt.rers.RERSExperiment - Parsed formula #29: (false R (!(((letter == "C") && !(letter == "U")) && (true U (letter == "U"))) || ((!(letter == "R") || (!(letter == "U") U ((letter == "W") && !(letter == "U")))) U (letter == "U"))))
[main] INFO nl.utwente.fmt.rers.RERSExperiment - Parsed formula #30: (!(true U ((letter == "Y") && X (true U (letter == "W")))) || (!(letter == "Y") U (letter == "X")))
[main] INFO nl.utwente.fmt.rers.RERSExperiment - Parsed formula #31: (false R (!(letter == "M") || (true U ((letter == "Y") && X (true U (letter == "W"))))))
[main] INFO nl.utwente.fmt.rers.RERSExperiment - Parsed formula #32: (!(true U (letter == "K")) || ((!(letter == "I") || (!(letter == "K") U (((letter == "X") && !(letter == "K")) && X (!(letter == "K") U (letter == "V"))))) U (letter == "K")))
[main] INFO nl.utwente.fmt.rers.RERSExperiment - Parsed formula #33: (false R (!(letter == "R") || (true U (((letter == "X") && !(letter == "W")) && X (!(letter == "W") U (letter == "V"))))))
[main] INFO nl.utwente.fmt.rers.RERSExperiment - Parsed formula #34: (!(true U (letter == "W")) || (!(letter == "X") U ((letter == "G") || (letter == "W"))))
[main] INFO nl.utwente.fmt.rers.RERSExperiment - Parsed formula #35: ((false R !(letter == "H")) || (!(letter == "H") U ((letter == "H") && (!(true U (letter == "W")) || (!(letter == "W") U (((letter == "F") && !(letter == "W")) && X (!(letter == "W") U (letter == "Z"))))))))
[main] INFO nl.utwente.fmt.rers.RERSExperiment - Parsed formula #36: (false R (!(letter == "S") || (true U (letter == "U"))))
[main] INFO nl.utwente.fmt.rers.RERSExperiment - Parsed formula #37: ((false R !(letter == "V")) || (!(letter == "V") U ((letter == "V") && (!(true U ((letter == "Z") && X (true U (letter == "U")))) || (!(letter == "Z") U (letter == "W"))))))
[main] INFO nl.utwente.fmt.rers.RERSExperiment - Parsed formula #38: (!(true U (letter == "U")) || (((letter == "A") && (!X (!(letter == "U") U (letter == "D")) || X (!(letter == "U") U ((letter == "D") && (true U (letter == "W")))))) U (letter == "U")))
[main] INFO nl.utwente.fmt.rers.RERSExperiment - Parsed formula #39: (false R (!(letter == "C") || ((!(((letter == "W") && !(letter == "I")) && X (!(letter == "I") U ((letter == "V") && !(letter == "I")))) U ((letter == "I") || (letter == "S"))) || (false R !((letter == "W") && X (true U (letter == "V")))))))
[main] INFO nl.utwente.fmt.rers.RERSExperiment - Parsed formula #40: (false R (!(letter == "H") || (false R (!(letter == "P") || (((letter == "U") && !(letter == "V")) && X (!(letter == "V") U (letter == "Z")))))))
[main] INFO nl.utwente.fmt.rers.RERSExperiment - Parsed formula #41: ((false R !(letter == "Z")) || (true U ((letter == "Z") && (!(letter == "Y") W (letter == "G")))))
[main] INFO nl.utwente.fmt.rers.RERSExperiment - Parsed formula #42: (false R (!(letter == "P") || ((!(((letter == "W") && !(letter == "E")) && X (!(letter == "E") U ((letter == "U") && !(letter == "E")))) U ((letter == "E") || (letter == "X"))) || (false R !((letter == "W") && X (true U (letter == "U")))))))
[main] INFO nl.utwente.fmt.rers.RERSExperiment - Parsed formula #43: (!(true U (letter == "U")) || (((letter == "I") && (!X (!(letter == "U") U (letter == "E")) || X (!(letter == "U") U ((letter == "E") && (true U (letter == "V")))))) U (letter == "U")))
[main] INFO nl.utwente.fmt.rers.RERSExperiment - Parsed formula #44: (false R (!((letter == "R") && (true U (letter == "U"))) || ((!(letter == "L") || (!(letter == "U") U ((((letter == "W") && !(letter == "U")) && !(letter == "Z")) && X ((!(letter == "U") && !(letter == "Z")) U (letter == "X"))))) U (letter == "U"))))
[main] INFO nl.utwente.fmt.rers.RERSExperiment - Parsed formula #45: (false R (!(((letter == "W") && !(letter == "N")) && (true U (letter == "N"))) || ((!(letter == "S") || (!(letter == "N") U ((letter == "V") && !(letter == "N")))) U (letter == "N"))))
[main] INFO nl.utwente.fmt.rers.RERSExperiment - Parsed formula #46: ((false R !(letter == "F")) || (!(letter == "F") U ((letter == "F") && (!(true U (letter == "Y")) || (!(letter == "Y") U (((letter == "K") && !(letter == "Y")) && X (!(letter == "Y") U (letter == "N"))))))))
[main] INFO nl.utwente.fmt.rers.RERSExperiment - Parsed formula #47: (!(true U (letter == "S")) || (!(((letter == "Y") && !(letter == "S")) && X (!(letter == "S") U ((letter == "V") && !(letter == "S")))) U ((letter == "S") || (letter == "Q"))))
[main] INFO nl.utwente.fmt.rers.RERSExperiment - Parsed formula #48: (false R (!(letter == "S") || (!(true U (letter == "W")) || (!(letter == "W") U ((letter == "O") || (((letter == "J") && !(letter == "W")) && X (!(letter == "W") U (letter == "X"))))))))
[main] INFO nl.utwente.fmt.rers.RERSExperiment - Parsed formula #49: (false R (!((letter == "H") && (true U (letter == "W"))) || (((letter == "J") && (!X (!(letter == "W") U (letter == "S")) || X (!(letter == "W") U ((letter == "S") && (true U (letter == "Z")))))) U (letter == "W"))))
[main] INFO nl.utwente.fmt.rers.RERSExperiment - Parsed formula #50: (!(letter == "U") W (letter == "K"))
[main] INFO nl.utwente.fmt.rers.RERSExperiment - Parsed formula #51: (false R (!(((letter == "E") && !(letter == "K")) && (true U (letter == "K"))) || (!(letter == "U") U ((letter == "M") || (letter == "K")))))
[main] INFO nl.utwente.fmt.rers.RERSExperiment - Parsed formula #52: (false R (!(letter == "H") || (false R (!(letter == "M") || ((letter == "Y") && X (true U (letter == "Z")))))))
[main] INFO nl.utwente.fmt.rers.RERSExperiment - Parsed formula #53: (false R (!(letter == "M") || ((!(letter == "I") || (!(letter == "A") U ((((letter == "W") && !(letter == "A")) && !(letter == "V")) && X ((!(letter == "A") && !(letter == "V")) U (letter == "U"))))) U ((letter == "A") || (false R (!(letter == "I") || (((letter == "W") && !(letter == "V")) && X (!(letter == "V") U (letter == "U")))))))))
[main] INFO nl.utwente.fmt.rers.RERSExperiment - Parsed formula #54: (false R (!(((letter == "S") && !(letter == "M")) && (true U (letter == "M"))) || (!(letter == "Z") U ((letter == "U") || (letter == "M")))))
[main] INFO nl.utwente.fmt.rers.RERSExperiment - Parsed formula #55: (false R (!(letter == "M") || (!(true U (letter == "Y")) || (!(letter == "Y") U ((letter == "R") || (((letter == "V") && !(letter == "Y")) && X (!(letter == "Y") U (letter == "I"))))))))
[main] INFO nl.utwente.fmt.rers.RERSExperiment - Parsed formula #56: ((false R !(letter == "K")) || (!(letter == "K") U ((letter == "K") && (!(true U (letter == "U")) || (!(letter == "U") U (((letter == "X") && !(letter == "U")) && X (!(letter == "U") U (letter == "Z"))))))))
[main] INFO nl.utwente.fmt.rers.RERSExperiment - Parsed formula #57: (!(true U (letter == "W")) || ((!(letter == "F") || (!(letter == "W") U (((letter == "V") && !(letter == "W")) && X (!(letter == "W") U (letter == "Y"))))) U (letter == "W")))
[main] INFO nl.utwente.fmt.rers.RERSExperiment - Parsed formula #58: (!(true U (letter == "W")) || (!(letter == "Y") U ((letter == "W") || (((letter == "C") && !(letter == "Y")) && X (!(letter == "Y") U (letter == "D"))))))
[main] INFO nl.utwente.fmt.rers.RERSExperiment - Parsed formula #59: (!(true U (letter == "H")) || ((!(letter == "G") || (!(letter == "H") U ((letter == "U") && !(letter == "H")))) U (letter == "H")))
[main] INFO nl.utwente.fmt.rers.RERSExperiment - Parsed formula #60: ((false R !(letter == "T")) || (true U ((letter == "T") && (!(letter == "Z") W (letter == "S")))))
[main] INFO nl.utwente.fmt.rers.RERSExperiment - Parsed formula #61: (false R ((letter == "T") && (!!(letter == "K") || (!(letter == "Z") W ((letter == "N") || (letter == "K"))))))
[main] INFO nl.utwente.fmt.rers.RERSExperiment - Parsed formula #62: (false R (!(letter == "T") || ((!(((letter == "V") && !(letter == "J")) && X (!(letter == "J") U ((letter == "X") && !(letter == "J")))) U ((letter == "J") || (letter == "G"))) || (false R !((letter == "V") && X (true U (letter == "X")))))))
[main] INFO nl.utwente.fmt.rers.RERSExperiment - Parsed formula #63: (!(true U ((letter == "Z") && X (true U (letter == "U")))) || (!(letter == "Z") U (letter == "Q")))
[main] INFO nl.utwente.fmt.rers.RERSExperiment - Parsed formula #64: (!(true U (letter == "H")) || ((!(letter == "P") || (!(letter == "H") U (((letter == "W") && !(letter == "H")) && X (!(letter == "H") U (letter == "Y"))))) U (letter == "H")))
[main] INFO nl.utwente.fmt.rers.RERSExperiment - Parsed formula #65: (false R (!((letter == "F") && (true U (letter == "B"))) || ((!(letter == "M") || (!(letter == "B") U (((letter == "X") && !(letter == "B")) && X (!(letter == "B") U (letter == "U"))))) U (letter == "B"))))
[main] INFO nl.utwente.fmt.rers.RERSExperiment - Parsed formula #66: (false R (!(letter == "N") || (false R (!(letter == "A") || (((letter == "Z") && !(letter == "U")) && X (!(letter == "U") U (letter == "V")))))))
[main] INFO nl.utwente.fmt.rers.RERSExperiment - Parsed formula #67: (false R (!(letter == "T") || ((!(letter == "N") || (!(letter == "M") U ((((letter == "Z") && !(letter == "M")) && !(letter == "U")) && X ((!(letter == "M") && !(letter == "U")) U (letter == "X"))))) U ((letter == "M") || (false R (!(letter == "N") || (((letter == "Z") && !(letter == "U")) && X (!(letter == "U") U (letter == "X")))))))))
[main] INFO nl.utwente.fmt.rers.RERSExperiment - Parsed formula #68: (false R ((letter == "T") && (!!(letter == "V") || ((!(letter == "I") || (!(letter == "V") U ((letter == "X") && !(letter == "V")))) W (letter == "V")))))
[main] INFO nl.utwente.fmt.rers.RERSExperiment - Parsed formula #69: (!(true U (letter == "S")) || (!(((letter == "V") && !(letter == "S")) && X (!(letter == "S") U ((letter == "Z") && !(letter == "S")))) U ((letter == "S") || (letter == "F"))))
[main] INFO nl.utwente.fmt.rers.RERSExperiment - Parsed formula #70: (!(letter == "V") W (letter == "C"))
[main] INFO nl.utwente.fmt.rers.RERSExperiment - Parsed formula #71: (false R (!(((letter == "D") && !(letter == "G")) && (true U (letter == "G"))) || ((!(letter == "E") || (!(letter == "G") U ((letter == "W") && !(letter == "G")))) U (letter == "G"))))
[main] INFO nl.utwente.fmt.rers.RERSExperiment - Parsed formula #72: (false R (!(letter == "F") || ((!(letter == "O") || (!(letter == "R") U (((letter == "Z") && !(letter == "R")) && X (!(letter == "R") U (letter == "Y"))))) U ((letter == "R") || (false R (!(letter == "O") || ((letter == "Z") && X (true U (letter == "Y")))))))))
[main] INFO nl.utwente.fmt.rers.RERSExperiment - Parsed formula #73: (false R (!((letter == "V") && (true U (letter == "P"))) || ((!(letter == "O") || (!(letter == "P") U ((((letter == "Y") && !(letter == "P")) && !(letter == "W")) && X ((!(letter == "P") && !(letter == "W")) U (letter == "U"))))) U (letter == "P"))))
[main] INFO nl.utwente.fmt.rers.RERSExperiment - Parsed formula #74: (false R (!(letter == "B") || (false R ((letter == "M") && (!X (true U (letter == "D")) || X (!(letter == "D") U ((letter == "D") && (true U (letter == "Z")))))))))
[main] INFO nl.utwente.fmt.rers.RERSExperiment - Parsed formula #75: (!(true U (letter == "U")) || ((!(letter == "T") || (!(letter == "U") U (((letter == "V") && !(letter == "U")) && X (!(letter == "U") U (letter == "X"))))) U (letter == "U")))
[main] INFO nl.utwente.fmt.rers.RERSExperiment - Parsed formula #76: (false R (!(letter == "N") || ((!(((letter == "Z") && !(letter == "J")) && X (!(letter == "J") U ((letter == "U") && !(letter == "J")))) U ((letter == "J") || (letter == "D"))) || (false R !((letter == "Z") && X (true U (letter == "U")))))))
[main] INFO nl.utwente.fmt.rers.RERSExperiment - Parsed formula #77: (!(true U (letter == "T")) || (!(letter == "U") U ((letter == "A") || (letter == "T"))))
[main] INFO nl.utwente.fmt.rers.RERSExperiment - Parsed formula #78: (false R (!(letter == "J") || (false R (!(letter == "H") || (true U (letter == "W"))))))
[main] INFO nl.utwente.fmt.rers.RERSExperiment - Parsed formula #79: (!(true U (letter == "R")) || ((!(letter == "H") || (!(letter == "R") U (((letter == "X") && !(letter == "R")) && X (!(letter == "R") U (letter == "W"))))) U (letter == "R")))
[main] INFO nl.utwente.fmt.rers.RERSExperiment - Parsed formula #80: (false R (!(letter == "L") || ((!(((letter == "Z") && !(letter == "H")) && X (!(letter == "H") U ((letter == "U") && !(letter == "H")))) U ((letter == "H") || (letter == "M"))) || (false R !((letter == "Z") && X (true U (letter == "U")))))))
[main] INFO nl.utwente.fmt.rers.RERSExperiment - Parsed formula #81: (false R (!((letter == "W") && (true U (letter == "B"))) || (!(((letter == "V") && !(letter == "B")) && X (!(letter == "B") U ((letter == "Y") && !(letter == "B")))) U ((letter == "B") || (letter == "R")))))
[main] INFO nl.utwente.fmt.rers.RERSExperiment - Parsed formula #82: (false R (!((letter == "U") && (true U (letter == "F"))) || (((letter == "H") && (!X (!(letter == "F") U (letter == "A")) || X (!(letter == "F") U ((letter == "A") && (true U (letter == "V")))))) U (letter == "F"))))
[main] INFO nl.utwente.fmt.rers.RERSExperiment - Parsed formula #83: (false R (!(letter == "H") || (true U (letter == "V"))))
[main] INFO nl.utwente.fmt.rers.RERSExperiment - Parsed formula #84: (false R (!(letter == "S") || (false R (!(letter == "L") || ((letter == "Y") && X (true U (letter == "V")))))))
[main] INFO nl.utwente.fmt.rers.RERSExperiment - Parsed formula #85: (!(true U (letter == "J")) || ((!(letter == "G") || (!(letter == "J") U ((letter == "Y") && !(letter == "J")))) U (letter == "J")))
[main] INFO nl.utwente.fmt.rers.RERSExperiment - Parsed formula #86: (false R (!((letter == "G") && (true U (letter == "L"))) || (((letter == "A") && (!X (!(letter == "L") U (letter == "J")) || X (!(letter == "L") U ((letter == "J") && (true U (letter == "U")))))) U (letter == "L"))))
[main] INFO nl.utwente.fmt.rers.RERSExperiment - Parsed formula #87: (false R (!((letter == "T") && (true U (letter == "U"))) || (!(((letter == "V") && !(letter == "U")) && X (!(letter == "U") U ((letter == "W") && !(letter == "U")))) U ((letter == "U") || (letter == "B")))))
[main] INFO nl.utwente.fmt.rers.RERSExperiment - Parsed formula #88: (false R ((letter == "O") && (!!(letter == "H") || (!(letter == "W") W ((letter == "C") || (letter == "H"))))))
[main] INFO nl.utwente.fmt.rers.RERSExperiment - Parsed formula #89: (false R (!(letter == "U") || (false R (!(letter == "H") || ((letter == "Z") && X (true U (letter == "X")))))))
[main] INFO nl.utwente.fmt.rers.RERSExperiment - Parsed formula #90: (false R (!((letter == "D") && (true U (letter == "H"))) || ((!(letter == "C") || (!(letter == "H") U ((((letter == "U") && !(letter == "H")) && !(letter == "Y")) && X ((!(letter == "H") && !(letter == "Y")) U (letter == "Z"))))) U (letter == "H"))))
[main] INFO nl.utwente.fmt.rers.RERSExperiment - Parsed formula #91: (false R (!(((letter == "G") && !(letter == "H")) && (true U (letter == "H"))) || ((!(letter == "N") || (!(letter == "H") U ((letter == "V") && !(letter == "H")))) U (letter == "H"))))
[main] INFO nl.utwente.fmt.rers.RERSExperiment - Parsed formula #92: (false R (!(letter == "P") || ((!(letter == "B") || (!(letter == "Q") U (((letter == "Y") && !(letter == "Q")) && X (!(letter == "Q") U (letter == "W"))))) U ((letter == "Q") || (false R (!(letter == "B") || ((letter == "Y") && X (true U (letter == "W")))))))))
[main] INFO nl.utwente.fmt.rers.RERSExperiment - Parsed formula #93: (false R (!((letter == "C") && (true U (letter == "U"))) || ((!(letter == "A") || (!(letter == "U") U (((letter == "Z") && !(letter == "U")) && X (!(letter == "U") U (letter == "Y"))))) U (letter == "U"))))
[main] INFO nl.utwente.fmt.rers.RERSExperiment - Parsed formula #94: (false R (!((letter == "O") && (true U (letter == "M"))) || ((!(letter == "K") || (!(letter == "M") U ((((letter == "W") && !(letter == "M")) && !(letter == "Y")) && X ((!(letter == "M") && !(letter == "Y")) U (letter == "X"))))) U (letter == "M"))))
[main] INFO nl.utwente.fmt.rers.RERSExperiment - Parsed formula #95: (false R (!((letter == "Q") && (true U (letter == "W"))) || (!(letter == "V") U ((letter == "W") || (((letter == "O") && !(letter == "V")) && X (!(letter == "V") U (letter == "F")))))))
[main] INFO nl.utwente.fmt.rers.RERSExperiment - Parsed formula #96: ((false R !(letter == "L")) || (!(letter == "L") U ((letter == "L") && (!(true U ((letter == "Z") && X (true U (letter == "Y")))) || (!(letter == "Z") U (letter == "B"))))))
[main] INFO nl.utwente.fmt.rers.RERSExperiment - Parsed formula #97: (false R (!(letter == "Z") || (false R (!(letter == "E") || ((letter == "V") && X (true U (letter == "U")))))))
[main] INFO nl.utwente.fmt.rers.RERSExperiment - Parsed formula #98: (!(true U (letter == "U")) || (!(letter == "U") U (((letter == "V") && !(letter == "U")) && X (!(letter == "U") U (letter == "M")))))
[main] INFO nl.utwente.fmt.rers.RERSExperiment - Parsed formula #99: (!(letter == "W") W (letter == "I"))
[main] INFO de.learnlib.util.Experiment - Starting round 1
[main] INFO de.learnlib.util.Experiment - Learning
[main] INFO de.learnlib.util.Experiment - Searching for counterexample
[main] INFO de.learnlib.util.Experiment - Query[ε|A L / X V]
[main] INFO de.learnlib.util.Experiment - Starting round 2
[main] INFO de.learnlib.util.Experiment - Learning
[main] INFO de.learnlib.util.Experiment - Searching for counterexample
[main] INFO de.learnlib.util.Experiment - Query[ε|A L A I I L / X V X X - Z]
[main] INFO de.learnlib.util.Experiment - Starting round 3
[main] INFO de.learnlib.util.Experiment - Learning
[main] INFO de.learnlib.util.Experiment - Searching for counterexample
[main] INFO de.learnlib.util.Experiment - Query[ε|A L A L I / X V X Z X]
[main] INFO de.learnlib.util.Experiment - Starting round 4
[main] INFO de.learnlib.util.Experiment - Learning
[main] INFO de.learnlib.util.Experiment - Searching for counterexample
[main] INFO de.learnlib.util.Experiment - Query[ε|P L I T L / Z Y Z - Z]
[main] INFO de.learnlib.util.Experiment - Starting round 5
[main] INFO de.learnlib.util.Experiment - Learning
[main] INFO de.learnlib.util.Experiment - Searching for counterexample
[main] INFO de.learnlib.util.Experiment - Query[ε|A L A I T I K / X V X X V Y X]
[main] INFO de.learnlib.util.Experiment - Starting round 6
[main] INFO de.learnlib.util.Experiment - Learning
[main] INFO de.learnlib.util.Experiment - Searching for counterexample
[main] INFO de.learnlib.util.Experiment - Query[ε|Q K / Y -]
[main] INFO de.learnlib.util.Experiment - Starting round 7
[main] INFO de.learnlib.util.Experiment - Learning
[main] INFO de.learnlib.util.Experiment - Searching for counterexample
[main] INFO de.learnlib.util.Experiment - Query[ε|A R N L / X Z V V]
[main] INFO de.learnlib.util.Experiment - Starting round 8
[main] INFO de.learnlib.util.Experiment - Learning
[main] INFO de.learnlib.util.Experiment - Searching for counterexample
[main] INFO de.learnlib.util.Experiment - Query[ε|P L G F I L / Z Y Y Z V -]
[main] INFO de.learnlib.util.Experiment - Starting round 9
[main] INFO de.learnlib.util.Experiment - Learning
[main] INFO de.learnlib.util.Experiment - Searching for counterexample
[main] INFO de.learnlib.util.Experiment - Query[ε|A L A L K / X V X Z -]
[main] INFO de.learnlib.util.Experiment - Starting round 10
[main] INFO de.learnlib.util.Experiment - Learning
[main] INFO de.learnlib.util.Experiment - Searching for counterexample
[main] INFO de.learnlib.util.Experiment - Query[ε|A L Q K L / X V V X X]
[main] INFO de.learnlib.util.Experiment - Starting round 11
[main] INFO de.learnlib.util.Experiment - Learning
[main] INFO de.learnlib.util.Experiment - Searching for counterexample
[main] INFO de.learnlib.util.Experiment - Query[ε|A L Q J K / X V V Z V]
[main] INFO de.learnlib.util.Experiment - Starting round 12
[main] INFO de.learnlib.util.Experiment - Learning
[main] INFO de.learnlib.util.Experiment - Searching for counterexample
[main] INFO de.learnlib.util.Experiment - Query[ε|P L I L K / Z Y Z Z -]
[main] INFO de.learnlib.util.Experiment - Starting round 13
[main] INFO de.learnlib.util.Experiment - Learning
[main] INFO de.learnlib.util.Experiment - Searching for counterexample
[main] INFO de.learnlib.util.Experiment - Query[ε|P L G F K L / Z Y Y Z V -]
[main] INFO de.learnlib.util.Experiment - Starting round 14
[main] INFO de.learnlib.util.Experiment - Learning
[main] INFO de.learnlib.util.Experiment - Searching for counterexample
[main] INFO de.learnlib.util.Experiment - Query[ε|A L Q J K I I E / X V V Z V Y V Z]
[main] INFO de.learnlib.util.Experiment - Starting round 15
[main] INFO de.learnlib.util.Experiment - Learning
[main] INFO de.learnlib.util.Experiment - Searching for counterexample
[main] INFO de.learnlib.util.Experiment - Query[ε|P L G F I I D / Z Y Y Z V X Z]
[main] INFO de.learnlib.util.Experiment - Starting round 16
[main] INFO de.learnlib.util.Experiment - Learning
[main] INFO de.learnlib.util.Experiment - Searching for counterexample
[main] INFO de.learnlib.util.Experiment - Query[ε|A L L G M L / X V X Z - -]
[main] INFO de.learnlib.util.Experiment - Starting round 17
[main] INFO de.learnlib.util.Experiment - Learning
[main] INFO de.learnlib.util.Experiment - Searching for counterexample
[main] INFO de.learnlib.util.Experiment - Query[ε|A L Q R E / X V V Y -]
[main] INFO de.learnlib.util.Experiment - Starting round 18
[main] INFO de.learnlib.util.Experiment - Learning
[main] INFO de.learnlib.util.Experiment - Searching for counterexample
[main] INFO de.learnlib.util.Experiment - Query[ε|A R N F N T / X Z V Y X -]
[main] INFO de.learnlib.util.Experiment - Starting round 19
[main] INFO de.learnlib.util.Experiment - Learning
[main] INFO de.learnlib.util.Experiment - Searching for counterexample
[main] INFO de.learnlib.util.Experiment - Query[ε|P L B O S L / Z Y Y V - Y]
[main] INFO de.learnlib.util.Experiment - Starting round 20
[main] INFO de.learnlib.util.Experiment - Learning
[main] INFO de.learnlib.util.Experiment - Searching for counterexample
[main] INFO de.learnlib.util.Experiment - Query[ε|Q T J F / Y Y V -]
[main] INFO de.learnlib.util.Experiment - Starting round 21
[main] INFO de.learnlib.util.Experiment - Learning
[main] INFO de.learnlib.util.Experiment - Searching for counterexample
[main] INFO de.learnlib.util.Experiment - Query[ε|A L L Q O L / X V X Z Y X]
[main] INFO de.learnlib.util.Experiment - Starting round 22
[main] INFO de.learnlib.util.Experiment - Learning
[main] INFO de.learnlib.util.Experiment - Searching for counterexample
[main] INFO de.learnlib.util.Experiment - Query[ε|A M F T P L / X Y V X - -]
[main] INFO de.learnlib.util.Experiment - Starting round 23
[main] INFO de.learnlib.util.Experiment - Learning
[main] INFO de.learnlib.util.Experiment - Searching for counterexample
[main] INFO de.learnlib.util.Experiment - Query[ε|A L Q F Q / X V V Y Y]
[main] INFO de.learnlib.util.Experiment - Starting round 24
[main] INFO de.learnlib.util.Experiment - Learning
[main] INFO de.learnlib.util.Experiment - Searching for counterexample
[main] INFO de.learnlib.util.Experiment - Query[ε|P O N R / Z Z Z Z]
[main] INFO de.learnlib.util.Experiment - Starting round 25
[main] INFO de.learnlib.util.Experiment - Learning
[main] INFO de.learnlib.util.Experiment - Searching for counterexample
[main] INFO de.learnlib.util.Experiment - Query[ε|P L B O L K R / Z Y Y V Y Z -]
[main] INFO de.learnlib.util.Experiment - Starting round 26
[main] INFO de.learnlib.util.Experiment - Learning
[main] INFO de.learnlib.util.Experiment - Searching for counterexample
[main] INFO de.learnlib.util.Experiment - Query[ε|P L B O L K F / Z Y Y V Y Z -]
[main] INFO de.learnlib.util.Experiment - Starting round 27
[main] INFO de.learnlib.util.Experiment - Learning
[main] INFO de.learnlib.util.Experiment - Searching for counterexample
[main] INFO de.learnlib.util.Experiment - Query[ε|A L Q R R / X V V Y -]
[main] INFO de.learnlib.util.Experiment - Starting round 28
[main] INFO de.learnlib.util.Experiment - Learning
[main] INFO de.learnlib.util.Experiment - Searching for counterexample
[main] INFO de.learnlib.util.Experiment - Query[ε|A R A A L / X Z Z - -]
[main] INFO de.learnlib.util.Experiment - Starting round 29
[main] INFO de.learnlib.util.Experiment - Learning
[main] INFO de.learnlib.util.Experiment - Searching for counterexample
[main] INFO de.learnlib.util.Experiment - Query[ε|P L G F L D / Z Y Y Z Z -]
[main] INFO de.learnlib.util.Experiment - Starting round 30
[main] INFO de.learnlib.util.Experiment - Learning
[main] INFO de.learnlib.util.Experiment - Searching for counterexample
[main] INFO de.learnlib.util.Experiment - Query[ε|P L I K O D / Z Y Z Y Y Y]
[main] INFO de.learnlib.util.Experiment - Starting round 31
[main] INFO de.learnlib.util.Experiment - Learning
[main] INFO de.learnlib.util.Experiment - Searching for counterexample
[main] INFO de.learnlib.util.Experiment - Query[ε|Q T J D D / Y Y V X -]
[main] INFO de.learnlib.util.Experiment - Starting round 32
[main] INFO de.learnlib.util.Experiment - Learning
[main] INFO de.learnlib.util.Experiment - Searching for counterexample
[main] INFO de.learnlib.util.Experiment - Query[ε|A L D R G L / X V Z Y - -]
[main] INFO de.learnlib.util.Experiment - Starting round 33
[main] INFO de.learnlib.util.Experiment - Learning
[main] INFO de.learnlib.util.Experiment - Searching for counterexample
[main] INFO de.learnlib.util.Experiment - Query[ε|Q T J D T D / Y Y V X Z X]
[main] INFO de.learnlib.util.Experiment - Starting round 34
[main] INFO de.learnlib.util.Experiment - Learning
[main] INFO de.learnlib.util.Experiment - Searching for counterexample
[main] INFO de.learnlib.util.Experiment - Query[ε|A P R D / X X X Z]
[main] INFO de.learnlib.util.Experiment - Starting round 35
[main] INFO de.learnlib.util.Experiment - Learning
[main] INFO de.learnlib.util.Experiment - Searching for counterexample
[main] INFO de.learnlib.util.Experiment - Query[ε|A R K S L / X Z X V -]
[main] INFO de.learnlib.util.Experiment - Starting round 36
[main] INFO de.learnlib.util.Experiment - Learning
[main] INFO de.learnlib.util.Experiment - Searching for counterexample
[main] INFO de.learnlib.util.Experiment - Query[ε|P L B E M L / Z Y Y Z - -]
[main] INFO de.learnlib.util.Experiment - Starting round 37
[main] INFO de.learnlib.util.Experiment - Learning
[main] INFO de.learnlib.util.Experiment - Searching for counterexample
[main] INFO de.learnlib.util.Experiment - Query[ε|A R K S F / X Z X V Y]
[main] INFO de.learnlib.util.Experiment - Starting round 38
[main] INFO de.learnlib.util.Experiment - Learning
[main] INFO de.learnlib.util.Experiment - Searching for counterexample
[main] INFO de.learnlib.util.Experiment - Query[ε|A M F O C L / X Y V Z X -]
[main] INFO de.learnlib.util.Experiment - Starting round 39
[main] INFO de.learnlib.util.Experiment - Learning
[main] INFO de.learnlib.util.Experiment - Searching for counterexample
[main] INFO de.learnlib.util.Experiment - Query[ε|A L A P G Q / X V X X Z -]
[main] INFO de.learnlib.util.Experiment - Starting round 40
[main] INFO de.learnlib.util.Experiment - Learning
[main] INFO de.learnlib.util.Experiment - Searching for counterexample
[main] INFO de.learnlib.util.Experiment - Query[ε|A R K S F O L / X Z X V Y - -]
[main] INFO de.learnlib.util.Experiment - Starting round 41
[main] INFO de.learnlib.util.Experiment - Learning
[main] INFO de.learnlib.util.Experiment - Searching for counterexample
[main] INFO de.learnlib.util.Experiment - Query[ε|A R K S F B Q / X Z X V Y X -]
[main] INFO de.learnlib.util.Experiment - Starting round 42
[main] INFO de.learnlib.util.Experiment - Learning
[main] INFO de.learnlib.util.Experiment - Searching for counterexample
[main] INFO de.learnlib.util.Experiment - Query[ε|P L I L L L L / Z Y Z Z Y V Y]
[main] INFO de.learnlib.util.Experiment - Starting round 43
[main] INFO de.learnlib.util.Experiment - Learning
[main] INFO de.learnlib.util.Experiment - Searching for counterexample
[main] INFO de.learnlib.util.Experiment - Query[ε|A L Q F O T L / X V V Y Z X -]
[main] INFO de.learnlib.util.Experiment - Starting round 44
[main] INFO de.learnlib.util.Experiment - Learning
[main] INFO de.learnlib.util.Experiment - Searching for counterexample
[main] INFO de.learnlib.util.Experiment - Query[ε|P L I L D N / Z Y Z Z V X]
[main] INFO de.learnlib.util.Experiment - Starting round 45
[main] INFO de.learnlib.util.Experiment - Learning
[main] INFO de.learnlib.util.Experiment - Searching for counterexample
[main] INFO de.learnlib.util.Experiment - Query[ε|P O N J O A / Z Z Z Y Y -]
[main] INFO de.learnlib.util.Experiment - Starting round 46
[main] INFO de.learnlib.util.Experiment - Learning
[main] INFO de.learnlib.util.Experiment - Searching for counterexample
[main] INFO de.learnlib.util.Experiment - Query[ε|A R N F P B L / X Z V Y Y X -]
[main] INFO de.learnlib.util.Experiment - Starting round 47
[main] INFO de.learnlib.util.Experiment - Learning
[main] INFO de.learnlib.util.Experiment - Searching for counterexample
[main] INFO de.learnlib.util.Experiment - Query[ε|A L Q F C P / X V V Y Z -]
[main] INFO de.learnlib.util.Experiment - Starting round 48
[main] INFO de.learnlib.util.Experiment - Learning
[main] INFO de.learnlib.util.Experiment - Searching for counterexample
[main] INFO de.learnlib.util.Experiment - Query[ε|A P R J N / X X X Z V]
[main] INFO de.learnlib.util.Experiment - Starting round 49
[main] INFO de.learnlib.util.Experiment - Learning
[main] INFO de.learnlib.util.Experiment - Searching for counterexample
[main] INFO de.learnlib.util.Experiment - Query[ε|A P R J Q Q L / X X X Z V - -]
[main] INFO de.learnlib.util.Experiment - Starting round 50
[main] INFO de.learnlib.util.Experiment - Learning
[main] INFO de.learnlib.util.Experiment - Searching for counterexample
[main] INFO de.learnlib.util.Experiment - Query[ε|A P R I T / X X X V Z]
[main] INFO de.learnlib.util.Experiment - Starting round 51
[main] INFO de.learnlib.util.Experiment - Learning
[main] INFO de.learnlib.util.Experiment - Searching for counterexample
[main] INFO de.learnlib.util.Experiment - Query[ε|A P R I T T / X X X V Z -]
[main] INFO de.learnlib.util.Experiment - Starting round 52
[main] INFO de.learnlib.util.Experiment - Learning
[main] INFO de.learnlib.util.Experiment - Searching for counterexample
[main] INFO de.learnlib.util.Experiment - Query[ε|P L G F K I P / Z Y Y Z V V Y]
[main] INFO de.learnlib.util.Experiment - Starting round 53
[main] INFO de.learnlib.util.Experiment - Learning
[main] INFO de.learnlib.util.Experiment - Searching for counterexample
[main] INFO de.learnlib.util.Experiment - Query[ε|P L N P K L / Z Y X - - -]
[main] INFO de.learnlib.util.Experiment - Starting round 54
[main] INFO de.learnlib.util.Experiment - Learning
[main] INFO de.learnlib.util.Experiment - Searching for counterexample
[main] INFO de.learnlib.util.Experiment - Query[ε|P L N E N / Z Y X Z Y]
[main] INFO de.learnlib.util.Experiment - Starting round 55
[main] INFO de.learnlib.util.Experiment - Learning
[main] INFO de.learnlib.util.Experiment - Searching for counterexample
[main] INFO de.learnlib.util.Experiment - Query[ε|A L D J P I / X V Z X V Z]
[main] INFO de.learnlib.util.Experiment - Starting round 56
[main] INFO de.learnlib.util.Experiment - Learning
[main] INFO de.learnlib.util.Experiment - Searching for counterexample
[main] INFO de.learnlib.util.Experiment - Query[ε|A R N B L / X Z V V X]
[main] INFO de.learnlib.util.Experiment - Starting round 57
[main] INFO de.learnlib.util.Experiment - Learning
[main] INFO de.learnlib.util.Experiment - Searching for counterexample
[main] INFO de.learnlib.util.Experiment - Query[ε|A L L N N A / X V X V V V]
[main] INFO de.learnlib.util.Experiment - Starting round 58
[main] INFO de.learnlib.util.Experiment - Learning
[main] INFO de.learnlib.util.Experiment - Searching for counterexample
[main] INFO de.learnlib.util.Experiment - Query[ε|A R K S O B / X Z X V V -]
[main] INFO de.learnlib.util.Experiment - Starting round 59
[main] INFO de.learnlib.util.Experiment - Learning
[main] INFO de.learnlib.util.Experiment - Searching for counterexample
[main] INFO de.learnlib.util.Experiment - Query[ε|A L L N N A O L / X V X V V V Z -]
[main] INFO de.learnlib.util.Experiment - Starting round 60
[main] INFO de.learnlib.util.Experiment - Learning
[main] INFO de.learnlib.util.Experiment - Searching for counterexample
[main] INFO de.learnlib.util.Experiment - Query[ε|A L D J P E E / X V Z X V X Y]
[main] INFO de.learnlib.util.Experiment - Starting round 61
[main] INFO de.learnlib.util.Experiment - Learning
[main] INFO de.learnlib.util.Experiment - Searching for counterexample
[main] INFO de.learnlib.util.Experiment - Query[ε|A M F J M K R M L / X Y V V V X - - -]
[main] INFO de.learnlib.util.Experiment - Starting round 62
[main] INFO de.learnlib.util.Experiment - Learning
[main] INFO de.learnlib.util.Experiment - Searching for counterexample
[main] INFO de.learnlib.util.Experiment - Query[ε|A L Q K O / X V V X X]
[main] INFO de.learnlib.util.Experiment - Starting round 63
[main] INFO de.learnlib.util.Experiment - Learning
[main] INFO de.learnlib.util.Experiment - Searching for counterexample
[main] INFO de.learnlib.util.Experiment - Query[ε|A P R I P E / X X X V Z -]
[main] INFO de.learnlib.util.Experiment - Starting round 64
[main] INFO de.learnlib.util.Experiment - Learning
[main] INFO de.learnlib.util.Experiment - Searching for counterexample
[main] INFO de.learnlib.util.Experiment - Query[ε|A L L N N A Q / X V X V V V X]
[main] INFO de.learnlib.util.Experiment - Starting round 65
[main] INFO de.learnlib.util.Experiment - Learning
[main] INFO de.learnlib.util.Experiment - Searching for counterexample
[main] INFO de.learnlib.util.Experiment - Query[ε|A L Q K G O R / X V V X Z Y X]
[main] INFO de.learnlib.util.Experiment - Starting round 66
[main] INFO de.learnlib.util.Experiment - Learning
[main] INFO de.learnlib.util.Experiment - Searching for counterexample
[main] INFO de.learnlib.util.Experiment - Query[ε|A L D J P A K / X V Z X V Y -]
[main] INFO de.learnlib.util.Experiment - Starting round 67
[main] INFO de.learnlib.util.Experiment - Learning
[main] INFO de.learnlib.util.Experiment - Searching for counterexample
[main] INFO de.learnlib.util.Experiment - Query[ε|P L B B R N / Z Y Y Z V Y]
[main] INFO de.learnlib.util.Experiment - Starting round 68
[main] INFO de.learnlib.util.Experiment - Learning
[main] INFO de.learnlib.util.Experiment - Searching for counterexample
[main] INFO de.learnlib.util.Experiment - Query[ε|P O N R F O / Z Z Z Z Z Y]
[main] INFO de.learnlib.util.Experiment - Starting round 69
[main] INFO de.learnlib.util.Experiment - Learning
[main] INFO de.learnlib.util.Experiment - Searching for counterexample
[main] INFO de.learnlib.util.Experiment - Query[ε|A M E B L / X Y V - -]
[main] INFO de.learnlib.util.Experiment - Starting round 70
[main] INFO de.learnlib.util.Experiment - Learning
[main] INFO de.learnlib.util.Experiment - Searching for counterexample
[main] INFO de.learnlib.util.Experiment - Query[ε|P L G K B G / Z Y Y Z X -]
[main] INFO de.learnlib.util.Experiment - Starting round 71
[main] INFO de.learnlib.util.Experiment - Learning
[main] INFO de.learnlib.util.Experiment - Searching for counterexample
[main] INFO de.learnlib.util.Experiment - Query[ε|A L D R F T G / X V Z Y Z X V]
[main] INFO de.learnlib.util.Experiment - Starting round 72
[main] INFO de.learnlib.util.Experiment - Learning
[main] INFO de.learnlib.util.Experiment - Searching for counterexample
[main] INFO de.learnlib.util.Experiment - Query[ε|P L I F C N / Z Y Z V Z X]
[main] INFO de.learnlib.util.Experiment - Starting round 73
[main] INFO de.learnlib.util.Experiment - Learning
[main] INFO de.learnlib.util.Experiment - Searching for counterexample
[main] INFO de.learnlib.util.Experiment - Query[ε|A L L Q R R F N / X V X Z Y V Z -]
[main] INFO de.learnlib.util.Experiment - Starting round 74
[main] INFO de.learnlib.util.Experiment - Learning
[main] INFO de.learnlib.util.Experiment - Searching for counterexample
[main] INFO de.learnlib.util.Experiment - Query[ε|A M E R M K L / X Y V X X - X]
[main] INFO de.learnlib.util.Experiment - Starting round 75
[main] INFO de.learnlib.util.Experiment - Learning
[main] INFO de.learnlib.util.Experiment - Searching for counterexample
[main] INFO de.learnlib.util.Experiment - Query[ε|Q T J B T J / Y Y V Y Z Z]
[main] INFO de.learnlib.util.Experiment - Starting round 76
[main] INFO de.learnlib.util.Experiment - Learning
[main] INFO de.learnlib.util.Experiment - Searching for counterexample
[main] INFO de.learnlib.util.Experiment - Query[ε|A M F C S P I / X Y V Z Z Y -]
[main] INFO de.learnlib.util.Experiment - Starting round 77
[main] INFO de.learnlib.util.Experiment - Learning
[main] INFO de.learnlib.util.Experiment - Searching for counterexample
[main] INFO de.learnlib.util.Experiment - Query[ε|A L L Q O L M / X V X Z Y X -]
[main] INFO de.learnlib.util.Experiment - Starting round 78
[main] INFO de.learnlib.util.Experiment - Learning
[main] INFO de.learnlib.util.Experiment - Searching for counterexample
[main] INFO de.learnlib.util.Experiment - Query[ε|P L N E N K / Z Y X Z Y -]
[main] INFO de.learnlib.util.Experiment - Starting round 79
[main] INFO de.learnlib.util.Experiment - Learning
[main] INFO de.learnlib.util.Experiment - Searching for counterexample
[main] INFO de.learnlib.util.Experiment - Query[ε|A L A P G I N / X V X X Z V -]
[main] INFO de.learnlib.util.Experiment - Starting round 80
[main] INFO de.learnlib.util.Experiment - Learning
[main] INFO de.learnlib.util.Experiment - Searching for counterexample
[main] INFO de.learnlib.util.Experiment - Query[ε|P L N E C L / Z Y X Z Y -]
[main] INFO de.learnlib.util.Experiment - Starting round 81
[main] INFO de.learnlib.util.Experiment - Learning
[main] INFO de.learnlib.util.Experiment - Searching for counterexample
[main] INFO de.learnlib.util.Experiment - Query[ε|P L G A G C L / Z Y Y V X X Y]
[main] INFO de.learnlib.util.Experiment - Starting round 82
[main] INFO de.learnlib.util.Experiment - Learning
[main] INFO de.learnlib.util.Experiment - Searching for counterexample
[main] INFO de.learnlib.util.Experiment - Query[ε|P L G K B M L / Z Y Y Z X Z -]
[main] INFO de.learnlib.util.Experiment - Starting round 83
[main] INFO de.learnlib.util.Experiment - Learning
[main] INFO de.learnlib.util.Experiment - Searching for counterexample
[main] INFO de.learnlib.util.Experiment - Query[ε|A L Q F Q K L / X V V Y Y X -]
[main] INFO de.learnlib.util.Experiment - Starting round 84
[main] INFO de.learnlib.util.Experiment - Learning
[main] INFO de.learnlib.util.Experiment - Searching for counterexample
[main] INFO de.learnlib.util.Experiment - Query[ε|A P R J Q I L / X X X Z V V -]
[main] INFO de.learnlib.util.Experiment - Starting round 85
[main] INFO de.learnlib.util.Experiment - Learning
[main] INFO de.learnlib.util.Experiment - Searching for counterexample
[main] INFO de.learnlib.util.Experiment - Query[ε|A R P M C L / X Z V - - -]
[main] INFO de.learnlib.util.Experiment - Starting round 86
[main] INFO de.learnlib.util.Experiment - Learning
[main] INFO de.learnlib.util.Experiment - Searching for counterexample
[main] INFO de.learnlib.util.Experiment - Query[ε|A R P F B Q / X Z V V X X]
[main] INFO de.learnlib.util.Experiment - Starting round 87
[main] INFO de.learnlib.util.Experiment - Learning
[main] INFO de.learnlib.util.Experiment - Searching for counterexample
[main] INFO de.learnlib.util.Experiment - Query[ε|P O N O I A L / Z Z Z Y V - -]
[main] INFO de.learnlib.util.Experiment - Starting round 88
[main] INFO de.learnlib.util.Experiment - Learning
[main] INFO de.learnlib.util.Experiment - Searching for counterexample
[main] INFO de.learnlib.util.Experiment - Query[ε|A L L G P A K / X V X Z Y V -]
[main] INFO de.learnlib.util.Experiment - Starting round 89
[main] INFO de.learnlib.util.Experiment - Learning
[main] INFO de.learnlib.util.Experiment - Searching for counterexample
[main] INFO de.learnlib.util.Experiment - Query[ε|A M F J M K A Q O / X Y V V V X Y Y -]
[main] INFO de.learnlib.util.Experiment - Starting round 90
[main] INFO de.learnlib.util.Experiment - Learning
[main] INFO de.learnlib.util.Experiment - Searching for counterexample
[main] INFO de.learnlib.util.Experiment - Query[ε|P L B M P M K F L / Z Y Y V X Z Y - -]
[main] INFO de.learnlib.util.Experiment - Starting round 91
[main] INFO de.learnlib.util.Experiment - Learning
[main] INFO de.learnlib.util.Experiment - Searching for counterexample
[main] INFO de.learnlib.util.Experiment - Query[ε|A R N L C S D / X Z V V V X -]
[main] INFO de.learnlib.util.Experiment - Starting round 92
[main] INFO de.learnlib.util.Experiment - Learning
[main] INFO de.learnlib.util.Experiment - Searching for counterexample
[main] INFO de.learnlib.util.Experiment - Query[ε|P L I L Q D / Z Y Z Z Y Y]
[main] INFO de.learnlib.util.Experiment - Starting round 93
[main] INFO de.learnlib.util.Experiment - Learning
[main] INFO de.learnlib.util.Experiment - Searching for counterexample
[main] INFO de.learnlib.util.Experiment - Query[ε|Q T J D T D C / Y Y V X Z X Y]
[main] INFO de.learnlib.util.Experiment - Starting round 94
[main] INFO de.learnlib.util.Experiment - Learning
[main] INFO de.learnlib.util.Experiment - Searching for counterexample
[main] INFO de.learnlib.util.Experiment - Query[ε|A L Q R P S / X V V Y Z -]
[main] INFO de.learnlib.util.Experiment - Starting round 95
[main] INFO de.learnlib.util.Experiment - Learning
[main] INFO de.learnlib.util.Experiment - Searching for counterexample
[main] INFO de.learnlib.util.Experiment - Query[ε|A L L G P A S E / X V X Z Y V Y X]
[main] INFO de.learnlib.util.Experiment - Starting round 96
[main] INFO de.learnlib.util.Experiment - Learning
[main] INFO de.learnlib.util.Experiment - Searching for counterexample
[main] INFO de.learnlib.util.Experiment - Query[ε|A L A I L E D L / X V X X Z V Y -]
[main] INFO de.learnlib.util.Experiment - Starting round 97
[main] INFO de.learnlib.util.Experiment - Learning
[main] INFO de.learnlib.util.Experiment - Searching for counterexample
[main] INFO de.learnlib.util.Experiment - Query[ε|P O N J D Q T / Z Z Z Y V Y Y]
[main] INFO de.learnlib.util.Experiment - Starting round 98
[main] INFO de.learnlib.util.Experiment - Learning
[main] INFO de.learnlib.util.Experiment - Searching for counterexample
[main] INFO de.learnlib.util.Experiment - Query[ε|A L Q K O S C K / X V V X X Z Y Z]
[main] INFO de.learnlib.util.Experiment - Starting round 99
[main] INFO de.learnlib.util.Experiment - Learning
[main] INFO de.learnlib.util.Experiment - Searching for counterexample
[main] INFO de.learnlib.util.Experiment - Query[ε|A L A L I D N K L / X V X Z X X Y - V]
[main] INFO de.learnlib.util.Experiment - Starting round 100
[main] INFO de.learnlib.util.Experiment - Learning
[main] INFO de.learnlib.util.Experiment - Searching for counterexample
[main] INFO de.learnlib.util.Experiment - Query[ε|A L Q F D J / X V V Y Z X]
[main] INFO de.learnlib.util.Experiment - Starting round 101
[main] INFO de.learnlib.util.Experiment - Learning
[main] INFO de.learnlib.util.Experiment - Searching for counterexample
[main] INFO de.learnlib.util.Experiment - Query[ε|A R P F B D / X Z V V X Y]
[main] INFO de.learnlib.util.Experiment - Starting round 102
[main] INFO de.learnlib.util.Experiment - Learning
[main] INFO de.learnlib.util.Experiment - Searching for counterexample
[main] INFO de.learnlib.util.Experiment - Query[ε|A L Q K G O R C J / X V V X Z Y X V -]
[main] INFO de.learnlib.util.Experiment - Starting round 103
[main] INFO de.learnlib.util.Experiment - Learning
[main] INFO de.learnlib.util.Experiment - Searching for counterexample
[main] INFO de.learnlib.util.Experiment - Query[ε|A M F C D C / X Y V Z Z -]
[main] INFO de.learnlib.util.Experiment - Starting round 104
[main] INFO de.learnlib.util.Experiment - Learning
[main] INFO de.learnlib.util.Experiment - Searching for counterexample
[main] INFO de.learnlib.util.Experiment - Query[ε|A M F C D A F / X Y V Z Z Y -]
[main] INFO de.learnlib.util.Experiment - Starting round 105
[main] INFO de.learnlib.util.Experiment - Learning
[main] INFO de.learnlib.util.Experiment - Searching for counterexample
[main] INFO de.learnlib.util.Experiment - Query[ε|A L A L Q I J / X V X Z X Z -]
[main] INFO de.learnlib.util.Experiment - Starting round 106
[main] INFO de.learnlib.util.Experiment - Learning
[main] INFO de.learnlib.util.Experiment - Searching for counterexample
[main] INFO de.learnlib.util.Experiment - Query[ε|A L A P S J / X V X X Y -]
[main] INFO de.learnlib.util.Experiment - Starting round 107
[main] INFO de.learnlib.util.Experiment - Learning
[main] INFO de.learnlib.util.Experiment - Searching for counterexample
[main] INFO de.learnlib.util.Experiment - Query[ε|A L A P S R J / X V X X Y Z -]
[main] INFO de.learnlib.util.Experiment - Starting round 108
[main] INFO de.learnlib.util.Experiment - Learning
[main] INFO de.learnlib.util.Experiment - Searching for counterexample
[main] INFO de.learnlib.util.Experiment - Query[ε|P L I F C L A / Z Y Z V Z X -]
[main] INFO de.learnlib.util.Experiment - Starting round 109
[main] INFO de.learnlib.util.Experiment - Learning
[main] INFO de.learnlib.util.Experiment - Searching for counterexample
[main] INFO de.learnlib.util.Experiment - Query[ε|A L A T T C B / X V X X V V Z]
[main] INFO de.learnlib.util.Experiment - Starting round 110
[main] INFO de.learnlib.util.Experiment - Learning
[main] INFO de.learnlib.util.Experiment - Searching for counterexample
[main] INFO de.learnlib.util.Experiment - Query[ε|A L Q K L G T / X V V X X V Z]
[main] INFO de.learnlib.util.Experiment - Starting round 111
[main] INFO de.learnlib.util.Experiment - Learning
[main] INFO de.learnlib.util.Experiment - Searching for counterexample
[main] INFO de.learnlib.util.Experiment - Query[ε|A M F O E S J / X Y V Z X X Y]
[main] INFO de.learnlib.util.Experiment - Starting round 112
[main] INFO de.learnlib.util.Experiment - Learning
[main] INFO de.learnlib.util.Experiment - Searching for counterexample
[main] INFO de.learnlib.util.Experiment - Query[ε|P L B E R J / Z Y Y Z X -]
[main] INFO de.learnlib.util.Experiment - Starting round 113
[main] INFO de.learnlib.util.Experiment - Learning
[main] INFO de.learnlib.util.Experiment - Searching for counterexample
[main] INFO de.learnlib.util.Experiment - Query[ε|A R N B L M L / X Z V V X Z -]
[main] INFO de.learnlib.util.Experiment - Starting round 114
[main] INFO de.learnlib.util.Experiment - Learning
[main] INFO de.learnlib.util.Experiment - Searching for counterexample
[main] INFO de.learnlib.util.Experiment - Query[ε|A R N B E D / X Z V V Z -]
[main] INFO de.learnlib.util.Experiment - Starting round 115
[main] INFO de.learnlib.util.Experiment - Learning
[main] INFO de.learnlib.util.Experiment - Searching for counterexample
[main] INFO de.learnlib.util.Experiment - Query[ε|A R P F R D / X Z V V X -]
[main] INFO de.learnlib.util.Experiment - Starting round 116
[main] INFO de.learnlib.util.Experiment - Learning
[main] INFO de.learnlib.util.Experiment - Searching for counterexample
[main] INFO de.learnlib.util.Experiment - Query[ε|A L Q K O S C I L / X V V X X Z Y Y V]
[main] INFO de.learnlib.util.Experiment - Starting round 117
[main] INFO de.learnlib.util.Experiment - Learning
[main] INFO de.learnlib.util.Experiment - Searching for counterexample
[main] INFO de.learnlib.util.Experiment - Query[ε|A R N F R A / X Z V Y Z -]
[main] INFO de.learnlib.util.Experiment - Starting round 118
[main] INFO de.learnlib.util.Experiment - Learning
[main] INFO de.learnlib.util.Experiment - Searching for counterexample
[main] INFO de.learnlib.util.Experiment - Query[ε|A L Q K G G J G / X V V X Z V Y -]
[main] INFO de.learnlib.util.Experiment - Starting round 119
[main] INFO de.learnlib.util.Experiment - Learning
[main] INFO de.learnlib.util.Experiment - Searching for counterexample
[main] INFO de.learnlib.util.Experiment - Query[ε|A L A T C N I C O / X V X X V V X Y -]
[main] INFO de.learnlib.util.Experiment - Starting round 120
[main] INFO de.learnlib.util.Experiment - Learning
[main] INFO de.learnlib.util.Experiment - Searching for counterexample
[main] INFO de.learnlib.util.Experiment - Query[ε|P O N R A J A / Z Z Z Z X V V]
[main] INFO de.learnlib.util.Experiment - Starting round 121
[main] INFO de.learnlib.util.Experiment - Learning
[main] INFO de.learnlib.util.Experiment - Searching for counterexample
[main] INFO de.learnlib.util.Experiment - Query[ε|A R N F P J D / X Z V Y Y Y -]
[main] INFO de.learnlib.util.Experiment - Starting round 122
[main] INFO de.learnlib.util.Experiment - Learning
[main] INFO de.learnlib.util.Experiment - Searching for counterexample
[main] INFO de.learnlib.util.Experiment - Query[ε|A L A I D P R D / X V X X Z V V Y]
[main] INFO de.learnlib.util.Experiment - Starting round 123
[main] INFO de.learnlib.util.Experiment - Learning
[main] INFO de.learnlib.util.Experiment - Searching for counterexample
[main] INFO de.learnlib.util.Experiment - Query[ε|A L A L I D S C C / X V X Z X X Y Y -]
[main] INFO de.learnlib.util.Experiment - Starting round 124
[main] INFO de.learnlib.util.Experiment - Learning
[main] INFO de.learnlib.util.Experiment - Searching for counterexample
[main] INFO de.learnlib.util.Experiment - Query[ε|P L I K B C O / Z Y Z Y X Y V]
[main] INFO de.learnlib.util.Experiment - Starting round 125
[main] INFO de.learnlib.util.Experiment - Learning
[main] INFO de.learnlib.util.Experiment - Searching for counterexample
[main] INFO de.learnlib.util.Experiment - Query[ε|A L Q F Q G D / X V V Y Y Y -]
[main] INFO de.learnlib.util.Experiment - Starting round 126
[main] INFO de.learnlib.util.Experiment - Learning
[main] INFO de.learnlib.util.Experiment - Searching for counterexample
[main] INFO de.learnlib.util.Experiment - Query[ε|A R P B R / X Z V V Y]
[main] INFO de.learnlib.util.Experiment - Starting round 127
[main] INFO de.learnlib.util.Experiment - Learning
[main] INFO de.learnlib.util.Experiment - Searching for counterexample
[main] INFO de.learnlib.util.Experiment - Query[ε|A R K S F C T / X Z X V Y Z -]
[main] INFO de.learnlib.util.Experiment - Starting round 128
[main] INFO de.learnlib.util.Experiment - Learning
[main] INFO de.learnlib.util.Experiment - Searching for counterexample
[main] INFO de.learnlib.util.Experiment - Query[ε|A R K E E L A / X Z X X Y Y -]
[main] INFO de.learnlib.util.Experiment - Starting round 129
[main] INFO de.learnlib.util.Experiment - Learning
[main] INFO de.learnlib.util.Experiment - Searching for counterexample
[main] INFO de.learnlib.util.Experiment - Query[ε|A R N B E C L / X Z V V Z Z -]
[main] INFO de.learnlib.util.Experiment - Starting round 130
[main] INFO de.learnlib.util.Experiment - Learning
[main] INFO de.learnlib.util.Experiment - Searching for counterexample
[main] INFO de.learnlib.util.Experiment - Query[ε|A R P F R I E / X Z V V X Y -]
[main] INFO de.learnlib.util.Experiment - Starting round 131
[main] INFO de.learnlib.util.Experiment - Learning
[main] INFO de.learnlib.util.Experiment - Searching for counterexample
[main] INFO de.learnlib.util.Experiment - Query[ε|A R P B N L / X Z V V Z Y]
[main] INFO de.learnlib.util.Experiment - Starting round 132
[main] INFO de.learnlib.util.Experiment - Learning
[main] INFO de.learnlib.util.Experiment - Searching for counterexample
[main] INFO de.learnlib.util.Experiment - Query[ε|A R P B N I K / X Z V V Z Y Y]
[main] INFO de.learnlib.util.Experiment - Starting round 133
[main] INFO de.learnlib.util.Experiment - Learning
[main] INFO de.learnlib.util.Experiment - Searching for counterexample
[main] INFO de.learnlib.util.Experiment - Query[ε|A L A L Q I I A / X V X Z X Z Y -]
[main] INFO de.learnlib.util.Experiment - Starting round 134
[main] INFO de.learnlib.util.Experiment - Learning
[main] INFO de.learnlib.util.Experiment - Searching for counterexample
[main] INFO de.learnlib.util.Experiment - Query[ε|A R N B E I S / X Z V V Z Y -]
[main] INFO de.learnlib.util.Experiment - Starting round 135
[main] INFO de.learnlib.util.Experiment - Learning
[main] INFO de.learnlib.util.Experiment - Searching for counterexample
[main] INFO de.learnlib.util.Experiment - Query[ε|P L I L Q I S / Z Y Z Z Y Y V]
[main] INFO de.learnlib.util.Experiment - Starting round 136
[main] INFO de.learnlib.util.Experiment - Learning
[main] INFO de.learnlib.util.Experiment - Searching for counterexample
[main] INFO de.learnlib.util.Experiment - Query[ε|A P R F I J / X X X Z Y -]
[main] INFO de.learnlib.util.Experiment - Starting round 137
[main] INFO de.learnlib.util.Experiment - Learning
[main] INFO de.learnlib.util.Experiment - Searching for counterexample
[main] INFO de.learnlib.util.Experiment - Query[ε|A L A P G P K A / X V X X Z Y V Y]
[main] INFO de.learnlib.util.Experiment - Starting round 138
[main] INFO de.learnlib.util.Experiment - Learning
[main] INFO de.learnlib.util.Experiment - Searching for counterexample
[main] INFO de.learnlib.util.Experiment - Query[ε|A L Q F Q I K A / X V V Y Y Z V -]
[main] INFO de.learnlib.util.Experiment - Starting round 139
[main] INFO de.learnlib.util.Experiment - Learning
[main] INFO de.learnlib.util.Experiment - Searching for counterexample
[main] INFO de.learnlib.util.Experiment - Query[ε|A L A I E K C G / X V X X V Y V -]
[main] INFO de.learnlib.util.Experiment - Starting round 140
[main] INFO de.learnlib.util.Experiment - Learning
[main] INFO de.learnlib.util.Experiment - Searching for counterexample
[main] INFO de.learnlib.util.Experiment - Query[ε|A L Q J K I L Q / X V V Z V Y V -]
[main] INFO de.learnlib.util.Experiment - Starting round 141
[main] INFO de.learnlib.util.Experiment - Learning
[main] INFO de.learnlib.util.Experiment - Searching for counterexample
[main] INFO de.learnlib.util.Experiment - Query[ε|P L B M B L J / Z Y Y V V V Y]
[main] INFO de.learnlib.util.Experiment - Starting round 142
[main] INFO de.learnlib.util.Experiment - Learning
[main] INFO de.learnlib.util.Experiment - Searching for counterexample
[main] INFO de.learnlib.util.Experiment - Query[ε|A L Q F C L F L R / X V V Y Z Y X V -]
[main] INFO de.learnlib.util.Experiment - Starting round 143
[main] INFO de.learnlib.util.Experiment - Learning
[main] INFO de.learnlib.util.Experiment - Searching for counterexample
[main] INFO de.learnlib.util.Experiment - Query[ε|A R P B R N K / X Z V V Y Z -]
[main] INFO de.learnlib.util.Experiment - Starting round 144
[main] INFO de.learnlib.util.Experiment - Learning
[main] INFO de.learnlib.util.Experiment - Searching for counterexample
[main] INFO de.learnlib.util.Experiment - Query[ε|A L Q K G O L A / X V V X Z Y V Z]
[main] INFO de.learnlib.util.Experiment - Starting round 145
[main] INFO de.learnlib.util.Experiment - Learning
[main] INFO de.learnlib.util.Experiment - Searching for counterexample
[main] INFO de.learnlib.util.Experiment - Query[ε|A L L Q O C L A / X V X Z Y X Y V]
[main] INFO de.learnlib.util.Experiment - Starting round 146
[main] INFO de.learnlib.util.Experiment - Learning
[main] INFO de.learnlib.util.Experiment - Searching for counterexample
[main] INFO de.learnlib.util.Experiment - Query[ε|A P R F L A / X X X Z V -]
[main] INFO de.learnlib.util.Experiment - Starting round 147
[main] INFO de.learnlib.util.Experiment - Learning
[main] INFO de.learnlib.util.Experiment - Searching for counterexample
[main] INFO de.learnlib.util.Experiment - Query[ε|A P R F L F L / X X X Z V Y -]
[main] INFO de.learnlib.util.Experiment - Starting round 148
[main] INFO de.learnlib.util.Experiment - Learning
[main] INFO de.learnlib.util.Experiment - Searching for counterexample
[main] INFO de.learnlib.util.Experiment - Query[ε|A P R F L R J / X X X Z V V Y]
[main] INFO de.learnlib.util.Experiment - Starting round 149
[main] INFO de.learnlib.util.Experiment - Learning
[main] INFO de.learnlib.util.Experiment - Searching for counterexample
[main] INFO de.learnlib.util.Experiment - Query[ε|A M F O C J J / X Y V Z X V -]
[main] INFO de.learnlib.util.Experiment - Starting round 150
[main] INFO de.learnlib.util.Experiment - Learning
[main] INFO de.learnlib.util.Experiment - Searching for counterexample
[main] INFO de.learnlib.util.Experiment - Query[ε|A L A P S D T / X V X X Y X -]
[main] INFO de.learnlib.util.Experiment - Starting round 151
[main] INFO de.learnlib.util.Experiment - Learning
[main] INFO de.learnlib.util.Experiment - Searching for counterexample
[main] INFO de.learnlib.util.Experiment - Query[ε|A L D D G D Q / X V Z V V V -]
[main] INFO de.learnlib.util.Experiment - Starting round 152
[main] INFO de.learnlib.util.Experiment - Learning
[main] INFO de.learnlib.util.Experiment - Searching for counterexample
[main] INFO de.learnlib.util.Experiment - Query[ε|A L D D K A J / X V Z V V Y Y]
[main] INFO de.learnlib.util.Experiment - Starting round 153
[main] INFO de.learnlib.util.Experiment - Learning
[main] INFO de.learnlib.util.Experiment - Searching for counterexample
[main] INFO de.learnlib.util.Experiment - Query[ε|A L A T T J D S / X V X X V X Y X]
[main] INFO de.learnlib.util.Experiment - Starting round 154
[main] INFO de.learnlib.util.Experiment - Learning
[main] INFO de.learnlib.util.Experiment - Searching for counterexample
[main] INFO de.learnlib.util.Experiment - Query[ε|A M E R M A S / X Y V X X Z -]
[main] INFO de.learnlib.util.Experiment - Starting round 155
[main] INFO de.learnlib.util.Experiment - Learning
[main] INFO de.learnlib.util.Experiment - Searching for counterexample
[main] INFO de.learnlib.util.Experiment - Query[ε|P L I L Q D J / Z Y Z Z Y Y V]
[main] INFO de.learnlib.util.Experiment - Starting round 156
[main] INFO de.learnlib.util.Experiment - Learning
[main] INFO de.learnlib.util.Experiment - Searching for counterexample
[main] INFO de.learnlib.util.Experiment - Query[ε|P L N E C D K / Z Y X Z Y Z X]
[main] INFO de.learnlib.util.Experiment - Starting round 157
[main] INFO de.learnlib.util.Experiment - Learning
[main] INFO de.learnlib.util.Experiment - Searching for counterexample
[main] INFO de.learnlib.util.Experiment - Query[ε|A L A I D P R D E / X V X X Z V V Y -]
[main] INFO de.learnlib.util.Experiment - Starting round 158
[main] INFO de.learnlib.util.Experiment - Learning
[main] INFO de.learnlib.util.Experiment - Searching for counterexample
[main] INFO de.learnlib.util.Experiment - Query[ε|P L G F R J K / Z Y Y Z X X X]
[main] INFO de.learnlib.util.Experiment - Starting round 159
[main] INFO de.learnlib.util.Experiment - Learning
[main] INFO de.learnlib.util.Experiment - Searching for counterexample
[main] INFO de.learnlib.util.Experiment - Query[ε|P O N O I D J / Z Z Z Y V Z -]
[main] INFO de.learnlib.util.Experiment - Starting round 160
[main] INFO de.learnlib.util.Experiment - Learning
[main] INFO de.learnlib.util.Experiment - Searching for counterexample
[main] INFO de.learnlib.util.Experiment - Query[ε|A P R J D M / X X X Z X Z]
[main] INFO de.learnlib.util.Experiment - Starting round 161
[main] INFO de.learnlib.util.Experiment - Learning
[main] INFO de.learnlib.util.Experiment - Searching for counterexample
[main] INFO de.learnlib.util.Experiment - Query[ε|A L D D G A T / X V Z V V V -]
[main] INFO de.learnlib.util.Experiment - Starting round 162
[main] INFO de.learnlib.util.Experiment - Learning
[main] INFO de.learnlib.util.Experiment - Searching for counterexample
[main] INFO de.learnlib.util.Experiment - Query[ε|A L L G T G A L / X V X Z V V Z -]
[main] INFO de.learnlib.util.Experiment - Starting round 163
[main] INFO de.learnlib.util.Experiment - Learning
[main] INFO de.learnlib.util.Experiment - Searching for counterexample
[main] INFO de.learnlib.util.Experiment - Query[ε|A L Q F D J S / X V V Y Z X -]
[main] INFO de.learnlib.util.Experiment - Starting round 164
[main] INFO de.learnlib.util.Experiment - Learning
[main] INFO de.learnlib.util.Experiment - Searching for counterexample
[main] INFO de.learnlib.util.Experiment - Query[ε|A L A T F R J A / X V X X X X Z -]
[main] INFO de.learnlib.util.Experiment - Starting round 165
[main] INFO de.learnlib.util.Experiment - Learning
[main] INFO de.learnlib.util.Experiment - Searching for counterexample
[main] INFO de.learnlib.util.Experiment - Query[ε|A L A T F R P J J / X V X X X X Y Y Z]
[main] INFO de.learnlib.util.Experiment - Starting round 166
[main] INFO de.learnlib.util.Experiment - Learning
[main] INFO de.learnlib.util.Experiment - Searching for counterexample
[main] INFO de.learnlib.util.Experiment - Query[ε|P L B B J L / Z Y Y Z Y -]
[main] INFO de.learnlib.util.Experiment - Starting round 167
[main] INFO de.learnlib.util.Experiment - Learning
[main] INFO de.learnlib.util.Experiment - Searching for counterexample
[main] INFO de.learnlib.util.Experiment - Query[ε|P L B M P J J / Z Y Y V X Z -]
[main] INFO de.learnlib.util.Experiment - Starting round 168
[main] INFO de.learnlib.util.Experiment - Learning
[main] INFO de.learnlib.util.Experiment - Searching for counterexample
[main] INFO de.learnlib.util.Experiment - Query[ε|P L B E I J E / Z Y Y Z V X Y]
[main] INFO de.learnlib.util.Experiment - Starting round 169
[main] INFO de.learnlib.util.Experiment - Learning
[main] INFO de.learnlib.util.Experiment - Searching for counterexample
[main] INFO de.learnlib.util.Experiment - Query[ε|Q T J B T J A / Y Y V Y Z Z -]
[main] INFO de.learnlib.util.Experiment - Starting round 170
[main] INFO de.learnlib.util.Experiment - Learning
[main] INFO de.learnlib.util.Experiment - Searching for counterexample
[main] INFO de.learnlib.util.Experiment - Query[ε|A L Q R D R J O / X V V Y V Z Y -]
[main] INFO de.learnlib.util.Experiment - Starting round 171
[main] INFO de.learnlib.util.Experiment - Learning
[main] INFO de.learnlib.util.Experiment - Searching for counterexample
[main] INFO de.learnlib.util.Experiment - Query[ε|A M F O O D / X Y V Z Y -]
[main] INFO de.learnlib.util.Experiment - Starting round 172
[main] INFO de.learnlib.util.Experiment - Learning
[main] INFO de.learnlib.util.Experiment - Searching for counterexample
[main] INFO de.learnlib.util.Experiment - Query[ε|P L B B J O G / Z Y Y Z Y X -]
[main] INFO de.learnlib.util.Experiment - Starting round 173
[main] INFO de.learnlib.util.Experiment - Learning
[main] INFO de.learnlib.util.Experiment - Searching for counterexample
[main] INFO de.learnlib.util.Experiment - Query[ε|A L D R F O O L / X V Z Y Z V Z -]
[main] INFO de.learnlib.util.Experiment - Starting round 174
[main] INFO de.learnlib.util.Experiment - Learning
[main] INFO de.learnlib.util.Experiment - Searching for counterexample
[main] INFO de.learnlib.util.Experiment - Query[ε|P O N J R R K / Z Z Z Y X X Z]
[main] INFO de.learnlib.util.Experiment - Starting round 175
[main] INFO de.learnlib.util.Experiment - Learning
[main] INFO de.learnlib.util.Experiment - Searching for counterexample
[main] INFO de.learnlib.util.Experiment - Query[ε|A R N I F O L / X Z V Y V X -]
[main] INFO de.learnlib.util.Experiment - Starting round 176
[main] INFO de.learnlib.util.Experiment - Learning
[main] INFO de.learnlib.util.Experiment - Searching for counterexample
[main] INFO de.learnlib.util.Experiment - Query[ε|A L Q F C L F O A / X V V Y Z Y X Z -]
[main] INFO de.learnlib.util.Experiment - Starting round 177
[main] INFO de.learnlib.util.Experiment - Learning
[main] INFO de.learnlib.util.Experiment - Searching for counterexample
[main] INFO de.learnlib.util.Experiment - Query[ε|A L Q R P Q P / X V V Y Z Z -]
[main] INFO de.learnlib.util.Experiment - Starting round 178
[main] INFO de.learnlib.util.Experiment - Learning
[main] INFO de.learnlib.util.Experiment - Searching for counterexample
[main] INFO de.learnlib.util.Experiment - Query[ε|A P R J Q T J / X X X Z V V -]
[main] INFO de.learnlib.util.Experiment - Starting round 179
[main] INFO de.learnlib.util.Experiment - Learning
[main] INFO de.learnlib.util.Experiment - Searching for counterexample
[main] INFO de.learnlib.util.Experiment - Query[ε|A L Q F D Q O / X V V Y Z X -]
[main] INFO de.learnlib.util.Experiment - Starting round 180
[main] INFO de.learnlib.util.Experiment - Learning
[main] INFO de.learnlib.util.Experiment - Searching for counterexample
[main] INFO de.learnlib.util.Experiment - Query[ε|A L Q F D Q A S / X V V Y Z X Y V]
[main] INFO de.learnlib.util.Experiment - Starting round 181
[main] INFO de.learnlib.util.Experiment - Learning
[main] INFO de.learnlib.util.Experiment - Searching for counterexample
[main] INFO de.learnlib.util.Experiment - Query[ε|A L L G P A Q B / X V X Z Y V Z Y]
[main] INFO de.learnlib.util.Experiment - Starting round 182
[main] INFO de.learnlib.util.Experiment - Learning
[main] INFO de.learnlib.util.Experiment - Searching for counterexample
[main] INFO de.learnlib.util.Experiment - Query[ε|A R N I F Q L / X Z V Y V Y X]
[main] INFO de.learnlib.util.Experiment - Starting round 183
[main] INFO de.learnlib.util.Experiment - Learning
[main] INFO de.learnlib.util.Experiment - Searching for counterexample
[main] INFO de.learnlib.util.Experiment - Query[ε|A M F O C R L / X Y V Z X Z -]
[main] INFO de.learnlib.util.Experiment - Starting round 184
[main] INFO de.learnlib.util.Experiment - Learning
[main] INFO de.learnlib.util.Experiment - Searching for counterexample
[main] INFO de.learnlib.util.Experiment - Query[ε|A M F O O R L / X Y V Z Y V -]
[main] INFO de.learnlib.util.Experiment - Starting round 185
[main] INFO de.learnlib.util.Experiment - Learning
[main] INFO de.learnlib.util.Experiment - Searching for counterexample
[main] INFO de.learnlib.util.Experiment - Query[ε|A L D J P E R E / X V Z X V X Y -]
[main] INFO de.learnlib.util.Experiment - Starting round 186
[main] INFO de.learnlib.util.Experiment - Learning
[main] INFO de.learnlib.util.Experiment - Searching for counterexample
[main] INFO de.learnlib.util.Experiment - Query[ε|A L D J P E R L E / X V Z X V X Y V V]
[main] INFO de.learnlib.util.Experiment - Starting round 187
[main] INFO de.learnlib.util.Experiment - Learning
[main] INFO de.learnlib.util.Experiment - Searching for counterexample
[main] INFO de.learnlib.util.Experiment - Query[ε|Q T J B T E R / Y Y V Y Z Z X]
[main] INFO de.learnlib.util.Experiment - Starting round 188
[main] INFO de.learnlib.util.Experiment - Learning
[main] INFO de.learnlib.util.Experiment - Searching for counterexample
[main] INFO de.learnlib.util.Experiment - Query[ε|P L I L Q G E / Z Y Z Z Y Y -]
[main] INFO de.learnlib.util.Experiment - Starting round 189
[main] INFO de.learnlib.util.Experiment - Learning
[main] INFO de.learnlib.util.Experiment - Searching for counterexample
[main] INFO de.learnlib.util.Experiment - Query[ε|P L B E I R E / Z Y Y Z V X Y]
[main] INFO de.learnlib.util.Experiment - Starting round 190
[main] INFO de.learnlib.util.Experiment - Learning
[main] INFO de.learnlib.util.Experiment - Searching for counterexample
[main] INFO de.learnlib.util.Experiment - Query[ε|A L A T F R M N K / X V X X X X Y Y Z]
[main] INFO de.learnlib.util.Experiment - Starting round 191
[main] INFO de.learnlib.util.Experiment - Learning
[main] INFO de.learnlib.util.Experiment - Searching for counterexample
[main] INFO de.learnlib.util.Experiment - Query[ε|P L I L D N R I / Z Y Z Z V X V Z]
[main] INFO de.learnlib.util.Experiment - Starting round 192
[main] INFO de.learnlib.util.Experiment - Learning
[main] INFO de.learnlib.util.Experiment - Searching for counterexample
[main] INFO de.learnlib.util.Experiment - Query[ε|A P R F P N N / X X X Z V X -]
[main] INFO de.learnlib.util.Experiment - Starting round 193
[main] INFO de.learnlib.util.Experiment - Learning
[main] INFO de.learnlib.util.Experiment - Searching for counterexample
[main] INFO de.learnlib.util.Experiment - Query[ε|A P R I F N Q / X X X V Y V Y]
[main] INFO de.learnlib.util.Experiment - Starting round 194
[main] INFO de.learnlib.util.Experiment - Learning
[main] INFO de.learnlib.util.Experiment - Searching for counterexample
[main] INFO de.learnlib.util.Experiment - Query[ε|A L D D G L N J / X V Z V V V V -]
[main] INFO de.learnlib.util.Experiment - Starting round 195
[main] INFO de.learnlib.util.Experiment - Learning
[main] INFO de.learnlib.util.Experiment - Searching for counterexample
[main] INFO de.learnlib.util.Experiment - Query[ε|A P R J N D / X X X Z V -]
[main] INFO de.learnlib.util.Experiment - Starting round 196
[main] INFO de.learnlib.util.Experiment - Learning
[main] INFO de.learnlib.util.Experiment - Searching for counterexample
[main] INFO de.learnlib.util.Experiment - Query[ε|A P R J N J L / X X X Z V X X]
[main] INFO de.learnlib.util.Experiment - Starting round 197
[main] INFO de.learnlib.util.Experiment - Learning
[main] INFO de.learnlib.util.Experiment - Searching for counterexample
[main] INFO de.learnlib.util.Experiment - Query[ε|A L A P S D F K / X V X X Y X Y V]
[main] INFO de.learnlib.util.Experiment - Starting round 198
[main] INFO de.learnlib.util.Experiment - Learning
[main] INFO de.learnlib.util.Experiment - Searching for counterexample
[main] INFO de.learnlib.util.Experiment - Query[ε|A L A T F R J F O / X V X X X X Z Y Y]
[main] INFO de.learnlib.util.Experiment - Starting round 199
[main] INFO de.learnlib.util.Experiment - Learning
[main] INFO de.learnlib.util.Experiment - Searching for counterexample
[main] INFO de.learnlib.util.Experiment - Query[ε|A L Q F Q I F T / X V V Y Y Z V -]
[main] INFO de.learnlib.util.Experiment - Starting round 200
[main] INFO de.learnlib.util.Experiment - Learning
[main] INFO de.learnlib.util.Experiment - Searching for counterexample
[main] INFO de.learnlib.util.Experiment - Query[ε|P O N O I F R / Z Z Z Y V X -]
[main] INFO de.learnlib.util.Experiment - Starting round 201
[main] INFO de.learnlib.util.Experiment - Learning
[main] INFO de.learnlib.util.Experiment - Searching for counterexample
[main] INFO de.learnlib.util.Experiment - Query[ε|P L B E P F J / Z Y Y Z Z X -]
[main] INFO de.learnlib.util.Experiment - Starting round 202
[main] INFO de.learnlib.util.Experiment - Learning
[main] INFO de.learnlib.util.Experiment - Searching for counterexample
[main] INFO de.learnlib.util.Experiment - Query[ε|A R N L C T A / X Z V V V X -]
[main] INFO de.learnlib.util.Experiment - Starting round 203
[main] INFO de.learnlib.util.Experiment - Learning
[main] INFO de.learnlib.util.Experiment - Searching for counterexample
[main] INFO de.learnlib.util.Experiment - Query[ε|A R P F B T O / X Z V V X X Y]
[main] INFO de.learnlib.util.Experiment - Starting round 204
[main] INFO de.learnlib.util.Experiment - Learning
[main] INFO de.learnlib.util.Experiment - Searching for counterexample
[main] INFO de.learnlib.util.Experiment - Query[ε|A P R J D M T / X X X Z X Z V]
[main] INFO de.learnlib.util.Experiment - Starting round 205
[main] INFO de.learnlib.util.Experiment - Learning
[main] INFO de.learnlib.util.Experiment - Searching for counterexample
[main] INFO de.learnlib.util.Experiment - Query[ε|A L D D K M M D / X V Z V V Y V Y]
[main] INFO de.learnlib.util.Experiment - Starting round 206
[main] INFO de.learnlib.util.Experiment - Learning
[main] INFO de.learnlib.util.Experiment - Searching for counterexample
[main] INFO de.learnlib.util.Experiment - Query[ε|A L Q J I S M A / X V V Z Y X Z V]
[main] INFO de.learnlib.util.Experiment - Starting round 207
[main] INFO de.learnlib.util.Experiment - Learning
[main] INFO de.learnlib.util.Experiment - Searching for counterexample
[main] INFO de.learnlib.util.Experiment - Query[ε|A L A P G P M K / X V X X Z Y V Y]
[main] INFO de.learnlib.util.Experiment - Starting round 208
[main] INFO de.learnlib.util.Experiment - Learning
[main] INFO de.learnlib.util.Experiment - Searching for counterexample
[main] INFO de.learnlib.util.Experiment - Query[ε|A L Q K G I M A / X V V X Z Y V -]
[main] INFO de.learnlib.util.Experiment - Starting round 209
[main] INFO de.learnlib.util.Experiment - Learning
[main] INFO de.learnlib.util.Experiment - Searching for counterexample
[main] INFO de.learnlib.util.Experiment - Query[ε|A M F O C G G / X Y V Z X X Y]
[main] INFO de.learnlib.util.Experiment - Starting round 210
[main] INFO de.learnlib.util.Experiment - Learning
[main] INFO de.learnlib.util.Experiment - Searching for counterexample
[main] INFO de.learnlib.util.Experiment - Query[ε|A M F J M E G D / X Y V V V V V Y]
[main] INFO de.learnlib.util.Experiment - Starting round 211
[main] INFO de.learnlib.util.Experiment - Learning
[main] INFO de.learnlib.util.Experiment - Searching for counterexample
[main] INFO de.learnlib.util.Experiment - Query[ε|A M F J M E G F E / X Y V V V V V Y X]
[main] INFO de.learnlib.util.Experiment - Starting round 212
[main] INFO de.learnlib.util.Experiment - Learning
[main] INFO de.learnlib.util.Experiment - Searching for counterexample
[main] INFO de.learnlib.util.Experiment - Query[ε|A L L G P G D / X V X Z Y X Z]
[main] INFO de.learnlib.util.Experiment - Starting round 213
[main] INFO de.learnlib.util.Experiment - Learning
[main] INFO de.learnlib.util.Experiment - Searching for counterexample
[main] INFO de.learnlib.util.Experiment - Query[ε|P L B M B G L / Z Y Y V V X -]
[main] INFO de.learnlib.util.Experiment - Starting round 214
[main] INFO de.learnlib.util.Experiment - Learning
[main] INFO de.learnlib.util.Experiment - Searching for counterexample
[main] INFO de.learnlib.util.Experiment - Query[ε|A L Q K L G R / X V V X X V Z]
[main] INFO de.learnlib.util.Experiment - Starting round 215
[main] INFO de.learnlib.util.Experiment - Learning
[main] INFO de.learnlib.util.Experiment - Searching for counterexample
[main] INFO de.learnlib.util.Experiment - Query[ε|A L Q K L G T J / X V V X X V Z Y]
[main] INFO de.learnlib.util.Experiment - Starting round 216
[main] INFO de.learnlib.util.Experiment - Learning
[main] INFO de.learnlib.util.Experiment - Searching for counterexample
[main] INFO de.learnlib.util.Experiment - Query[ε|A L Q K L G R K / X V V X X V Z -]
[main] INFO de.learnlib.util.Experiment - Starting round 217
[main] INFO de.learnlib.util.Experiment - Learning
[main] INFO de.learnlib.util.Experiment - Searching for counterexample
[main] INFO de.learnlib.util.Experiment - Query[ε|A M F J M G J / X Y V V V X -]
[main] INFO de.learnlib.util.Experiment - Starting round 218
[main] INFO de.learnlib.util.Experiment - Learning
[main] INFO de.learnlib.util.Experiment - Searching for counterexample
[main] INFO de.learnlib.util.Experiment - Query[ε|A R N L C E J / X Z V V V V -]
[main] INFO de.learnlib.util.Experiment - Starting round 219
[main] INFO de.learnlib.util.Experiment - Learning
[main] INFO de.learnlib.util.Experiment - Searching for counterexample
[main] INFO de.learnlib.util.Experiment - Query[ε|P L I F L E F / Z Y Z V X X Y]
[main] INFO de.learnlib.util.Experiment - Starting round 220
[main] INFO de.learnlib.util.Experiment - Learning
[main] INFO de.learnlib.util.Experiment - Searching for counterexample
[main] INFO de.learnlib.util.Experiment - Query[ε|A L A P S D E A / X V X X Y X Z X]
[main] INFO de.learnlib.util.Experiment - Starting round 221
[main] INFO de.learnlib.util.Experiment - Learning
[main] INFO de.learnlib.util.Experiment - Searching for counterexample
[main] INFO de.learnlib.util.Experiment - Query[ε|A L D J P E E P / X V Z X V X Y -]
[main] INFO de.learnlib.util.Experiment - Starting round 222
[main] INFO de.learnlib.util.Experiment - Learning
[main] INFO de.learnlib.util.Experiment - Searching for counterexample
[main] INFO de.learnlib.util.Experiment - Query[ε|P O N R E J / Z Z Z Z Y X]
[main] INFO de.learnlib.util.Experiment - Starting round 223
[main] INFO de.learnlib.util.Experiment - Learning
[main] INFO de.learnlib.util.Experiment - Searching for counterexample
[main] INFO de.learnlib.util.Experiment - Query[ε|A L Q J S T A O / X V V Z X Y Z -]
[main] INFO de.learnlib.util.Experiment - Starting round 224
[main] INFO de.learnlib.util.Experiment - Learning
[main] INFO de.learnlib.util.Experiment - Searching for counterexample
[main] INFO de.learnlib.util.Experiment - Query[ε|P O N R E J S / Z Z Z Z Y X -]
[main] INFO de.learnlib.util.Experiment - Starting round 225
[main] INFO de.learnlib.util.Experiment - Learning
[main] INFO de.learnlib.util.Experiment - Searching for counterexample
[main] INFO de.learnlib.util.Experiment - Query[ε|Q T J B T O J / Y Y V Y Z V -]
[main] INFO de.learnlib.util.Experiment - Starting round 226
[main] INFO de.learnlib.util.Experiment - Learning
[main] INFO de.learnlib.util.Experiment - Searching for counterexample
[main] INFO de.learnlib.util.Experiment - Query[ε|A P R I T G J / X X X V Z Z -]
[main] INFO de.learnlib.util.Experiment - Starting round 227
[main] INFO de.learnlib.util.Experiment - Learning
[main] INFO de.learnlib.util.Experiment - Searching for counterexample
[main] INFO de.learnlib.util.Experiment - Query[ε|A R P B R E D / X Z V V Y V -]
[main] INFO de.learnlib.util.Experiment - Starting round 228
[main] INFO de.learnlib.util.Experiment - Learning
[main] INFO de.learnlib.util.Experiment - Searching for counterexample
[main] INFO de.learnlib.util.Experiment - Query[ε|A M E R M A E A / X Y V X X Z V -]
[main] INFO de.learnlib.util.Experiment - Starting round 229
[main] INFO de.learnlib.util.Experiment - Learning
[main] INFO de.learnlib.util.Experiment - Searching for counterexample
[main] INFO de.learnlib.util.Experiment - Query[ε|A L Q R P P E L / X V V Y Z Z V V]
[main] INFO de.learnlib.util.Experiment - Starting round 230
[main] INFO de.learnlib.util.Experiment - Learning
[main] INFO de.learnlib.util.Experiment - Searching for counterexample
[main] INFO de.learnlib.util.Experiment - Query[ε|A P R F E L / X X X Z X -]
[main] INFO de.learnlib.util.Experiment - Starting round 231
[main] INFO de.learnlib.util.Experiment - Learning
[main] INFO de.learnlib.util.Experiment - Searching for counterexample
[main] INFO de.learnlib.util.Experiment - Query[ε|A L A T T L S I / X V X X V Z X -]
[main] INFO de.learnlib.util.Experiment - Starting round 232
[main] INFO de.learnlib.util.Experiment - Learning
[main] INFO de.learnlib.util.Experiment - Searching for counterexample
[main] INFO de.learnlib.util.Experiment - Query[ε|A L A T T L S D / X V X X V Z X -]
[main] INFO de.learnlib.util.Experiment - Starting round 233
[main] INFO de.learnlib.util.Experiment - Learning
[main] INFO de.learnlib.util.Experiment - Searching for counterexample
[main] INFO de.learnlib.util.Experiment - Query[ε|A L A P G P S E / X V X X Z Y Z X]
[main] INFO de.learnlib.util.Experiment - Starting round 234
[main] INFO de.learnlib.util.Experiment - Learning
[main] INFO de.learnlib.util.Experiment - Searching for counterexample
[main] INFO de.learnlib.util.Experiment - Query[ε|A R N B A S I / X Z V V X V Y]
[main] INFO de.learnlib.util.Experiment - Starting round 235
[main] INFO de.learnlib.util.Experiment - Learning
[main] INFO de.learnlib.util.Experiment - Searching for counterexample
[main] INFO de.learnlib.util.Experiment - Query[ε|A R N B A S D / X Z V V X V Y]
[main] INFO de.learnlib.util.Experiment - Starting round 236
[main] INFO de.learnlib.util.Experiment - Learning
[main] INFO de.learnlib.util.Experiment - Searching for counterexample
[main] INFO de.learnlib.util.Experiment - Query[ε|A R P B R S P / X Z V V Y Z -]
[main] INFO de.learnlib.util.Experiment - Starting round 237
[main] INFO de.learnlib.util.Experiment - Learning
[main] INFO de.learnlib.util.Experiment - Searching for counterexample
[main] INFO de.learnlib.util.Experiment - Query[ε|A L Q R P P S A / X V V Y Z Z Z -]
[main] INFO de.learnlib.util.Experiment - Starting round 238
[main] INFO de.learnlib.util.Experiment - Learning
[main] INFO de.learnlib.util.Experiment - Searching for counterexample
[main] INFO de.learnlib.util.Experiment - Query[ε|A L D D K A B D / X V Z V V Y V -]
[main] INFO de.learnlib.util.Experiment - Starting round 239
[main] INFO de.learnlib.util.Experiment - Learning
[main] INFO de.learnlib.util.Experiment - Searching for counterexample
[main] INFO de.learnlib.util.Experiment - Query[ε|A L A T T C B D / X V X X V V Z -]
[main] INFO de.learnlib.util.Experiment - Starting round 240
[main] INFO de.learnlib.util.Experiment - Learning
[main] INFO de.learnlib.util.Experiment - Searching for counterexample
[main] INFO de.learnlib.util.Experiment - Query[ε|A L L Q B J / X V X Z V -]
[main] INFO de.learnlib.util.Experiment - Starting round 241
[main] INFO de.learnlib.util.Experiment - Learning
[main] INFO de.learnlib.util.Experiment - Searching for counterexample
[main] INFO de.learnlib.util.Experiment - Query[ε|A L L Q B F L / X V X Z V Y X]
[main] INFO de.learnlib.util.Experiment - Starting round 242
[main] INFO de.learnlib.util.Experiment - Learning
[main] INFO de.learnlib.util.Experiment - Searching for counterexample
[main] INFO de.learnlib.util.Experiment - Query[ε|A L L Q B F Q J / X V X Z V Y X V]
[main] INFO de.learnlib.util.Experiment - Starting round 243
[main] INFO de.learnlib.util.Experiment - Learning
[main] INFO de.learnlib.util.Experiment - Searching for counterexample
[main] INFO de.learnlib.util.Experiment - Query[ε|A L L Q B F L J / X V X Z V Y X -]
[main] INFO de.learnlib.util.Experiment - Starting round 244
[main] INFO de.learnlib.util.Experiment - Learning
[main] INFO de.learnlib.util.Experiment - Searching for counterexample
[main] INFO de.learnlib.util.Experiment - Query[ε|A L L Q B F A J / X V X Z V Y Y -]
[main] INFO de.learnlib.util.Experiment - Starting round 245
[main] INFO de.learnlib.util.Experiment - Learning
[main] INFO de.learnlib.util.Experiment - Searching for counterexample
[main] INFO de.learnlib.util.Experiment - Query[ε|A R N F N C B L / X Z V Y X Z Y V]
[main] INFO de.learnlib.util.Experiment - Starting round 246
[main] INFO de.learnlib.util.Experiment - Learning
[main] INFO de.learnlib.util.Experiment - Searching for counterexample
[main] INFO de.learnlib.util.Experiment - Query[ε|P L B E P B E / Z Y Y Z Z Y Z]
[main] INFO de.learnlib.util.Experiment - Starting round 247
[main] INFO de.learnlib.util.Experiment - Learning
[main] INFO de.learnlib.util.Experiment - Searching for counterexample
[main] INFO de.learnlib.util.Experiment - Query[ε|A L D J P E E B G / X V Z X V X Y Z V]
[main] INFO de.learnlib.util.Experiment - Starting round 248
[main] INFO de.learnlib.util.Experiment - Learning
[main] INFO de.learnlib.util.Experiment - Searching for counterexample
[main] INFO de.learnlib.util.Experiment - Query[ε|A L D D G D B L / X V Z V V V V -]
[main] INFO de.learnlib.util.Experiment - Starting round 249
[main] INFO de.learnlib.util.Experiment - Learning
[main] INFO de.learnlib.util.Experiment - Searching for counterexample
[main] INFO nl.utwente.fmt.rers.TimeOutEQOracle - Timeout reached.
[main] INFO nl.utwente.fmt.rers.TimeOutEQOracle - Not using counter example!
[main] INFO nl.utwente.fmt.rers.TimeOutEQOracle - Useless equivalence queries: 723877
[main] INFO nl.utwente.fmt.rers.TimeOutEQOracle - Useless equivalence symbols: 6068491
[main] INFO nl.utwente.fmt.rers.TimeOutEQOracle - Real useless queries: 723877
[main] INFO nl.utwente.fmt.rers.TimeOutEQOracle - Real useless symbols: 6068491
[main] INFO nl.utwente.fmt.rers.Main - final states: 603
[main] INFO de.learnlib.api.logging.LoggingPropertyOracle - Property violated: '(false R (!(letter == "O") || (false R (!(letter == "E") || (true U (letter == "Z"))))))'
[main] INFO de.learnlib.api.logging.LoggingPropertyOracle - Counter example for property: Query[ε|A L L Q O C L I O L K C I K O D J O N J R R E R E R E R E R E R E R E R E R E R E R E R E R E R E R E R E R E / X V X Z Y X Y Y V Y Z Y Z Y Y Y V Z Z Y X X V X V X V X V X V X V X V X V X V X V X V X V X V X V X V X V X V]
slurmd[ctit009]: *** STEP 206009.0 CANCELLED AT 2018-10-01T12:40:05 DUE TO TIME LIMIT ***
