[main] INFO nl.utwente.fmt.rers.Main - hostname: ctit022.ewi.utwente.nl
[main] INFO nl.utwente.fmt.rers.Main - commandline is: -c -t3600 -m40.0 -u20 8 ExtensibleLStar -B -D
[main] INFO nl.utwente.fmt.rers.Main - multiplier is: 40.0
[main] INFO nl.utwente.fmt.rers.Main - minimum unfolds is : 20
[main] INFO nl.utwente.fmt.rers.RERSExperiment - Parsed formula #0: (false R (!(letter == "U") || ((!(((letter == "Y") && !(letter == "R")) && X (!(letter == "R") U ((letter == "V") && !(letter == "R")))) U ((letter == "R") || (letter == "A"))) || (false R !((letter == "Y") && X (true U (letter == "V")))))))
[main] INFO nl.utwente.fmt.rers.RERSExperiment - Parsed formula #1: (false R (!(((letter == "S") && !(letter == "K")) && (true U (letter == "K"))) || (!(letter == "Y") U ((letter == "F") || (letter == "K")))))
[main] INFO nl.utwente.fmt.rers.RERSExperiment - Parsed formula #2: (false R (!(letter == "P") || (false R (!(letter == "F") || (true U (letter == "Q"))))))
[main] INFO nl.utwente.fmt.rers.RERSExperiment - Parsed formula #3: (false R (!(((letter == "A") && !(letter == "I")) && (true U (letter == "I"))) || (!(letter == "R") U ((letter == "M") || (letter == "I")))))
[main] INFO nl.utwente.fmt.rers.RERSExperiment - Parsed formula #4: (false R (!(letter == "E") || (true U (letter == "Z"))))
[main] INFO nl.utwente.fmt.rers.RERSExperiment - Parsed formula #5: ((false R !(letter == "S")) || (!(letter == "S") U ((letter == "S") && (!(true U (letter == "W")) || (!(letter == "W") U (((letter == "Q") && !(letter == "W")) && X (!(letter == "W") U (letter == "A"))))))))
[main] INFO nl.utwente.fmt.rers.RERSExperiment - Parsed formula #6: (false R (!((letter == "I") && (true U (letter == "T"))) || ((!(letter == "K") || (!(letter == "T") U ((((letter == "X") && !(letter == "T")) && !(letter == "U")) && X ((!(letter == "T") && !(letter == "U")) U (letter == "Z"))))) U (letter == "T"))))
[main] INFO nl.utwente.fmt.rers.RERSExperiment - Parsed formula #7: (false R (!(letter == "R") || ((!(((letter == "T") && !(letter == "M")) && X (!(letter == "M") U ((letter == "V") && !(letter == "M")))) U ((letter == "M") || (letter == "C"))) || (false R !((letter == "T") && X (true U (letter == "V")))))))
[main] INFO nl.utwente.fmt.rers.RERSExperiment - Parsed formula #8: (!(true U (letter == "Y")) || ((!(letter == "N") || (!(letter == "Y") U ((((letter == "R") && !(letter == "Y")) && !(letter == "V")) && X ((!(letter == "Y") && !(letter == "V")) U (letter == "S"))))) U (letter == "Y")))
[main] INFO nl.utwente.fmt.rers.RERSExperiment - Parsed formula #9: (false R (!((letter == "O") && (true U (letter == "K"))) || (!(((letter == "V") && !(letter == "K")) && X (!(letter == "K") U ((letter == "Q") && !(letter == "K")))) U ((letter == "K") || (letter == "B")))))
[main] INFO nl.utwente.fmt.rers.RERSExperiment - Parsed formula #10: (!(true U (letter == "L")) || ((!(letter == "D") || (!(letter == "L") U ((letter == "Y") && !(letter == "L")))) U (letter == "L")))
[main] INFO nl.utwente.fmt.rers.RERSExperiment - Parsed formula #11: (false R (!(letter == "Y") || (false R (!(letter == "F") || (true U (letter == "Q"))))))
[main] INFO nl.utwente.fmt.rers.RERSExperiment - Parsed formula #12: (!(true U (letter == "O")) || ((!(letter == "G") || (!(letter == "O") U ((((letter == "X") && !(letter == "O")) && !(letter == "W")) && X ((!(letter == "O") && !(letter == "W")) U (letter == "R"))))) U (letter == "O")))
[main] INFO nl.utwente.fmt.rers.RERSExperiment - Parsed formula #13: (!(true U (letter == "C")) || ((!(letter == "D") || (!(letter == "C") U ((((letter == "X") && !(letter == "C")) && !(letter == "T")) && X ((!(letter == "C") && !(letter == "T")) U (letter == "U"))))) U (letter == "C")))
[main] INFO nl.utwente.fmt.rers.RERSExperiment - Parsed formula #14: (!(true U (letter == "F")) || ((!(letter == "A") || (!(letter == "F") U (((letter == "T") && !(letter == "F")) && X (!(letter == "F") U (letter == "U"))))) U (letter == "F")))
[main] INFO nl.utwente.fmt.rers.RERSExperiment - Parsed formula #15: (false R ((letter == "W") && (!!(letter == "O") || (!(letter == "Y") W ((letter == "E") || (letter == "O"))))))
[main] INFO nl.utwente.fmt.rers.RERSExperiment - Parsed formula #16: (false R (!(letter == "B") || (false R (!(letter == "O") || (true U (letter == "S"))))))
[main] INFO nl.utwente.fmt.rers.RERSExperiment - Parsed formula #17: (!(true U ((letter == "Q") && X (true U (letter == "S")))) || (!(letter == "Q") U (letter == "I")))
[main] INFO nl.utwente.fmt.rers.RERSExperiment - Parsed formula #18: (false R (!((letter == "I") && (true U (letter == "K"))) || (!(letter == "S") U ((letter == "K") || (((letter == "W") && !(letter == "S")) && X (!(letter == "S") U (letter == "X")))))))
[main] INFO nl.utwente.fmt.rers.RERSExperiment - Parsed formula #19: (!(true U (letter == "G")) || ((!(letter == "A") || (!(letter == "G") U (((letter == "R") && !(letter == "G")) && X (!(letter == "G") U (letter == "S"))))) U (letter == "G")))
[main] INFO nl.utwente.fmt.rers.RERSExperiment - Parsed formula #20: (!(true U (letter == "L")) || (((letter == "I") && (!X (!(letter == "L") U (letter == "H")) || X (!(letter == "L") U ((letter == "H") && (true U (letter == "V")))))) U (letter == "L")))
[main] INFO nl.utwente.fmt.rers.RERSExperiment - Parsed formula #21: (false R (!(letter == "L") || (true U (((letter == "V") && !(letter == "Z")) && X (!(letter == "Z") U (letter == "R"))))))
[main] INFO nl.utwente.fmt.rers.RERSExperiment - Parsed formula #22: (false R (!((letter == "Y") && (true U (letter == "U"))) || (!(letter == "Z") U ((letter == "U") || (((letter == "O") && !(letter == "Z")) && X (!(letter == "Z") U (letter == "R")))))))
[main] INFO nl.utwente.fmt.rers.RERSExperiment - Parsed formula #23: (false R (!(letter == "K") || (((letter == "G") && (!X (!(letter == "L") U (letter == "I")) || X (!(letter == "L") U ((letter == "I") && (true U (letter == "Y")))))) U ((letter == "L") || (false R ((letter == "G") && (!X (!(letter == "L") U (letter == "I")) || X (!(letter == "L") U ((letter == "I") && (true U (letter == "Y")))))))))))
[main] INFO nl.utwente.fmt.rers.RERSExperiment - Parsed formula #24: (!(true U (letter == "E")) || ((!(letter == "F") || (!(letter == "E") U (((letter == "Y") && !(letter == "E")) && X (!(letter == "E") U (letter == "Q"))))) U (letter == "E")))
[main] INFO nl.utwente.fmt.rers.RERSExperiment - Parsed formula #25: (false R (!(letter == "F") || ((!(letter == "N") || (!(letter == "D") U ((((letter == "P") && !(letter == "D")) && !(letter == "T")) && X ((!(letter == "D") && !(letter == "T")) U (letter == "W"))))) U ((letter == "D") || (false R (!(letter == "N") || (((letter == "P") && !(letter == "T")) && X (!(letter == "T") U (letter == "W")))))))))
[main] INFO nl.utwente.fmt.rers.RERSExperiment - Parsed formula #26: (!(true U (letter == "D")) || ((!(letter == "G") || (!(letter == "D") U (((letter == "P") && !(letter == "D")) && X (!(letter == "D") U (letter == "S"))))) U (letter == "D")))
[main] INFO nl.utwente.fmt.rers.RERSExperiment - Parsed formula #27: (!(letter == "U") W (letter == "E"))
[main] INFO nl.utwente.fmt.rers.RERSExperiment - Parsed formula #28: (false R (!(letter == "H") || ((!(letter == "D") || (!(letter == "C") U (((letter == "Y") && !(letter == "C")) && X (!(letter == "C") U (letter == "S"))))) U ((letter == "C") || (false R (!(letter == "D") || ((letter == "Y") && X (true U (letter == "S")))))))))
[main] INFO nl.utwente.fmt.rers.RERSExperiment - Parsed formula #29: (!(true U ((letter == "S") && X (true U (letter == "X")))) || (!(letter == "S") U (letter == "Z")))
[main] INFO nl.utwente.fmt.rers.RERSExperiment - Parsed formula #30: (false R (!((letter == "L") && (true U (letter == "E"))) || ((!(letter == "B") || (!(letter == "E") U ((((letter == "W") && !(letter == "E")) && !(letter == "S")) && X ((!(letter == "E") && !(letter == "S")) U (letter == "Z"))))) U (letter == "E"))))
[main] INFO nl.utwente.fmt.rers.RERSExperiment - Parsed formula #31: (false R (!((letter == "I") && (true U (letter == "J"))) || (!(letter == "P") U ((letter == "J") || (((letter == "S") && !(letter == "P")) && X (!(letter == "P") U (letter == "M")))))))
[main] INFO nl.utwente.fmt.rers.RERSExperiment - Parsed formula #32: (false R (!(letter == "F") || (true U ((letter == "P") && X (true U (letter == "S"))))))
[main] INFO nl.utwente.fmt.rers.RERSExperiment - Parsed formula #33: (false R (!(letter == "B") || (false R (!(letter == "F") || (((letter == "V") && !(letter == "Y")) && X (!(letter == "Y") U (letter == "P")))))))
[main] INFO nl.utwente.fmt.rers.RERSExperiment - Parsed formula #34: (!(true U ((letter == "X") && X (true U (letter == "P")))) || (!(letter == "X") U (letter == "V")))
[main] INFO nl.utwente.fmt.rers.RERSExperiment - Parsed formula #35: ((false R !(letter == "Y")) || (!(letter == "Y") U ((letter == "Y") && (!(true U ((letter == "Q") && X (true U (letter == "V")))) || (!(letter == "Q") U (letter == "D"))))))
[main] INFO nl.utwente.fmt.rers.RERSExperiment - Parsed formula #36: (false R (!(letter == "W") || (!(true U (letter == "X")) || (!(letter == "X") U ((letter == "R") || (((letter == "N") && !(letter == "X")) && X (!(letter == "X") U (letter == "A"))))))))
[main] INFO nl.utwente.fmt.rers.RERSExperiment - Parsed formula #37: (false R (!(letter == "D") || (true U ((letter == "Z") && X (true U (letter == "V"))))))
[main] INFO nl.utwente.fmt.rers.RERSExperiment - Parsed formula #38: (false R ((letter == "T") && (!!(letter == "Y") || (!(letter == "Z") W ((letter == "A") || (letter == "Y"))))))
[main] INFO nl.utwente.fmt.rers.RERSExperiment - Parsed formula #39: (false R (!((letter == "L") && (true U (letter == "U"))) || (!(letter == "P") U ((letter == "U") || (((letter == "Q") && !(letter == "P")) && X (!(letter == "P") U (letter == "Y")))))))
[main] INFO nl.utwente.fmt.rers.RERSExperiment - Parsed formula #40: (false R (!(letter == "W") || (false R (!(letter == "O") || ((letter == "Z") && X (true U (letter == "T")))))))
[main] INFO nl.utwente.fmt.rers.RERSExperiment - Parsed formula #41: (false R (!(letter == "U") || (false R (!(letter == "H") || (true U (letter == "P"))))))
[main] INFO nl.utwente.fmt.rers.RERSExperiment - Parsed formula #42: (false R (!(letter == "V") || (((letter == "J") && (!X (!(letter == "H") U (letter == "A")) || X (!(letter == "H") U ((letter == "A") && (true U (letter == "P")))))) U ((letter == "H") || (false R ((letter == "J") && (!X (!(letter == "H") U (letter == "A")) || X (!(letter == "H") U ((letter == "A") && (true U (letter == "P")))))))))))
[main] INFO nl.utwente.fmt.rers.RERSExperiment - Parsed formula #43: (!(letter == "S") W (letter == "R"))
[main] INFO nl.utwente.fmt.rers.RERSExperiment - Parsed formula #44: (false R (!(letter == "Z") || (false R (!(letter == "E") || (((letter == "R") && !(letter == "X")) && X (!(letter == "X") U (letter == "Q")))))))
[main] INFO nl.utwente.fmt.rers.RERSExperiment - Parsed formula #45: (!(true U (letter == "F")) || (!(letter == "W") U ((letter == "F") || (((letter == "L") && !(letter == "W")) && X (!(letter == "W") U (letter == "X"))))))
[main] INFO nl.utwente.fmt.rers.RERSExperiment - Parsed formula #46: (false R (!(letter == "N") || (true U (letter == "Y"))))
[main] INFO nl.utwente.fmt.rers.RERSExperiment - Parsed formula #47: (false R (!(letter == "V") || (false R (!(letter == "H") || ((letter == "P") && X (true U (letter == "R")))))))
[main] INFO nl.utwente.fmt.rers.RERSExperiment - Parsed formula #48: (false R ((letter == "A") && (!X (true U (letter == "E")) || X (true U ((letter == "E") && (true U (letter == "P")))))))
[main] INFO nl.utwente.fmt.rers.RERSExperiment - Parsed formula #49: (false R (!((letter == "L") && (true U (letter == "U"))) || (!(((letter == "S") && !(letter == "U")) && X (!(letter == "U") U ((letter == "W") && !(letter == "U")))) U ((letter == "U") || (letter == "K")))))
[main] INFO nl.utwente.fmt.rers.RERSExperiment - Parsed formula #50: ((false R !(letter == "Q")) || (!(letter == "Q") U ((letter == "Q") && (!(true U ((letter == "R") && X (true U (letter == "S")))) || (!(letter == "R") U (letter == "X"))))))
[main] INFO nl.utwente.fmt.rers.RERSExperiment - Parsed formula #51: (false R ((letter == "N") && (!!(letter == "Q") || (!(letter == "V") W ((letter == "I") || (letter == "Q"))))))
[main] INFO nl.utwente.fmt.rers.RERSExperiment - Parsed formula #52: (false R (!(letter == "J") || (true U (letter == "V"))))
[main] INFO nl.utwente.fmt.rers.RERSExperiment - Parsed formula #53: (!(true U (letter == "M")) || ((!(letter == "I") || (!(letter == "M") U ((letter == "R") && !(letter == "M")))) U (letter == "M")))
[main] INFO nl.utwente.fmt.rers.RERSExperiment - Parsed formula #54: (!(true U (letter == "C")) || ((!(letter == "D") || (!(letter == "C") U ((letter == "P") && !(letter == "C")))) U (letter == "C")))
[main] INFO nl.utwente.fmt.rers.RERSExperiment - Parsed formula #55: (false R (!(((letter == "H") && !(letter == "I")) && (true U (letter == "I"))) || (!(letter == "Y") U ((letter == "B") || (letter == "I")))))
[main] INFO nl.utwente.fmt.rers.RERSExperiment - Parsed formula #56: (false R (!((letter == "M") && (true U (letter == "N"))) || ((!(letter == "A") || (!(letter == "N") U ((((letter == "R") && !(letter == "N")) && !(letter == "T")) && X ((!(letter == "N") && !(letter == "T")) U (letter == "X"))))) U (letter == "N"))))
[main] INFO nl.utwente.fmt.rers.RERSExperiment - Parsed formula #57: (false R (!((letter == "F") && (true U (letter == "B"))) || (!(letter == "P") U ((letter == "B") || (((letter == "S") && !(letter == "P")) && X (!(letter == "P") U (letter == "H")))))))
[main] INFO nl.utwente.fmt.rers.RERSExperiment - Parsed formula #58: (!(true U (letter == "D")) || (((letter == "G") && (!X (!(letter == "D") U (letter == "C")) || X (!(letter == "D") U ((letter == "C") && (true U (letter == "T")))))) U (letter == "D")))
[main] INFO nl.utwente.fmt.rers.RERSExperiment - Parsed formula #59: (!(letter == "P") W (letter == "A"))
[main] INFO nl.utwente.fmt.rers.RERSExperiment - Parsed formula #60: (false R (!(letter == "E") || (false R (!(letter == "F") || (((letter == "R") && !(letter == "W")) && X (!(letter == "W") U (letter == "V")))))))
[main] INFO nl.utwente.fmt.rers.RERSExperiment - Parsed formula #61: (false R (!((letter == "C") && (true U (letter == "N"))) || ((!(letter == "E") || (!(letter == "N") U (((letter == "S") && !(letter == "N")) && X (!(letter == "N") U (letter == "R"))))) U (letter == "N"))))
[main] INFO nl.utwente.fmt.rers.RERSExperiment - Parsed formula #62: (!(true U (letter == "C")) || (!(((letter == "S") && !(letter == "C")) && X (!(letter == "C") U ((letter == "R") && !(letter == "C")))) U ((letter == "C") || (letter == "F"))))
[main] INFO nl.utwente.fmt.rers.RERSExperiment - Parsed formula #63: (false R (!(letter == "A") || (true U ((letter == "U") && X (true U (letter == "T"))))))
[main] INFO nl.utwente.fmt.rers.RERSExperiment - Parsed formula #64: (false R (!(letter == "U") || (false R (!(letter == "N") || (((letter == "X") && !(letter == "S")) && X (!(letter == "S") U (letter == "V")))))))
[main] INFO nl.utwente.fmt.rers.RERSExperiment - Parsed formula #65: (false R ((letter == "J") && (!X (true U (letter == "M")) || X (true U ((letter == "M") && (true U (letter == "P")))))))
[main] INFO nl.utwente.fmt.rers.RERSExperiment - Parsed formula #66: (false R (!(letter == "C") || (true U ((letter == "U") && X (true U (letter == "S"))))))
[main] INFO nl.utwente.fmt.rers.RERSExperiment - Parsed formula #67: (!(true U (letter == "D")) || (((letter == "M") && (!X (!(letter == "D") U (letter == "H")) || X (!(letter == "D") U ((letter == "H") && (true U (letter == "S")))))) U (letter == "D")))
[main] INFO nl.utwente.fmt.rers.RERSExperiment - Parsed formula #68: ((false R !(letter == "K")) || (!(letter == "K") U ((letter == "K") && (!(true U (letter == "W")) || (!(letter == "W") U (((letter == "T") && !(letter == "W")) && X (!(letter == "W") U (letter == "Y"))))))))
[main] INFO nl.utwente.fmt.rers.RERSExperiment - Parsed formula #69: (false R (!(letter == "P") || (false R ((letter == "A") && (!X (true U (letter == "N")) || X (!(letter == "N") U ((letter == "N") && (true U (letter == "Z")))))))))
[main] INFO nl.utwente.fmt.rers.RERSExperiment - Parsed formula #70: (false R (!((letter == "L") && (true U (letter == "U"))) || (!(letter == "R") U ((letter == "U") || (((letter == "V") && !(letter == "R")) && X (!(letter == "R") U (letter == "F")))))))
[main] INFO nl.utwente.fmt.rers.RERSExperiment - Parsed formula #71: (false R (!((letter == "P") && (true U (letter == "O"))) || (!(letter == "R") U ((letter == "O") || (((letter == "C") && !(letter == "R")) && X (!(letter == "R") U (letter == "N")))))))
[main] INFO nl.utwente.fmt.rers.RERSExperiment - Parsed formula #72: (false R (!((letter == "P") && (true U (letter == "W"))) || (!(((letter == "T") && !(letter == "W")) && X (!(letter == "W") U ((letter == "Z") && !(letter == "W")))) U ((letter == "W") || (letter == "R")))))
[main] INFO nl.utwente.fmt.rers.RERSExperiment - Parsed formula #73: (false R (!((letter == "O") && (true U (letter == "E"))) || ((!(letter == "J") || (!(letter == "E") U ((((letter == "P") && !(letter == "E")) && !(letter == "Z")) && X ((!(letter == "E") && !(letter == "Z")) U (letter == "T"))))) U (letter == "E"))))
[main] INFO nl.utwente.fmt.rers.RERSExperiment - Parsed formula #74: (!(true U (letter == "X")) || (!(((letter == "W") && !(letter == "X")) && X (!(letter == "X") U ((letter == "Q") && !(letter == "X")))) U ((letter == "X") || (letter == "T"))))
[main] INFO nl.utwente.fmt.rers.RERSExperiment - Parsed formula #75: (false R ((letter == "F") && (!!(letter == "K") || (!(letter == "X") W ((letter == "L") || (letter == "K"))))))
[main] INFO nl.utwente.fmt.rers.RERSExperiment - Parsed formula #76: (false R (!(letter == "S") || (((letter == "M") && (!X (!(letter == "G") U (letter == "F")) || X (!(letter == "G") U ((letter == "F") && (true U (letter == "W")))))) U ((letter == "G") || (false R ((letter == "M") && (!X (!(letter == "G") U (letter == "F")) || X (!(letter == "G") U ((letter == "F") && (true U (letter == "W")))))))))))
[main] INFO nl.utwente.fmt.rers.RERSExperiment - Parsed formula #77: (!(letter == "R") W (letter == "E"))
[main] INFO nl.utwente.fmt.rers.RERSExperiment - Parsed formula #78: (false R (!(letter == "O") || ((!(letter == "K") || (!(letter == "W") U (((letter == "V") && !(letter == "W")) && X (!(letter == "W") U (letter == "U"))))) U ((letter == "W") || (false R (!(letter == "K") || ((letter == "V") && X (true U (letter == "U")))))))))
[main] INFO nl.utwente.fmt.rers.RERSExperiment - Parsed formula #79: (!(true U (letter == "A")) || (((letter == "L") && (!X (!(letter == "A") U (letter == "J")) || X (!(letter == "A") U ((letter == "J") && (true U (letter == "X")))))) U (letter == "A")))
[main] INFO nl.utwente.fmt.rers.RERSExperiment - Parsed formula #80: (false R (!(letter == "U") || (false R ((letter == "H") && (!X (true U (letter == "N")) || X (!(letter == "N") U ((letter == "N") && (true U (letter == "S")))))))))
[main] INFO nl.utwente.fmt.rers.RERSExperiment - Parsed formula #81: (false R (!(letter == "Q") || (!(true U (letter == "Z")) || (!(letter == "Z") U ((letter == "X") || (((letter == "H") && !(letter == "Z")) && X (!(letter == "Z") U (letter == "U"))))))))
[main] INFO nl.utwente.fmt.rers.RERSExperiment - Parsed formula #82: (!(true U (letter == "T")) || (!(letter == "T") U (((letter == "G") && !(letter == "T")) && X (!(letter == "T") U (letter == "V")))))
[main] INFO nl.utwente.fmt.rers.RERSExperiment - Parsed formula #83: (false R (!(((letter == "X") && !(letter == "T")) && (true U (letter == "T"))) || (!(letter == "Y") U ((letter == "V") || (letter == "T")))))
[main] INFO nl.utwente.fmt.rers.RERSExperiment - Parsed formula #84: (false R (!(letter == "O") || (true U (letter == "R"))))
[main] INFO nl.utwente.fmt.rers.RERSExperiment - Parsed formula #85: (false R ((letter == "R") && (!!(letter == "O") || (!(letter == "Q") W ((letter == "N") || (letter == "O"))))))
[main] INFO nl.utwente.fmt.rers.RERSExperiment - Parsed formula #86: (false R (!(letter == "J") || ((!(letter == "A") || (!(letter == "B") U ((((letter == "R") && !(letter == "B")) && !(letter == "W")) && X ((!(letter == "B") && !(letter == "W")) U (letter == "V"))))) U ((letter == "B") || (false R (!(letter == "A") || (((letter == "R") && !(letter == "W")) && X (!(letter == "W") U (letter == "V")))))))))
[main] INFO nl.utwente.fmt.rers.RERSExperiment - Parsed formula #87: (!(true U (letter == "T")) || ((!(letter == "H") || (!(letter == "T") U ((((letter == "W") && !(letter == "T")) && !(letter == "Y")) && X ((!(letter == "T") && !(letter == "Y")) U (letter == "R"))))) U (letter == "T")))
[main] INFO nl.utwente.fmt.rers.RERSExperiment - Parsed formula #88: (false R (!(((letter == "Y") && !(letter == "W")) && (true U (letter == "W"))) || ((!(letter == "H") || (!(letter == "W") U ((letter == "S") && !(letter == "W")))) U (letter == "W"))))
[main] INFO nl.utwente.fmt.rers.RERSExperiment - Parsed formula #89: (false R (!(letter == "B") || ((!(((letter == "V") && !(letter == "J")) && X (!(letter == "J") U ((letter == "W") && !(letter == "J")))) U ((letter == "J") || (letter == "Y"))) || (false R !((letter == "V") && X (true U (letter == "W")))))))
[main] INFO nl.utwente.fmt.rers.RERSExperiment - Parsed formula #90: (false R (!(letter == "X") || (false R (!(letter == "K") || (((letter == "P") && !(letter == "Y")) && X (!(letter == "Y") U (letter == "W")))))))
[main] INFO nl.utwente.fmt.rers.RERSExperiment - Parsed formula #91: (false R (!((letter == "N") && (true U (letter == "X"))) || (!(letter == "Y") U ((letter == "X") || (((letter == "F") && !(letter == "Y")) && X (!(letter == "Y") U (letter == "S")))))))
[main] INFO nl.utwente.fmt.rers.RERSExperiment - Parsed formula #92: (false R (!(((letter == "E") && !(letter == "P")) && (true U (letter == "P"))) || (!(letter == "R") U ((letter == "G") || (letter == "P")))))
[main] INFO nl.utwente.fmt.rers.RERSExperiment - Parsed formula #93: ((false R !(letter == "U")) || (!(letter == "U") U ((letter == "U") && (!(true U (letter == "Y")) || (!(letter == "Y") U (((letter == "N") && !(letter == "Y")) && X (!(letter == "Y") U (letter == "J"))))))))
[main] INFO nl.utwente.fmt.rers.RERSExperiment - Parsed formula #94: (!(true U (letter == "A")) || (!(letter == "U") U ((letter == "S") || (letter == "A"))))
[main] INFO nl.utwente.fmt.rers.RERSExperiment - Parsed formula #95: (false R ((letter == "N") && (!X (true U (letter == "L")) || X (true U ((letter == "L") && (true U (letter == "W")))))))
[main] INFO nl.utwente.fmt.rers.RERSExperiment - Parsed formula #96: (!(true U (letter == "U")) || ((!(letter == "C") || (!(letter == "U") U ((((letter == "R") && !(letter == "U")) && !(letter == "V")) && X ((!(letter == "U") && !(letter == "V")) U (letter == "W"))))) U (letter == "U")))
[main] INFO nl.utwente.fmt.rers.RERSExperiment - Parsed formula #97: (false R (!((letter == "L") && (true U (letter == "G"))) || (!(((letter == "W") && !(letter == "G")) && X (!(letter == "G") U ((letter == "Y") && !(letter == "G")))) U ((letter == "G") || (letter == "Q")))))
[main] INFO nl.utwente.fmt.rers.RERSExperiment - Parsed formula #98: (false R (!(letter == "C") || (true U (((letter == "T") && !(letter == "V")) && X (!(letter == "V") U (letter == "Y"))))))
[main] INFO nl.utwente.fmt.rers.RERSExperiment - Parsed formula #99: (false R ((letter == "G") && (!!(letter == "C") || (!(letter == "Y") W ((letter == "B") || (letter == "C"))))))
[main] INFO de.learnlib.util.Experiment - Starting round 1
[main] INFO de.learnlib.util.Experiment - Learning
[main] INFO de.learnlib.util.Experiment - Searching for counterexample
slurmd[ctit022]: *** STEP 205978.0 CANCELLED AT 2018-10-01T11:01:35 DUE TO TIME LIMIT ***
